[0;34m========================================[0m
[0;34m M4 Max Docker Startup Script v1.0[0m
[0;34m Nautilus Trading Platform[0m
[0;34m========================================[0m
Started at: Sun Aug 24 08:26:24 CEST 2025

Usage: ./start-m4max-optimized.sh [options]
Options:
  --skip-hardware-check    Skip M4 Max hardware validation
  --no-thermal-monitor     Disable thermal monitoring
  --fast-start            Skip delays between phases
  --validate-only         Only run validation checks
  --help                  Show this help message
[0;34m========================================[0m
[0;34m M4 Max Docker Startup Script v1.0[0m
[0;34m Nautilus Trading Platform[0m
[0;34m========================================[0m
Started at: Sun Aug 24 08:26:30 CEST 2025

[0;34m[08:26:30][0m Validating M4 Max optimized deployment...
[0;34m[08:26:30][0m Container status check:
[0;31m[08:26:30] âœ—[0m   nautilus-analytics-engine: 16
[0;31m[08:26:30] âœ—[0m   nautilus-backend: backend
[0;31m[08:26:30] âœ—[0m   nautilus-engine: tâ€¦"
[0;31m[08:26:30] âœ—[0m   nautilus-factor-engine: 12
[0;31m[08:26:30] âœ—[0m   nautilus-features-engine: 13
[0;31m[08:26:30] âœ—[0m   nautilus-frontend: hours
[0;31m[08:26:30] âœ—[0m   nautilus-grafana: hours
[0;31m[08:26:30] âœ—[0m   nautilus-marketdata-engine: 13
[0;31m[08:26:30] âœ—[0m   nautilus-ml-engine: 13
[0;31m[08:26:30] âœ—[0m   nautilus-nginx: hours
[0;31m[08:26:30] âœ—[0m   nautilus-portfolio-engine: 13
[0;31m[08:26:30] âœ—[0m   nautilus-postgres: hours
[0;31m[08:26:30] âœ—[0m   nautilus-prometheus: 20
[0;31m[08:26:30] âœ—[0m   nautilus-redis: hours
[0;31m[08:26:30] âœ—[0m   nautilus-risk-engine: 2
[0;31m[08:26:30] âœ—[0m   nautilus-strategy-engine: 13
[0;31m[08:26:30] âœ—[0m   nautilus-websocket-engine: 13
[0;34m[08:26:30][0m Health endpoint validation:
[1;33m[08:26:31] âš [0m   //localhost:8001/health:Backend API: Not responding
[1;33m[08:26:31] âš [0m   //localhost:8100/health:Analytics Engine: Not responding
[1;33m[08:26:31] âš [0m   //localhost:8200/health:Risk Engine: Not responding
[1;33m[08:26:31] âš [0m   //localhost:8300/health:Factor Engine: Not responding
[1;33m[08:26:31] âš [0m   //localhost:8400/health:ML Engine: Not responding
[1;33m[08:26:31] âš [0m   //localhost:8500/health:Features Engine: Not responding
[1;33m[08:26:31] âš [0m   //localhost:8600/health:WebSocket Engine: Not responding
[1;33m[08:26:31] âš [0m   //localhost:8700/health:Strategy Engine: Not responding
[1;33m[08:26:31] âš [0m   //localhost:8800/health:MarketData Engine: Not responding
[1;33m[08:26:31] âš [0m   //localhost:8900/health:Portfolio Engine: Not responding
[0;34m[08:26:31][0m Resource utilization:
CONTAINER      CPU %     MEM USAGE / LIMIT
e3fc233606fe   0.16%     43.95MiB / 1GiB
fc0062b9683e   0.00%     2.672MiB / 15.11GiB
4b42ec68081c   0.32%     69.38MiB / 8GiB
bda35a9c118f   0.20%     69.46MiB / 15.11GiB
0cd07e3ebf88   0.31%     45.8MiB / 8GiB
ed021bb4cae8   0.25%     38.29MiB / 2GiB
1acc1eaa79e0   0.27%     38.32MiB / 2GiB
006e7eb879d9   0.27%     45.28MiB / 3GiB
9f055c23eef8   0.23%     69.01MiB / 4GiB
08f659ebac15   0.24%     42.8MiB / 6GiB
e99bcc3b5d49   0.23%     44.99MiB / 4GiB
3a282d4fca23   8.52%     161.3MiB / 15.11GiB
330f9a6a106b   0.83%     124.7MiB / 15.11GiB
7f810e214665   0.00%     70.41MiB / 15.11GiB
ad39124cb7df   0.52%     288.8MiB / 15.11GiB
12e7bec661ae   0.02%     142.9MiB / 15.11GiB
15c08da912c2   0.78%     12.38MiB / 15.11GiB
c31d88702126   0.00%     3.594MiB / 15.11GiB
b996fa9fdb3d   0.05%     279MiB / 15.11GiB

[1;33m[08:26:33] âš [0m Deployment completed with 27 issues out of 17 services
[0;34m[08:26:33][0m Check logs for failed services: docker-compose logs [service_name]
[0;34m========================================[0m
[0;34m M4 Max Docker Startup Script v1.0[0m
[0;34m Nautilus Trading Platform[0m
[0;34m========================================[0m
Started at: Sun Aug 24 08:26:48 CEST 2025

[0;34m[08:26:48][0m Detecting hardware specifications...
[0;32m[08:26:49] âœ“[0m M4 Max chip detected
[0;32m[08:26:49] âœ“[0m CPU Cores: 14 total (10 P-cores + 4 E-cores)
[0;32m[08:26:49] âœ“[0m Memory: 36GB
[0;34m[08:26:49][0m Checking Docker configuration...
[0;32m[08:26:49] âœ“[0m Docker daemon running
[0;34m[08:26:49][0m Docker resources: 14 CPUs, unknown memory
[0;32m[08:26:49] âœ“[0m docker-compose available
[0;34m[08:26:49][0m Cleaning up existing containers...
[0;34m[08:26:49][0m Stopping existing containers...
 Container nautilus-websocket-engine  Stopping
 Container nautilus-portfolio-engine  Stopping
 Container nautilus-grafana  Stopping
 Container nautilus-nginx  Stopping
 Container nautilus-analytics-engine  Stopping
 Container nautilus-factor-engine  Stopping
 Container nautilus-features-engine  Stopping
 Container nautilus-ml-engine  Stopping
 Container nautilus-marketdata-engine  Stopping
 Container nautilus-risk-engine  Stopping
 Container nautilus-strategy-engine  Stopping
 Container nautilus-nginx  Stopped
 Container nautilus-nginx  Removing
 Container nautilus-grafana  Stopped
 Container nautilus-grafana  Removing
 Container nautilus-nginx  Removed
 Container nautilus-frontend  Stopping
 Container nautilus-grafana  Removed
 Container nautilus-prometheus  Stopping
 Container nautilus-ml-engine  Stopped
 Container nautilus-ml-engine  Removing
 Container nautilus-ml-engine  Removed
 Container nautilus-risk-engine  Stopped
 Container nautilus-risk-engine  Removing
 Container nautilus-risk-engine  Removed
 Container nautilus-websocket-engine  Stopped
 Container nautilus-websocket-engine  Removing
 Container nautilus-websocket-engine  Removed
 Container nautilus-portfolio-engine  Stopped
 Container nautilus-portfolio-engine  Removing
 Container nautilus-portfolio-engine  Removed
 Container nautilus-analytics-engine  Stopped
 Container nautilus-analytics-engine  Removing
 Container nautilus-analytics-engine  Removed
 Container nautilus-features-engine  Stopped
 Container nautilus-features-engine  Removing
 Container nautilus-features-engine  Removed
 Container nautilus-strategy-engine  Stopped
 Container nautilus-strategy-engine  Removing
 Container nautilus-strategy-engine  Removed
 Container nautilus-marketdata-engine  Stopped
 Container nautilus-marketdata-engine  Removing
 Container nautilus-marketdata-engine  Removed
 Container nautilus-prometheus  Stopped
 Container nautilus-prometheus  Removing
 Container nautilus-prometheus  Removed
 Container nautilus-frontend  Stopped
 Container nautilus-frontend  Removing
 Container nautilus-frontend  Removed
 Container nautilus-backend  Stopping
 Container nautilus-factor-engine  Stopped
 Container nautilus-factor-engine  Removing
 Container nautilus-factor-engine  Removed
 Container nautilus-backend  Stopped
 Container nautilus-backend  Removing
 Container nautilus-backend  Removed
 Container nautilus-postgres  Stopping
 Container nautilus-redis  Stopping
 Container nautilus-postgres  Stopped
 Container nautilus-postgres  Removing
 Container nautilus-redis  Stopped
 Container nautilus-redis  Removing
 Container nautilus-postgres  Removed
 Container nautilus-redis  Removed
 Network nautilus_nautilus-network  Removing
 Network nautilus_nautilus-network  Resource is still in use
[0;32m[08:26:52] âœ“[0m Cleanup completed
[0;34m[08:26:52][0m Phase 1: Starting infrastructure services...
 Network nautilus_nautilus-network  Removed
Error response from daemon: error while removing network: network nautilus_nautilus-network has active endpoints (name:"nautilus-engine" id:"9fb1ba30cf9f")
[0;34m[08:26:52][0m Waiting for nautilus-postgres to be healthy...
[0;34m[08:27:13][0m Still waiting for nautilus-postgres... (20s/60s)
[0;34m[08:27:34][0m Still waiting for nautilus-postgres... (40s/60s)
[0;34m[08:27:54][0m Still waiting for nautilus-postgres... (60s/60s)
[1;33m[08:27:54] âš [0m nautilus-postgres health check timeout
 Network nautilus_nautilus-network  Removed
Error response from daemon: error while removing network: network nautilus_nautilus-network has active endpoints (name:"nautilus-engine" id:"9fb1ba30cf9f")
Error response from daemon: No such container: nautilus-redis
[0;31m[08:28:05] âœ—[0m Redis not responding
[0;31m[08:28:05] âœ—[0m Phase 1 failed - Infrastructure services
[0;34m========================================[0m
[0;34m M4 Max Docker Startup Script v1.0[0m
[0;34m Nautilus Trading Platform[0m
[0;34m========================================[0m
Started at: Sun Aug 24 08:28:48 CEST 2025

[0;34m[08:28:48][0m Detecting hardware specifications...
[0;32m[08:28:48] âœ“[0m M4 Max chip detected
[0;32m[08:28:48] âœ“[0m CPU Cores: 14 total (10 P-cores + 4 E-cores)
[0;32m[08:28:48] âœ“[0m Memory: 36GB
[0;34m[08:28:48][0m Checking Docker configuration...
[0;32m[08:28:48] âœ“[0m Docker daemon running
[0;34m[08:28:49][0m Docker resources: 14 CPUs, unknown memory
[0;32m[08:28:49] âœ“[0m docker-compose available
[0;34m[08:28:49][0m Cleaning up existing containers...
[0;34m[08:28:49][0m Stopping existing containers...
[0;32m[08:28:49] âœ“[0m Cleanup completed
[0;34m[08:28:49][0m Phase 1: Starting infrastructure services...
 Network nautilus_nautilus-network  Creating
 Network nautilus_nautilus-network  Created
 Container nautilus-postgres  Creating
 Container nautilus-postgres  Created
 Container nautilus-postgres  Starting
 Container nautilus-postgres  Started
[0;34m[08:28:49][0m Waiting for nautilus-postgres to be healthy...
[0;34m[08:29:09][0m Still waiting for nautilus-postgres... (20s/60s)
[0;34m[08:29:30][0m Still waiting for nautilus-postgres... (40s/60s)
[0;34m[08:29:50][0m Still waiting for nautilus-postgres... (60s/60s)
[1;33m[08:29:50] âš [0m nautilus-postgres health check timeout
 Container nautilus-redis  Creating
 Container nautilus-redis  Created
 Container nautilus-redis  Starting
 Container nautilus-redis  Started
[0;32m[08:30:01] âœ“[0m Redis is responding
[0;32m[08:30:01] âœ“[0m Phase 1 completed - Infrastructure services ready
[0;34m[08:30:01][0m Phase 2: Starting core application services...
 Container nautilus-redis  Running
 Container nautilus-postgres  Running
 Container nautilus-backend  Creating
 Container nautilus-backend  Created
 Container nautilus-backend  Starting
 Container nautilus-backend  Started
[0;32m[08:30:16] âœ“[0m Backend API is responding
 Container nautilus-prometheus  Creating
 Container nautilus-prometheus  Created
 Container nautilus-grafana  Creating
 Container nautilus-grafana  Created
 Container nautilus-prometheus  Starting
 Container nautilus-prometheus  Started
 Container nautilus-grafana  Starting
 Container nautilus-grafana  Started
[0;32m[08:30:16] âœ“[0m Phase 2 completed - Core services ready
[0;34m[08:30:16][0m Phase 3: Starting processing engines (M4 Max optimized)...
[0;34m[08:30:16][0m Starting risk-engine...
 risk-engine Pulling 
 risk-engine Warning pull access denied for nautilus-risk-engine, repository does not exist or may require 'docker login'
#1 [internal] load local bake definitions
#1 reading from stdin 629B done
#1 DONE 0.0s

#2 [internal] load build definition from Dockerfile
#2 transferring dockerfile: 2.27kB done
#2 DONE 0.0s

#3 [internal] load metadata for docker.io/library/python:3.13-slim-bookworm
#3 DONE 0.8s

#4 [internal] load .dockerignore
#4 transferring context: 208B done
#4 DONE 0.0s

#5 [ 1/19] FROM docker.io/library/python:3.13-slim-bookworm@sha256:9b8102b7b3a61db24fe58f335b526173e5aeaaf7d13b2fbfb514e20f84f5e386
#5 resolve docker.io/library/python:3.13-slim-bookworm@sha256:9b8102b7b3a61db24fe58f335b526173e5aeaaf7d13b2fbfb514e20f84f5e386 done
#5 DONE 0.0s

#6 [internal] load build context
#6 transferring context: 521.16kB done
#6 DONE 0.0s

#7 [ 2/19] WORKDIR /app
#7 CACHED

#8 [ 3/19] RUN apt-get update && apt-get install -y     gcc     g++     libblas-dev     liblapack-dev     libatlas-base-dev     gfortran     pkg-config     curl     && rm -rf /var/lib/apt/lists/*
#8 CACHED

#9 [ 4/19] COPY requirements.txt .
#9 DONE 0.0s

#10 [ 5/19] RUN pip install --no-cache-dir --upgrade pip &&     pip install --no-cache-dir -r requirements.txt
#10 0.833 Requirement already satisfied: pip in /usr/local/lib/python3.13/site-packages (25.2)
#10 0.947 WARNING: Running pip as the 'root' user can result in broken permissions and conflicting behaviour with the system package manager, possibly rendering your system unusable. It is recommended to use a virtual environment instead: https://pip.pypa.io/warnings/venv. Use the --root-user-action option if you know what you are doing and want to suppress this warning.
#10 1.512 Collecting fastapi>=0.104.0 (from -r requirements.txt (line 3))
#10 1.601   Downloading fastapi-0.116.1-py3-none-any.whl.metadata (28 kB)
#10 1.649 Collecting uvicorn>=0.24.0 (from uvicorn[standard]>=0.24.0->-r requirements.txt (line 4))
#10 1.668   Downloading uvicorn-0.35.0-py3-none-any.whl.metadata (6.5 kB)
#10 1.785 Collecting pydantic>=2.5.0 (from -r requirements.txt (line 5))
#10 1.804   Downloading pydantic-2.11.7-py3-none-any.whl.metadata (67 kB)
#10 1.954 Collecting numpy>=1.24.0 (from -r requirements.txt (line 8))
#10 1.974   Downloading numpy-2.3.2-cp313-cp313-manylinux_2_27_aarch64.manylinux_2_28_aarch64.whl.metadata (62 kB)
#10 2.053 Collecting scipy>=1.11.0 (from -r requirements.txt (line 9))
#10 2.071   Downloading scipy-1.16.1-cp313-cp313-manylinux2014_aarch64.manylinux_2_17_aarch64.whl.metadata (61 kB)
#10 2.155 Collecting pandas>=2.1.0 (from -r requirements.txt (line 10))
#10 2.177   Downloading pandas-2.3.2-cp313-cp313-manylinux_2_17_aarch64.manylinux2014_aarch64.whl.metadata (91 kB)
#10 2.253 Collecting scikit-learn>=1.3.0 (from -r requirements.txt (line 13))
#10 2.272   Downloading scikit_learn-1.7.1-cp313-cp313-manylinux_2_27_aarch64.manylinux_2_28_aarch64.whl.metadata (11 kB)
#10 2.313 Collecting statsmodels>=0.14.0 (from -r requirements.txt (line 14))
#10 2.333   Downloading statsmodels-0.14.5-cp313-cp313-manylinux2014_aarch64.manylinux_2_17_aarch64.manylinux_2_28_aarch64.whl.metadata (9.5 kB)
#10 2.373 Collecting asyncpg>=0.29.0 (from -r requirements.txt (line 17))
#10 2.393   Downloading asyncpg-0.30.0-cp313-cp313-manylinux_2_17_aarch64.manylinux2014_aarch64.whl.metadata (5.0 kB)
#10 2.554 Collecting sqlalchemy>=2.0.0 (from -r requirements.txt (line 18))
#10 2.575   Downloading sqlalchemy-2.0.43-cp313-cp313-manylinux_2_17_aarch64.manylinux2014_aarch64.whl.metadata (9.6 kB)
#10 2.602 Collecting alembic>=1.12.0 (from -r requirements.txt (line 19))
#10 2.621   Downloading alembic-1.16.4-py3-none-any.whl.metadata (7.3 kB)
#10 2.651 Collecting redis>=5.0.0 (from -r requirements.txt (line 22))
#10 2.671   Downloading redis-6.4.0-py3-none-any.whl.metadata (10 kB)
#10 2.696 Collecting aioredis>=2.0.0 (from -r requirements.txt (line 23))
#10 2.717   Downloading aioredis-2.0.1-py3-none-any.whl.metadata (15 kB)
#10 2.745 Collecting httpx>=0.25.0 (from -r requirements.txt (line 26))
#10 2.765   Downloading httpx-0.28.1-py3-none-any.whl.metadata (7.1 kB)
#10 2.813 Collecting psutil>=5.9.0 (from -r requirements.txt (line 29))
#10 2.835   Downloading psutil-7.0.0-cp36-abi3-manylinux_2_17_aarch64.manylinux2014_aarch64.whl.metadata (22 kB)
#10 2.862 Collecting prometheus-client>=0.19.0 (from -r requirements.txt (line 30))
#10 2.881   Downloading prometheus_client-0.22.1-py3-none-any.whl.metadata (1.9 kB)
#10 3.017 Collecting arch>=5.6.0 (from -r requirements.txt (line 33))
#10 3.037   Downloading arch-7.2.0-cp313-cp313-manylinux_2_17_aarch64.manylinux2014_aarch64.whl.metadata (13 kB)
#10 3.061 Collecting aiofiles>=23.2.0 (from -r requirements.txt (line 36))
#10 3.079   Downloading aiofiles-24.1.0-py3-none-any.whl.metadata (10 kB)
#10 3.108 Collecting structlog>=23.2.0 (from -r requirements.txt (line 39))
#10 3.128   Downloading structlog-25.4.0-py3-none-any.whl.metadata (7.6 kB)
#10 3.154 Collecting python-json-logger>=2.0.0 (from -r requirements.txt (line 40))
#10 3.174   Downloading python_json_logger-3.3.0-py3-none-any.whl.metadata (4.0 kB)
#10 3.214 Collecting pytest>=7.4.0 (from -r requirements.txt (line 43))
#10 3.233   Downloading pytest-8.4.1-py3-none-any.whl.metadata (7.7 kB)
#10 3.264 Collecting pytest-asyncio>=0.21.0 (from -r requirements.txt (line 44))
#10 3.284   Downloading pytest_asyncio-1.1.0-py3-none-any.whl.metadata (4.1 kB)
#10 3.339 Collecting black>=23.0.0 (from -r requirements.txt (line 45))
#10 3.358   Downloading black-25.1.0-py3-none-any.whl.metadata (81 kB)
#10 3.394 Collecting isort>=5.12.0 (from -r requirements.txt (line 46))
#10 3.414   Downloading isort-6.0.1-py3-none-any.whl.metadata (11 kB)
#10 3.508 Collecting mypy>=1.7.0 (from -r requirements.txt (line 47))
#10 3.526   Downloading mypy-1.17.1-cp313-cp313-manylinux2014_aarch64.manylinux_2_17_aarch64.manylinux_2_28_aarch64.whl.metadata (2.2 kB)
#10 3.549 Collecting filterpy>=1.4.5 (from -r requirements.txt (line 50))
#10 3.569   Downloading filterpy-1.4.5.zip (177 kB)
#10 3.591   Installing build dependencies: started
#10 4.171   Installing build dependencies: finished with status 'done'
#10 4.171   Getting requirements to build wheel: started
#10 4.320   Getting requirements to build wheel: finished with status 'done'
#10 4.320   Preparing metadata (pyproject.toml): started
#10 4.394   Preparing metadata (pyproject.toml): finished with status 'done'
#10 4.414 Collecting pyfolio>=0.9.2 (from -r requirements.txt (line 53))
#10 4.435   Downloading pyfolio-0.9.2.tar.gz (91 kB)
#10 4.443   Installing build dependencies: started
#10 4.757   Installing build dependencies: finished with status 'done'
#10 4.757   Getting requirements to build wheel: started
#10 4.878   Getting requirements to build wheel: finished with status 'error'
#10 4.880   error: subprocess-exited-with-error
#10 4.880   
#10 4.880   Ã— Getting requirements to build wheel did not run successfully.
#10 4.880   â”‚ exit code: 1
#10 4.880   â•°â”€> [33 lines of output]
#10 4.880       /tmp/pip-install-tdk9us41/pyfolio_f83b0e78ec1842c6b7ab78a3c3afbf9e/versioneer.py:588: SyntaxWarning: invalid escape sequence '\s'
#10 4.880         mo = re.search(r'=\s*"(.*)"', line)
#10 4.880       Traceback (most recent call last):
#10 4.880         File "/usr/local/lib/python3.13/site-packages/pip/_vendor/pyproject_hooks/_in_process/_in_process.py", line 389, in <module>
#10 4.880           main()
#10 4.880           ~~~~^^
#10 4.880         File "/usr/local/lib/python3.13/site-packages/pip/_vendor/pyproject_hooks/_in_process/_in_process.py", line 373, in main
#10 4.880           json_out["return_val"] = hook(**hook_input["kwargs"])
#10 4.880                                    ~~~~^^^^^^^^^^^^^^^^^^^^^^^^
#10 4.880         File "/usr/local/lib/python3.13/site-packages/pip/_vendor/pyproject_hooks/_in_process/_in_process.py", line 143, in get_requires_for_build_wheel
#10 4.880           return hook(config_settings)
#10 4.880         File "/tmp/pip-build-env-ocfhx5dk/overlay/lib/python3.13/site-packages/setuptools/build_meta.py", line 331, in get_requires_for_build_wheel
#10 4.880           return self._get_build_requires(config_settings, requirements=[])
#10 4.880                  ~~~~~~~~~~~~~~~~~~~~~~~~^^^^^^^^^^^^^^^^^^^^^^^^^^^^^^^^^^
#10 4.880         File "/tmp/pip-build-env-ocfhx5dk/overlay/lib/python3.13/site-packages/setuptools/build_meta.py", line 301, in _get_build_requires
#10 4.880           self.run_setup()
#10 4.880           ~~~~~~~~~~~~~~^^
#10 4.880         File "/tmp/pip-build-env-ocfhx5dk/overlay/lib/python3.13/site-packages/setuptools/build_meta.py", line 512, in run_setup
#10 4.880           super().run_setup(setup_script=setup_script)
#10 4.880           ~~~~~~~~~~~~~~~~~^^^^^^^^^^^^^^^^^^^^^^^^^^^
#10 4.880         File "/tmp/pip-build-env-ocfhx5dk/overlay/lib/python3.13/site-packages/setuptools/build_meta.py", line 317, in run_setup
#10 4.880           exec(code, locals())
#10 4.880           ~~~~^^^^^^^^^^^^^^^^
#10 4.880         File "<string>", line 71, in <module>
#10 4.880         File "/tmp/pip-install-tdk9us41/pyfolio_f83b0e78ec1842c6b7ab78a3c3afbf9e/versioneer.py", line 1407, in get_version
#10 4.880           return get_versions()["version"]
#10 4.880                  ~~~~~~~~~~~~^^
#10 4.880         File "/tmp/pip-install-tdk9us41/pyfolio_f83b0e78ec1842c6b7ab78a3c3afbf9e/versioneer.py", line 1341, in get_versions
#10 4.880           cfg = get_config_from_root(root)
#10 4.880         File "/tmp/pip-install-tdk9us41/pyfolio_f83b0e78ec1842c6b7ab78a3c3afbf9e/versioneer.py", line 399, in get_config_from_root
#10 4.880           parser = configparser.SafeConfigParser()
#10 4.880                    ^^^^^^^^^^^^^^^^^^^^^^^^^^^^^
#10 4.880       AttributeError: module 'configparser' has no attribute 'SafeConfigParser'. Did you mean: 'RawConfigParser'?
#10 4.880       [end of output]
#10 4.880   
#10 4.880   note: This error originates from a subprocess, and is likely not a problem with pip.
#10 4.970 error: subprocess-exited-with-error
#10 4.970 
#10 4.970 Ã— Getting requirements to build wheel did not run successfully.
#10 4.970 â”‚ exit code: 1
#10 4.970 â•°â”€> See above for output.
#10 4.970 
#10 4.970 note: This error originates from a subprocess, and is likely not a problem with pip.
#10 ERROR: process "/bin/sh -c pip install --no-cache-dir --upgrade pip &&     pip install --no-cache-dir -r requirements.txt" did not complete successfully: exit code: 1
------
 > [ 5/19] RUN pip install --no-cache-dir --upgrade pip &&     pip install --no-cache-dir -r requirements.txt:
4.880       [end of output]
4.880   
4.880   note: This error originates from a subprocess, and is likely not a problem with pip.
4.970 error: subprocess-exited-with-error
4.970 
4.970 Ã— Getting requirements to build wheel did not run successfully.
4.970 â”‚ exit code: 1
4.970 â•°â”€> See above for output.
4.970 
4.970 note: This error originates from a subprocess, and is likely not a problem with pip.
------
Dockerfile:23

--------------------

  22 |     COPY requirements.txt .

  23 | >>> RUN pip install --no-cache-dir --upgrade pip && \

  24 | >>>     pip install --no-cache-dir -r requirements.txt

  25 |     

--------------------

failed to solve: process "/bin/sh -c pip install --no-cache-dir --upgrade pip &&     pip install --no-cache-dir -r requirements.txt" did not complete successfully: exit code: 1

365  /usr/local/bin/dockerd --config-file /run/config/docker/daemon.json --containerd /run/containerd/containerd.sock --pidfile /run/desktop/docker.pid --swarm-default-advertise-addr=192.168.65.3 --host-gateway-ip 192.168.65.254

github.com/moby/buildkit/executor/runcexecutor.exitError

	/root/build-deb/engine/vendor/github.com/moby/buildkit/executor/runcexecutor/executor.go:391

github.com/moby/buildkit/executor/runcexecutor.(*runcExecutor).Run

	/root/build-deb/engine/vendor/github.com/moby/buildkit/executor/runcexecutor/executor.go:339

github.com/moby/buildkit/solver/llbsolver/ops.(*ExecOp).Exec

	/root/build-deb/engine/vendor/github.com/moby/buildkit/solver/llbsolver/ops/exec.go:492

github.com/moby/buildkit/solver.(*sharedOp).Exec.func2

	/root/build-deb/engine/vendor/github.com/moby/buildkit/solver/jobs.go:1120

github.com/moby/buildkit/util/flightcontrol.(*call[...]).run

	/root/build-deb/engine/vendor/github.com/moby/buildkit/util/flightcontrol/flightcontrol.go:122

sync.(*Once).doSlow

	/usr/local/go/src/sync/once.go:78

sync.(*Once).Do

	/usr/local/go/src/sync/once.go:69

runtime.goexit

	/usr/local/go/src/runtime/asm_arm64.s:1223



4547 v0.26.1-desktop.1 /Users/savusilviu/.docker/cli-plugins/docker-buildx bake --file - --progress rawjson --metadata-file /var/folders/_b/m8ffgpz97rddrq124k2dz2fw0000gn/T/compose-build-metadataFile-1584490211.json --allow fs.read=/Users/savusilviu/Desktop/SilviuCorneliuSavu/Nautilus/backend/engines/risk

google.golang.org/grpc.(*ClientConn).Invoke

	google.golang.org/grpc@v1.72.2/call.go:35

github.com/moby/buildkit/api/services/control.(*controlClient).Solve

	github.com/moby/buildkit@v0.23.0-rc1.0.20250618182037-9b91d20367db/api/services/control/control_grpc.pb.go:88

github.com/moby/buildkit/client.(*Client).solve.func2

	github.com/moby/buildkit@v0.23.0-rc1.0.20250618182037-9b91d20367db/client/solve.go:268

golang.org/x/sync/errgroup.(*Group).add.func1

	golang.org/x/sync@v0.14.0/errgroup/errgroup.go:130

runtime.goexit

	runtime/asm_arm64.s:1223



365  /usr/local/bin/dockerd --config-file /run/config/docker/daemon.json --containerd /run/containerd/containerd.sock --pidfile /run/desktop/docker.pid --swarm-default-advertise-addr=192.168.65.3 --host-gateway-ip 192.168.65.254

github.com/moby/buildkit/solver.(*edge).execOp

	/root/build-deb/engine/vendor/github.com/moby/buildkit/solver/edge.go:963

github.com/moby/buildkit/solver/internal/pipe.NewWithFunction[...].func2

	/root/build-deb/engine/vendor/github.com/moby/buildkit/solver/internal/pipe/pipe.go:78

runtime.goexit

	/usr/local/go/src/runtime/asm_arm64.s:1223



4547 v0.26.1-desktop.1 /Users/savusilviu/.docker/cli-plugins/docker-buildx bake --file - --progress rawjson --metadata-file /var/folders/_b/m8ffgpz97rddrq124k2dz2fw0000gn/T/compose-build-metadataFile-1584490211.json --allow fs.read=/Users/savusilviu/Desktop/SilviuCorneliuSavu/Nautilus/backend/engines/risk

github.com/moby/buildkit/client.(*Client).solve.func2

	github.com/moby/buildkit@v0.23.0-rc1.0.20250618182037-9b91d20367db/client/solve.go:285

golang.org/x/sync/errgroup.(*Group).add.func1

	golang.org/x/sync@v0.14.0/errgroup/errgroup.go:130



365  /usr/local/bin/dockerd --config-file /run/config/docker/daemon.json --containerd /run/containerd/containerd.sock --pidfile /run/desktop/docker.pid --swarm-default-advertise-addr=192.168.65.3 --host-gateway-ip 192.168.65.254

github.com/moby/buildkit/solver/llbsolver/ops.(*ExecOp).Exec

	/root/build-deb/engine/vendor/github.com/moby/buildkit/solver/llbsolver/ops/exec.go:513

github.com/moby/buildkit/solver.(*sharedOp).Exec.func2

	/root/build-deb/engine/vendor/github.com/moby/buildkit/solver/jobs.go:1120





View build details: docker-desktop://dashboard/build/desktop-linux/desktop-linux/n1ov93kb2d1e7jxprmtytoov2

[0;34m[08:30:34][0m Waiting for nautilus-risk-engine to be healthy...
[0;34m[08:30:54][0m Still waiting for nautilus-risk-engine... (20s/60s)
[0;34m[08:31:15][0m Still waiting for nautilus-risk-engine... (40s/60s)
[0;34m[08:31:36][0m Still waiting for nautilus-risk-engine... (60s/60s)
[1;33m[08:31:36] âš [0m nautilus-risk-engine health check timeout
[1;33m[08:31:36] âš [0m risk-engine failed to start properly
[0;34m[08:31:36][0m Starting marketdata-engine...
 marketdata-engine Pulling 
 marketdata-engine Warning pull access denied for nautilus-marketdata-engine, repository does not exist or may require 'docker login'
#1 [internal] load local bake definitions
#1 reading from stdin 665B done
#1 DONE 0.0s

#2 [internal] load build definition from Dockerfile
#2 transferring dockerfile: 1.62kB done
#2 DONE 0.0s

#3 [internal] load metadata for docker.io/library/python:3.13-slim-bookworm
#3 DONE 0.4s

#4 [internal] load .dockerignore
#4 transferring context: 2B done
#4 DONE 0.0s

#5 [1/8] FROM docker.io/library/python:3.13-slim-bookworm@sha256:9b8102b7b3a61db24fe58f335b526173e5aeaaf7d13b2fbfb514e20f84f5e386
#5 resolve docker.io/library/python:3.13-slim-bookworm@sha256:9b8102b7b3a61db24fe58f335b526173e5aeaaf7d13b2fbfb514e20f84f5e386 done
#5 DONE 0.0s

#6 [internal] load build context
#6 transferring context: 136B done
#6 DONE 0.0s

#7 [2/8] WORKDIR /app
#7 CACHED

#8 [3/8] RUN apt-get update && apt-get install -y     gcc     g++     libblas-dev     liblapack-dev     libatlas-base-dev     gfortran     pkg-config     curl     && rm -rf /var/lib/apt/lists/*
#8 CACHED

#9 [4/8] COPY requirements.txt .
#9 CACHED

#10 [5/8] RUN pip install --no-cache-dir --upgrade pip &&     pip install --no-cache-dir -r requirements.txt
#10 CACHED

#11 [7/8] COPY simple_marketdata_engine.py .
#11 CACHED

#12 [6/8] COPY enhanced_messagebus_client.py .
#12 CACHED

#13 [8/8] RUN useradd -m -u 1000 marketdata &&     chown -R marketdata:marketdata /app
#13 CACHED

#14 exporting to image
#14 exporting layers done
#14 exporting manifest sha256:f69c3a7ce94ddf950f19519703fc05d405a7db08fe65862c83b39217326bdfe3 done
#14 exporting config sha256:4393b1d4bc9aed14d2deb8058980fa584012dc9a15e477a0d63e021732561ea7 done
#14 exporting attestation manifest sha256:f04ce8fd1b2266d9933b1dc9cb54429a4e8607b8adc82ab6b54cfc6d50bd6229 done
#14 exporting manifest list sha256:913a33ff351b5a107f4ede45cc828c36b4230aa96061cec7d822ee1810886eca done
#14 naming to docker.io/library/nautilus-marketdata-engine:m4max done
#14 unpacking to docker.io/library/nautilus-marketdata-engine:m4max done
#14 DONE 0.0s

#15 resolving provenance for metadata file
#15 DONE 0.0s
 nautilus-marketdata-engine:m4max  Built
 Container nautilus-redis  Running
 Container nautilus-postgres  Running
 Container nautilus-marketdata-engine  Creating
 Container nautilus-marketdata-engine  Created
 Container nautilus-marketdata-engine  Starting
 Container nautilus-marketdata-engine  Started
[0;34m[08:31:48][0m Waiting for nautilus-marketdata-engine to be healthy...
[0;32m[08:31:48] âœ“[0m nautilus-marketdata-engine is healthy
[0;32m[08:31:48] âœ“[0m marketdata-engine started successfully
[0;34m[08:31:48][0m Starting websocket-engine...
 websocket-engine Pulling 
 websocket-engine Warning pull access denied for nautilus-websocket-engine, repository does not exist or may require 'docker login'
#1 [internal] load local bake definitions
#1 reading from stdin 659B done
#1 DONE 0.0s

#2 [internal] load build definition from Dockerfile
#2 transferring dockerfile: 1.51kB done
#2 DONE 0.0s

#3 [internal] load metadata for docker.io/library/python:3.13-slim-bookworm
#3 DONE 0.2s

#4 [internal] load .dockerignore
#4 transferring context: 2B done
#4 DONE 0.0s

#5 [1/8] FROM docker.io/library/python:3.13-slim-bookworm@sha256:9b8102b7b3a61db24fe58f335b526173e5aeaaf7d13b2fbfb514e20f84f5e386
#5 resolve docker.io/library/python:3.13-slim-bookworm@sha256:9b8102b7b3a61db24fe58f335b526173e5aeaaf7d13b2fbfb514e20f84f5e386 done
#5 DONE 0.0s

#6 [internal] load build context
#6 transferring context: 135B done
#6 DONE 0.0s

#7 [4/8] COPY requirements.txt .
#7 CACHED

#8 [7/8] COPY simple_websocket_engine.py .
#8 CACHED

#9 [3/8] RUN apt-get update && apt-get install -y     gcc     g++     curl     && rm -rf /var/lib/apt/lists/*
#9 CACHED

#10 [6/8] COPY enhanced_messagebus_client.py .
#10 CACHED

#11 [2/8] WORKDIR /app
#11 CACHED

#12 [5/8] RUN pip install --no-cache-dir --upgrade pip &&     pip install --no-cache-dir -r requirements.txt
#12 CACHED

#13 [8/8] RUN useradd -m -u 1000 websocket &&     chown -R websocket:websocket /app
#13 CACHED

#14 exporting to image
#14 exporting layers done
#14 exporting manifest sha256:f885610182ebfd97377d4758493b86aadd67aced49ea627e4047672e75f19e44 done
#14 exporting config sha256:b463ef1ce84bf7e573ab143ba7950365a1435c0e8819b65a16797ca8de9a0623 done
#14 exporting attestation manifest sha256:25f2a069327c2fda54912e0dff5dbba325f1038bc0ae9cf556ab74a82e6e9abf done
#14 exporting manifest list sha256:e8e60136049f736f711b3418e11bc0e6e056d2b1685f17179f7e92d3bd0e4c6b done
#14 naming to docker.io/library/nautilus-websocket-engine:m4max done
#14 unpacking to docker.io/library/nautilus-websocket-engine:m4max done
#14 DONE 0.0s

#15 resolving provenance for metadata file
#15 DONE 0.0s
 nautilus-websocket-engine:m4max  Built
 Container nautilus-redis  Running
 Container nautilus-postgres  Running
 Container nautilus-websocket-engine  Creating
 Container nautilus-websocket-engine  Created
 Container nautilus-websocket-engine  Starting
 Container nautilus-websocket-engine  Started
[0;34m[08:32:00][0m Waiting for nautilus-websocket-engine to be healthy...
[0;32m[08:32:00] âœ“[0m nautilus-websocket-engine is healthy
[0;32m[08:32:00] âœ“[0m websocket-engine started successfully
[0;34m[08:32:00][0m Starting analytics-engine...
 analytics-engine Pulling 
 analytics-engine Warning pull access denied for nautilus-analytics-engine, repository does not exist or may require 'docker login'
#1 [internal] load local bake definitions
#1 reading from stdin 659B done
#1 DONE 0.0s

#2 [internal] load build definition from Dockerfile
#2 transferring dockerfile: 1.74kB done
#2 DONE 0.0s

#3 [internal] load metadata for docker.io/library/python:3.13-slim-bookworm
#3 DONE 0.2s

#4 [internal] load .dockerignore
#4 transferring context: 213B done
#4 DONE 0.0s

#5 [1/8] FROM docker.io/library/python:3.13-slim-bookworm@sha256:9b8102b7b3a61db24fe58f335b526173e5aeaaf7d13b2fbfb514e20f84f5e386
#5 resolve docker.io/library/python:3.13-slim-bookworm@sha256:9b8102b7b3a61db24fe58f335b526173e5aeaaf7d13b2fbfb514e20f84f5e386 done
#5 DONE 0.0s

#6 [2/8] WORKDIR /app
#6 CACHED

#7 [internal] load build context
#7 transferring context: 134B done
#7 DONE 0.0s

#8 [3/8] RUN apt-get update && apt-get install -y     gcc     g++     libblas-dev     liblapack-dev     libatlas-base-dev     gfortran     pkg-config     curl     libomp-dev     libopenblas-dev     && rm -rf /var/lib/apt/lists/*
#8 0.181 Get:1 http://deb.debian.org/debian bookworm InRelease [151 kB]
#8 0.239 Get:2 http://deb.debian.org/debian bookworm-updates InRelease [55.4 kB]
#8 0.259 Get:3 http://deb.debian.org/debian-security bookworm-security InRelease [48.0 kB]
#8 0.281 Get:4 http://deb.debian.org/debian bookworm/main arm64 Packages [8693 kB]
#8 0.413 Get:5 http://deb.debian.org/debian bookworm-updates/main arm64 Packages [6936 B]
#8 0.413 Get:6 http://deb.debian.org/debian-security bookworm-security/main arm64 Packages [273 kB]
#8 0.876 Fetched 9227 kB in 1s (12.0 MB/s)
#8 0.876 Reading package lists...
#8 1.072 Reading package lists...
#8 1.260 Building dependency tree...
#8 1.298 Reading state information...
#8 1.359 The following additional packages will be installed:
#8 1.359   binutils binutils-aarch64-linux-gnu binutils-common cpp cpp-12
#8 1.359   fontconfig-config fonts-dejavu-core g++-12 gcc-12 gfortran-12 krb5-locales
#8 1.359   libabsl20220623 libaom3 libasan8 libatlas3-base libatomic1 libavif15
#8 1.359   libbinutils libblas3 libbrotli1 libbsd0 libc-dev-bin libc-devtools libc6-dev
#8 1.359   libcc1-0 libcrypt-dev libctf-nobfd0 libctf0 libcurl4 libdav1d6 libde265-0
#8 1.359   libdeflate0 libedit2 libelf1 libexpat1 libfontconfig1 libfreetype6 libgav1-1
#8 1.359   libgcc-12-dev libgd3 libgfortran-12-dev libgfortran5 libgomp1 libgprofng0
#8 1.359   libgssapi-krb5-2 libheif1 libhwasan0 libicu72 libisl23 libitm1 libjansson4
#8 1.359   libjbig0 libjpeg62-turbo libk5crypto3 libkeyutils1 libkrb5-3 libkrb5support0
#8 1.359   liblapack3 libldap-2.5-0 libldap-common liblerc4 libllvm14 liblsan0 libmpc3
#8 1.359   libmpfr6 libnghttp2-14 libnsl-dev libnsl2 libnuma1 libomp-14-dev libomp5-14
#8 1.359   libopenblas-pthread-dev libopenblas0 libopenblas0-pthread libpkgconf3
#8 1.359   libpng16-16 libpsl5 librav1e0 librtmp1 libsasl2-2 libsasl2-modules
#8 1.359   libsasl2-modules-db libssh2-1 libstdc++-12-dev libsvtav1enc1 libtiff6
#8 1.359   libtirpc-common libtirpc-dev libtirpc3 libtsan2 libubsan1 libwebp7 libx11-6
#8 1.359   libx11-data libx265-199 libxau6 libxcb1 libxdmcp6 libxml2 libxpm4 libyuv0
#8 1.359   libz3-4 linux-libc-dev manpages manpages-dev pkgconf pkgconf-bin
#8 1.359   publicsuffix rpcsvc-proto
#8 1.360 Suggested packages:
#8 1.360   binutils-doc cpp-doc gcc-12-locales cpp-12-doc gcc-12-doc gcc-multilib make
#8 1.360   autoconf automake libtool flex bison gdb gcc-doc gfortran-doc
#8 1.360   gfortran-12-doc libcoarrays-dev libatlas-doc liblapack-doc glibc-doc
#8 1.360   libgd-tools krb5-doc krb5-user libomp-14-doc libsasl2-modules-gssapi-mit
#8 1.360   | libsasl2-modules-gssapi-heimdal libsasl2-modules-ldap libsasl2-modules-otp
#8 1.360   libsasl2-modules-sql libstdc++-12-doc man-browser
#8 1.657 The following NEW packages will be installed:
#8 1.657   binutils binutils-aarch64-linux-gnu binutils-common cpp cpp-12 curl
#8 1.657   fontconfig-config fonts-dejavu-core g++ g++-12 gcc gcc-12 gfortran
#8 1.657   gfortran-12 krb5-locales libabsl20220623 libaom3 libasan8 libatlas-base-dev
#8 1.657   libatlas3-base libatomic1 libavif15 libbinutils libblas-dev libblas3
#8 1.657   libbrotli1 libbsd0 libc-dev-bin libc-devtools libc6-dev libcc1-0
#8 1.657   libcrypt-dev libctf-nobfd0 libctf0 libcurl4 libdav1d6 libde265-0 libdeflate0
#8 1.657   libedit2 libelf1 libexpat1 libfontconfig1 libfreetype6 libgav1-1
#8 1.657   libgcc-12-dev libgd3 libgfortran-12-dev libgfortran5 libgomp1 libgprofng0
#8 1.657   libgssapi-krb5-2 libheif1 libhwasan0 libicu72 libisl23 libitm1 libjansson4
#8 1.657   libjbig0 libjpeg62-turbo libk5crypto3 libkeyutils1 libkrb5-3 libkrb5support0
#8 1.657   liblapack-dev liblapack3 libldap-2.5-0 libldap-common liblerc4 libllvm14
#8 1.657   liblsan0 libmpc3 libmpfr6 libnghttp2-14 libnsl-dev libnsl2 libnuma1
#8 1.657   libomp-14-dev libomp-dev libomp5-14 libopenblas-dev libopenblas-pthread-dev
#8 1.657   libopenblas0 libopenblas0-pthread libpkgconf3 libpng16-16 libpsl5 librav1e0
#8 1.657   librtmp1 libsasl2-2 libsasl2-modules libsasl2-modules-db libssh2-1
#8 1.657   libstdc++-12-dev libsvtav1enc1 libtiff6 libtirpc-common libtirpc-dev
#8 1.657   libtirpc3 libtsan2 libubsan1 libwebp7 libx11-6 libx11-data libx265-199
#8 1.657   libxau6 libxcb1 libxdmcp6 libxml2 libxpm4 libyuv0 libz3-4 linux-libc-dev
#8 1.657   manpages manpages-dev pkg-config pkgconf pkgconf-bin publicsuffix
#8 1.657   rpcsvc-proto
#8 1.727 0 upgraded, 119 newly installed, 0 to remove and 0 not upgraded.
#8 1.727 Need to get 136 MB of archives.
#8 1.727 After this operation, 618 MB of additional disk space will be used.
#8 1.727 Get:1 http://deb.debian.org/debian bookworm/main arm64 krb5-locales all 1.20.1-2+deb12u3 [63.1 kB]
#8 1.766 Get:2 http://deb.debian.org/debian bookworm/main arm64 manpages all 6.03-2 [1332 kB]
#8 1.842 Get:3 http://deb.debian.org/debian bookworm/main arm64 binutils-common arm64 2.40-2 [2487 kB]
#8 1.876 Get:4 http://deb.debian.org/debian bookworm/main arm64 libbinutils arm64 2.40-2 [645 kB]
#8 1.880 Get:5 http://deb.debian.org/debian bookworm/main arm64 libctf-nobfd0 arm64 2.40-2 [144 kB]
#8 1.881 Get:6 http://deb.debian.org/debian bookworm/main arm64 libctf0 arm64 2.40-2 [79.2 kB]
#8 1.881 Get:7 http://deb.debian.org/debian bookworm/main arm64 libgprofng0 arm64 2.40-2 [680 kB]
#8 1.885 Get:8 http://deb.debian.org/debian bookworm/main arm64 libjansson4 arm64 2.14-2 [40.2 kB]
#8 1.886 Get:9 http://deb.debian.org/debian bookworm/main arm64 binutils-aarch64-linux-gnu arm64 2.40-2 [2637 kB]
#8 1.906 Get:10 http://deb.debian.org/debian bookworm/main arm64 binutils arm64 2.40-2 [64.9 kB]
#8 1.907 Get:11 http://deb.debian.org/debian bookworm/main arm64 libisl23 arm64 0.25-1.1 [610 kB]
#8 1.911 Get:12 http://deb.debian.org/debian bookworm/main arm64 libmpfr6 arm64 4.2.0-1 [600 kB]
#8 1.914 Get:13 http://deb.debian.org/debian bookworm/main arm64 libmpc3 arm64 1.3.1-1 [49.2 kB]
#8 1.914 Get:14 http://deb.debian.org/debian bookworm/main arm64 cpp-12 arm64 12.2.0-14+deb12u1 [8228 kB]
#8 1.990 Get:15 http://deb.debian.org/debian bookworm/main arm64 cpp arm64 4:12.2.0-3 [6832 B]
#8 1.990 Get:16 http://deb.debian.org/debian bookworm/main arm64 libbrotli1 arm64 1.0.9-2+b6 [269 kB]
#8 1.991 Get:17 http://deb.debian.org/debian bookworm/main arm64 libkrb5support0 arm64 1.20.1-2+deb12u3 [32.0 kB]
#8 1.992 Get:18 http://deb.debian.org/debian bookworm/main arm64 libk5crypto3 arm64 1.20.1-2+deb12u3 [79.3 kB]
#8 1.992 Get:19 http://deb.debian.org/debian bookworm/main arm64 libkeyutils1 arm64 1.6.3-2 [8844 B]
#8 1.992 Get:20 http://deb.debian.org/debian bookworm/main arm64 libkrb5-3 arm64 1.20.1-2+deb12u3 [313 kB]
#8 1.993 Get:21 http://deb.debian.org/debian bookworm/main arm64 libgssapi-krb5-2 arm64 1.20.1-2+deb12u3 [124 kB]
#8 1.994 Get:22 http://deb.debian.org/debian bookworm/main arm64 libsasl2-modules-db arm64 2.1.28+dfsg-10 [20.8 kB]
#8 1.994 Get:23 http://deb.debian.org/debian bookworm/main arm64 libsasl2-2 arm64 2.1.28+dfsg-10 [58.0 kB]
#8 2.009 Get:24 http://deb.debian.org/debian bookworm/main arm64 libldap-2.5-0 arm64 2.5.13+dfsg-5 [171 kB]
#8 2.012 Get:25 http://deb.debian.org/debian bookworm/main arm64 libnghttp2-14 arm64 1.52.0-1+deb12u2 [68.6 kB]
#8 2.013 Get:26 http://deb.debian.org/debian bookworm/main arm64 libpsl5 arm64 0.21.2-1 [58.6 kB]
#8 2.013 Get:27 http://deb.debian.org/debian bookworm/main arm64 librtmp1 arm64 2.4+20151223.gitfa8646d.1-2+b2 [59.4 kB]
#8 2.014 Get:28 http://deb.debian.org/debian bookworm/main arm64 libssh2-1 arm64 1.10.0-3+b1 [172 kB]
#8 2.017 Get:29 http://deb.debian.org/debian bookworm/main arm64 libcurl4 arm64 7.88.1-10+deb12u12 [367 kB]
#8 2.019 Get:30 http://deb.debian.org/debian bookworm/main arm64 curl arm64 7.88.1-10+deb12u12 [309 kB]
#8 2.020 Get:31 http://deb.debian.org/debian bookworm/main arm64 fonts-dejavu-core all 2.37-6 [1068 kB]
#8 2.027 Get:32 http://deb.debian.org/debian bookworm/main arm64 fontconfig-config arm64 2.14.1-4 [315 kB]
#8 2.028 Get:33 http://deb.debian.org/debian bookworm/main arm64 libcc1-0 arm64 12.2.0-14+deb12u1 [37.7 kB]
#8 2.028 Get:34 http://deb.debian.org/debian bookworm/main arm64 libgomp1 arm64 12.2.0-14+deb12u1 [104 kB]
#8 2.033 Get:35 http://deb.debian.org/debian bookworm/main arm64 libitm1 arm64 12.2.0-14+deb12u1 [24.0 kB]
#8 2.038 Get:36 http://deb.debian.org/debian bookworm/main arm64 libatomic1 arm64 12.2.0-14+deb12u1 [9568 B]
#8 2.038 Get:37 http://deb.debian.org/debian bookworm/main arm64 libasan8 arm64 12.2.0-14+deb12u1 [2096 kB]
#8 2.050 Get:38 http://deb.debian.org/debian bookworm/main arm64 liblsan0 arm64 12.2.0-14+deb12u1 [926 kB]
#8 2.054 Get:39 http://deb.debian.org/debian bookworm/main arm64 libtsan2 arm64 12.2.0-14+deb12u1 [2178 kB]
#8 2.067 Get:40 http://deb.debian.org/debian bookworm/main arm64 libubsan1 arm64 12.2.0-14+deb12u1 [862 kB]
#8 2.073 Get:41 http://deb.debian.org/debian bookworm/main arm64 libhwasan0 arm64 12.2.0-14+deb12u1 [999 kB]
#8 2.096 Get:42 http://deb.debian.org/debian bookworm/main arm64 libgcc-12-dev arm64 12.2.0-14+deb12u1 [956 kB]
#8 2.101 Get:43 http://deb.debian.org/debian bookworm/main arm64 gcc-12 arm64 12.2.0-14+deb12u1 [16.3 MB]
#8 2.239 Get:44 http://deb.debian.org/debian bookworm/main arm64 gcc arm64 4:12.2.0-3 [5244 B]
#8 2.239 Get:45 http://deb.debian.org/debian bookworm/main arm64 libc-dev-bin arm64 2.36-9+deb12u10 [46.2 kB]
#8 2.239 Get:46 http://deb.debian.org/debian-security bookworm-security/main arm64 linux-libc-dev arm64 6.1.147-1 [2147 kB]
#8 2.255 Get:47 http://deb.debian.org/debian bookworm/main arm64 libcrypt-dev arm64 1:4.4.33-2 [121 kB]
#8 2.255 Get:48 http://deb.debian.org/debian bookworm/main arm64 libtirpc-common all 1.3.3+ds-1 [14.0 kB]
#8 2.256 Get:49 http://deb.debian.org/debian bookworm/main arm64 libtirpc3 arm64 1.3.3+ds-1 [80.9 kB]
#8 2.256 Get:50 http://deb.debian.org/debian bookworm/main arm64 libnsl2 arm64 1.3.0-2 [36.9 kB]
#8 2.256 Get:51 http://deb.debian.org/debian bookworm/main arm64 libtirpc-dev arm64 1.3.3+ds-1 [194 kB]
#8 2.257 Get:52 http://deb.debian.org/debian bookworm/main arm64 libnsl-dev arm64 1.3.0-2 [66.1 kB]
#8 2.258 Get:53 http://deb.debian.org/debian bookworm/main arm64 rpcsvc-proto arm64 1.4.3-1 [59.7 kB]
#8 2.259 Get:54 http://deb.debian.org/debian bookworm/main arm64 libc6-dev arm64 2.36-9+deb12u10 [1431 kB]
#8 2.268 Get:55 http://deb.debian.org/debian bookworm/main arm64 libstdc++-12-dev arm64 12.2.0-14+deb12u1 [2007 kB]
#8 2.278 Get:56 http://deb.debian.org/debian bookworm/main arm64 g++-12 arm64 12.2.0-14+deb12u1 [9072 kB]
#8 2.348 Get:57 http://deb.debian.org/debian bookworm/main arm64 g++ arm64 4:12.2.0-3 [1336 B]
#8 2.349 Get:58 http://deb.debian.org/debian bookworm/main arm64 libgfortran5 arm64 12.2.0-14+deb12u1 [340 kB]
#8 2.351 Get:59 http://deb.debian.org/debian bookworm/main arm64 libgfortran-12-dev arm64 12.2.0-14+deb12u1 [396 kB]
#8 2.353 Get:60 http://deb.debian.org/debian bookworm/main arm64 gfortran-12 arm64 12.2.0-14+deb12u1 [8644 kB]
#8 2.403 Get:61 http://deb.debian.org/debian bookworm/main arm64 gfortran arm64 4:12.2.0-3 [1420 B]
#8 2.403 Get:62 http://deb.debian.org/debian bookworm/main arm64 libabsl20220623 arm64 20220623.1-1+deb12u2 [363 kB]
#8 2.404 Get:63 http://deb.debian.org/debian bookworm/main arm64 libaom3 arm64 3.6.0-1+deb12u1 [1379 kB]
#8 2.419 Get:64 http://deb.debian.org/debian bookworm/main arm64 libatlas3-base arm64 3.10.3-13 [2537 kB]
#8 2.432 Get:65 http://deb.debian.org/debian bookworm/main arm64 libatlas-base-dev arm64 3.10.3-13 [2655 kB]
#8 2.450 Get:66 http://deb.debian.org/debian bookworm/main arm64 libdav1d6 arm64 1.0.0-2+deb12u1 [275 kB]
#8 2.452 Get:67 http://deb.debian.org/debian bookworm/main arm64 libgav1-1 arm64 0.18.0-1+b1 [425 kB]
#8 2.456 Get:68 http://deb.debian.org/debian bookworm/main arm64 librav1e0 arm64 0.5.1-6 [552 kB]
#8 2.458 Get:69 http://deb.debian.org/debian bookworm/main arm64 libsvtav1enc1 arm64 1.4.1+dfsg-1 [1074 kB]
#8 2.462 Get:70 http://deb.debian.org/debian bookworm/main arm64 libjpeg62-turbo arm64 1:2.1.5-2 [171 kB]
#8 2.463 Get:71 http://deb.debian.org/debian bookworm/main arm64 libyuv0 arm64 0.0~git20230123.b2528b0-1 [122 kB]
#8 2.464 Get:72 http://deb.debian.org/debian-security bookworm-security/main arm64 libavif15 arm64 0.11.1-1+deb12u1 [88.4 kB]
#8 2.465 Get:73 http://deb.debian.org/debian bookworm/main arm64 libblas3 arm64 3.11.0-2 [91.4 kB]
#8 2.465 Get:74 http://deb.debian.org/debian bookworm/main arm64 libblas-dev arm64 3.11.0-2 [97.6 kB]
#8 2.480 Get:75 http://deb.debian.org/debian bookworm/main arm64 libbsd0 arm64 0.11.7-2 [115 kB]
#8 2.481 Get:76 http://deb.debian.org/debian bookworm/main arm64 libexpat1 arm64 2.5.0-1+deb12u1 [84.6 kB]
#8 2.483 Get:77 http://deb.debian.org/debian bookworm/main arm64 libpng16-16 arm64 1.6.39-2 [269 kB]
#8 2.487 Get:78 http://deb.debian.org/debian bookworm/main arm64 libfreetype6 arm64 2.12.1+dfsg-5+deb12u4 [368 kB]
#8 2.490 Get:79 http://deb.debian.org/debian bookworm/main arm64 libfontconfig1 arm64 2.14.1-4 [381 kB]
#8 2.492 Get:80 http://deb.debian.org/debian bookworm/main arm64 libde265-0 arm64 1.0.11-1+deb12u2 [148 kB]
#8 2.494 Get:81 http://deb.debian.org/debian bookworm/main arm64 libnuma1 arm64 2.0.16-1 [20.3 kB]
#8 2.494 Get:82 http://deb.debian.org/debian bookworm/main arm64 libx265-199 arm64 3.5-2+b1 [603 kB]
#8 2.498 Get:83 http://deb.debian.org/debian bookworm/main arm64 libheif1 arm64 1.15.1-1+deb12u1 [191 kB]
#8 2.507 Get:84 http://deb.debian.org/debian bookworm/main arm64 libdeflate0 arm64 1.14-1 [54.3 kB]
#8 2.508 Get:85 http://deb.debian.org/debian bookworm/main arm64 libjbig0 arm64 2.1-6.1 [30.0 kB]
#8 2.508 Get:86 http://deb.debian.org/debian bookworm/main arm64 liblerc4 arm64 4.0.0+ds-2 [138 kB]
#8 2.511 Get:87 http://deb.debian.org/debian bookworm/main arm64 libwebp7 arm64 1.2.4-0.2+deb12u1 [260 kB]
#8 2.513 Get:88 http://deb.debian.org/debian bookworm/main arm64 libtiff6 arm64 4.5.0-6+deb12u2 [301 kB]
#8 2.515 Get:89 http://deb.debian.org/debian bookworm/main arm64 libxau6 arm64 1:1.0.9-1 [19.7 kB]
#8 2.518 Get:90 http://deb.debian.org/debian bookworm/main arm64 libxdmcp6 arm64 1:1.1.2-3 [25.4 kB]
#8 2.518 Get:91 http://deb.debian.org/debian bookworm/main arm64 libxcb1 arm64 1.15-1 [143 kB]
#8 2.519 Get:92 http://deb.debian.org/debian bookworm/main arm64 libx11-data all 2:1.8.4-2+deb12u2 [292 kB]
#8 2.521 Get:93 http://deb.debian.org/debian bookworm/main arm64 libx11-6 arm64 2:1.8.4-2+deb12u2 [735 kB]
#8 2.528 Get:94 http://deb.debian.org/debian bookworm/main arm64 libxpm4 arm64 1:3.5.12-1.1+deb12u1 [45.4 kB]
#8 2.529 Get:95 http://deb.debian.org/debian bookworm/main arm64 libgd3 arm64 2.3.3-9 [113 kB]
#8 2.532 Get:96 http://deb.debian.org/debian bookworm/main arm64 libc-devtools arm64 2.36-9+deb12u10 [53.4 kB]
#8 2.533 Get:97 http://deb.debian.org/debian bookworm/main arm64 libedit2 arm64 3.1-20221030-2 [88.1 kB]
#8 2.538 Get:98 http://deb.debian.org/debian bookworm/main arm64 libelf1 arm64 0.188-2.1 [173 kB]
#8 2.539 Get:99 http://deb.debian.org/debian-security bookworm-security/main arm64 libicu72 arm64 72.1-3+deb12u1 [9202 kB]
#8 2.593 Get:100 http://deb.debian.org/debian bookworm/main arm64 libopenblas0-pthread arm64 0.3.21+ds-4 [4532 kB]
#8 2.623 Get:101 http://deb.debian.org/debian bookworm/main arm64 liblapack3 arm64 3.11.0-2 [1664 kB]
#8 2.634 Get:102 http://deb.debian.org/debian bookworm/main arm64 libopenblas-pthread-dev arm64 0.3.21+ds-4 [3169 kB]
#8 2.658 Get:103 http://deb.debian.org/debian bookworm/main arm64 liblapack-dev arm64 3.11.0-2 [3065 kB]
#8 2.674 Get:104 http://deb.debian.org/debian bookworm/main arm64 libldap-common all 2.5.13+dfsg-5 [29.3 kB]
#8 2.674 Get:105 http://deb.debian.org/debian-security bookworm-security/main arm64 libxml2 arm64 2.9.14+dfsg-1.3~deb12u2 [619 kB]
#8 2.681 Get:106 http://deb.debian.org/debian bookworm/main arm64 libz3-4 arm64 4.8.12-3.1 [6282 kB]
#8 2.721 Get:107 http://deb.debian.org/debian bookworm/main arm64 libllvm14 arm64 1:14.0.6-12 [19.3 MB]
#8 2.852 Get:108 http://deb.debian.org/debian bookworm/main arm64 libomp5-14 arm64 1:14.0.6-12 [317 kB]
#8 2.855 Get:109 http://deb.debian.org/debian bookworm/main arm64 libomp-14-dev arm64 1:14.0.6-12 [333 kB]
#8 2.856 Get:110 http://deb.debian.org/debian bookworm/main arm64 libomp-dev arm64 1:14.0-55.7~deb12u1 [4672 B]
#8 2.856 Get:111 http://deb.debian.org/debian bookworm/main arm64 libopenblas0 arm64 0.3.21+ds-4 [32.6 kB]
#8 2.856 Get:112 http://deb.debian.org/debian bookworm/main arm64 libopenblas-dev arm64 0.3.21+ds-4 [44.9 kB]
#8 2.856 Get:113 http://deb.debian.org/debian bookworm/main arm64 libpkgconf3 arm64 1.8.1-1 [35.3 kB]
#8 2.857 Get:114 http://deb.debian.org/debian bookworm/main arm64 libsasl2-modules arm64 2.1.28+dfsg-10 [63.1 kB]
#8 2.857 Get:115 http://deb.debian.org/debian bookworm/main arm64 manpages-dev all 6.03-2 [2030 kB]
#8 2.877 Get:116 http://deb.debian.org/debian bookworm/main arm64 pkgconf-bin arm64 1.8.1-1 [28.9 kB]
#8 2.877 Get:117 http://deb.debian.org/debian bookworm/main arm64 pkgconf arm64 1.8.1-1 [25.9 kB]
#8 2.877 Get:118 http://deb.debian.org/debian bookworm/main arm64 pkg-config arm64 1.8.1-1 [13.7 kB]
#8 2.878 Get:119 http://deb.debian.org/debian bookworm/main arm64 publicsuffix all 20230209.2326-1 [126 kB]
#8 3.004 debconf: delaying package configuration, since apt-utils is not installed
#8 3.015 Fetched 136 MB in 1s (111 MB/s)
#8 3.026 Selecting previously unselected package krb5-locales.
#8 3.026 (Reading database ... (Reading database ... 5%(Reading database ... 10%(Reading database ... 15%(Reading database ... 20%(Reading database ... 25%(Reading database ... 30%(Reading database ... 35%(Reading database ... 40%(Reading database ... 45%(Reading database ... 50%(Reading database ... 55%(Reading database ... 60%(Reading database ... 65%(Reading database ... 70%(Reading database ... 75%(Reading database ... 80%(Reading database ... 85%(Reading database ... 90%(Reading database ... 95%(Reading database ... 100%(Reading database ... 6626 files and directories currently installed.)
#8 3.035 Preparing to unpack .../000-krb5-locales_1.20.1-2+deb12u3_all.deb ...
#8 3.036 Unpacking krb5-locales (1.20.1-2+deb12u3) ...
#8 3.048 Selecting previously unselected package manpages.
#8 3.049 Preparing to unpack .../001-manpages_6.03-2_all.deb ...
#8 3.051 Unpacking manpages (6.03-2) ...
#8 3.099 Selecting previously unselected package binutils-common:arm64.
#8 3.100 Preparing to unpack .../002-binutils-common_2.40-2_arm64.deb ...
#8 3.100 Unpacking binutils-common:arm64 (2.40-2) ...
#8 3.233 Selecting previously unselected package libbinutils:arm64.
#8 3.234 Preparing to unpack .../003-libbinutils_2.40-2_arm64.deb ...
#8 3.236 Unpacking libbinutils:arm64 (2.40-2) ...
#8 3.272 Selecting previously unselected package libctf-nobfd0:arm64.
#8 3.272 Preparing to unpack .../004-libctf-nobfd0_2.40-2_arm64.deb ...
#8 3.273 Unpacking libctf-nobfd0:arm64 (2.40-2) ...
#8 3.288 Selecting previously unselected package libctf0:arm64.
#8 3.289 Preparing to unpack .../005-libctf0_2.40-2_arm64.deb ...
#8 3.291 Unpacking libctf0:arm64 (2.40-2) ...
#8 3.308 Selecting previously unselected package libgprofng0:arm64.
#8 3.309 Preparing to unpack .../006-libgprofng0_2.40-2_arm64.deb ...
#8 3.310 Unpacking libgprofng0:arm64 (2.40-2) ...
#8 3.346 Selecting previously unselected package libjansson4:arm64.
#8 3.346 Preparing to unpack .../007-libjansson4_2.14-2_arm64.deb ...
#8 3.347 Unpacking libjansson4:arm64 (2.14-2) ...
#8 3.357 Selecting previously unselected package binutils-aarch64-linux-gnu.
#8 3.358 Preparing to unpack .../008-binutils-aarch64-linux-gnu_2.40-2_arm64.deb ...
#8 3.359 Unpacking binutils-aarch64-linux-gnu (2.40-2) ...
#8 3.520 Selecting previously unselected package binutils.
#8 3.521 Preparing to unpack .../009-binutils_2.40-2_arm64.deb ...
#8 3.522 Unpacking binutils (2.40-2) ...
#8 3.538 Selecting previously unselected package libisl23:arm64.
#8 3.538 Preparing to unpack .../010-libisl23_0.25-1.1_arm64.deb ...
#8 3.539 Unpacking libisl23:arm64 (0.25-1.1) ...
#8 3.576 Selecting previously unselected package libmpfr6:arm64.
#8 3.576 Preparing to unpack .../011-libmpfr6_4.2.0-1_arm64.deb ...
#8 3.577 Unpacking libmpfr6:arm64 (4.2.0-1) ...
#8 3.598 Selecting previously unselected package libmpc3:arm64.
#8 3.599 Preparing to unpack .../012-libmpc3_1.3.1-1_arm64.deb ...
#8 3.600 Unpacking libmpc3:arm64 (1.3.1-1) ...
#8 3.610 Selecting previously unselected package cpp-12.
#8 3.610 Preparing to unpack .../013-cpp-12_12.2.0-14+deb12u1_arm64.deb ...
#8 3.611 Unpacking cpp-12 (12.2.0-14+deb12u1) ...
#8 3.898 Selecting previously unselected package cpp.
#8 3.899 Preparing to unpack .../014-cpp_4%3a12.2.0-3_arm64.deb ...
#8 3.900 Unpacking cpp (4:12.2.0-3) ...
#8 3.909 Selecting previously unselected package libbrotli1:arm64.
#8 3.909 Preparing to unpack .../015-libbrotli1_1.0.9-2+b6_arm64.deb ...
#8 3.910 Unpacking libbrotli1:arm64 (1.0.9-2+b6) ...
#8 3.931 Selecting previously unselected package libkrb5support0:arm64.
#8 3.932 Preparing to unpack .../016-libkrb5support0_1.20.1-2+deb12u3_arm64.deb ...
#8 3.932 Unpacking libkrb5support0:arm64 (1.20.1-2+deb12u3) ...
#8 3.943 Selecting previously unselected package libk5crypto3:arm64.
#8 3.943 Preparing to unpack .../017-libk5crypto3_1.20.1-2+deb12u3_arm64.deb ...
#8 3.944 Unpacking libk5crypto3:arm64 (1.20.1-2+deb12u3) ...
#8 3.958 Selecting previously unselected package libkeyutils1:arm64.
#8 3.958 Preparing to unpack .../018-libkeyutils1_1.6.3-2_arm64.deb ...
#8 3.959 Unpacking libkeyutils1:arm64 (1.6.3-2) ...
#8 3.969 Selecting previously unselected package libkrb5-3:arm64.
#8 3.969 Preparing to unpack .../019-libkrb5-3_1.20.1-2+deb12u3_arm64.deb ...
#8 3.971 Unpacking libkrb5-3:arm64 (1.20.1-2+deb12u3) ...
#8 3.995 Selecting previously unselected package libgssapi-krb5-2:arm64.
#8 3.996 Preparing to unpack .../020-libgssapi-krb5-2_1.20.1-2+deb12u3_arm64.deb ...
#8 3.997 Unpacking libgssapi-krb5-2:arm64 (1.20.1-2+deb12u3) ...
#8 4.011 Selecting previously unselected package libsasl2-modules-db:arm64.
#8 4.011 Preparing to unpack .../021-libsasl2-modules-db_2.1.28+dfsg-10_arm64.deb ...
#8 4.012 Unpacking libsasl2-modules-db:arm64 (2.1.28+dfsg-10) ...
#8 4.022 Selecting previously unselected package libsasl2-2:arm64.
#8 4.023 Preparing to unpack .../022-libsasl2-2_2.1.28+dfsg-10_arm64.deb ...
#8 4.023 Unpacking libsasl2-2:arm64 (2.1.28+dfsg-10) ...
#8 4.036 Selecting previously unselected package libldap-2.5-0:arm64.
#8 4.037 Preparing to unpack .../023-libldap-2.5-0_2.5.13+dfsg-5_arm64.deb ...
#8 4.037 Unpacking libldap-2.5-0:arm64 (2.5.13+dfsg-5) ...
#8 4.054 Selecting previously unselected package libnghttp2-14:arm64.
#8 4.055 Preparing to unpack .../024-libnghttp2-14_1.52.0-1+deb12u2_arm64.deb ...
#8 4.056 Unpacking libnghttp2-14:arm64 (1.52.0-1+deb12u2) ...
#8 4.066 Selecting previously unselected package libpsl5:arm64.
#8 4.067 Preparing to unpack .../025-libpsl5_0.21.2-1_arm64.deb ...
#8 4.068 Unpacking libpsl5:arm64 (0.21.2-1) ...
#8 4.082 Selecting previously unselected package librtmp1:arm64.
#8 4.082 Preparing to unpack .../026-librtmp1_2.4+20151223.gitfa8646d.1-2+b2_arm64.deb ...
#8 4.083 Unpacking librtmp1:arm64 (2.4+20151223.gitfa8646d.1-2+b2) ...
#8 4.094 Selecting previously unselected package libssh2-1:arm64.
#8 4.095 Preparing to unpack .../027-libssh2-1_1.10.0-3+b1_arm64.deb ...
#8 4.096 Unpacking libssh2-1:arm64 (1.10.0-3+b1) ...
#8 4.112 Selecting previously unselected package libcurl4:arm64.
#8 4.112 Preparing to unpack .../028-libcurl4_7.88.1-10+deb12u12_arm64.deb ...
#8 4.113 Unpacking libcurl4:arm64 (7.88.1-10+deb12u12) ...
#8 4.135 Selecting previously unselected package curl.
#8 4.135 Preparing to unpack .../029-curl_7.88.1-10+deb12u12_arm64.deb ...
#8 4.136 Unpacking curl (7.88.1-10+deb12u12) ...
#8 4.155 Selecting previously unselected package fonts-dejavu-core.
#8 4.156 Preparing to unpack .../030-fonts-dejavu-core_2.37-6_all.deb ...
#8 4.158 Unpacking fonts-dejavu-core (2.37-6) ...
#8 4.211 Selecting previously unselected package fontconfig-config.
#8 4.211 Preparing to unpack .../031-fontconfig-config_2.14.1-4_arm64.deb ...
#8 4.244 Unpacking fontconfig-config (2.14.1-4) ...
#8 4.260 Selecting previously unselected package libcc1-0:arm64.
#8 4.260 Preparing to unpack .../032-libcc1-0_12.2.0-14+deb12u1_arm64.deb ...
#8 4.262 Unpacking libcc1-0:arm64 (12.2.0-14+deb12u1) ...
#8 4.274 Selecting previously unselected package libgomp1:arm64.
#8 4.274 Preparing to unpack .../033-libgomp1_12.2.0-14+deb12u1_arm64.deb ...
#8 4.276 Unpacking libgomp1:arm64 (12.2.0-14+deb12u1) ...
#8 4.292 Selecting previously unselected package libitm1:arm64.
#8 4.293 Preparing to unpack .../034-libitm1_12.2.0-14+deb12u1_arm64.deb ...
#8 4.294 Unpacking libitm1:arm64 (12.2.0-14+deb12u1) ...
#8 4.304 Selecting previously unselected package libatomic1:arm64.
#8 4.305 Preparing to unpack .../035-libatomic1_12.2.0-14+deb12u1_arm64.deb ...
#8 4.306 Unpacking libatomic1:arm64 (12.2.0-14+deb12u1) ...
#8 4.318 Selecting previously unselected package libasan8:arm64.
#8 4.318 Preparing to unpack .../036-libasan8_12.2.0-14+deb12u1_arm64.deb ...
#8 4.319 Unpacking libasan8:arm64 (12.2.0-14+deb12u1) ...
#8 4.409 Selecting previously unselected package liblsan0:arm64.
#8 4.409 Preparing to unpack .../037-liblsan0_12.2.0-14+deb12u1_arm64.deb ...
#8 4.410 Unpacking liblsan0:arm64 (12.2.0-14+deb12u1) ...
#8 4.454 Selecting previously unselected package libtsan2:arm64.
#8 4.454 Preparing to unpack .../038-libtsan2_12.2.0-14+deb12u1_arm64.deb ...
#8 4.455 Unpacking libtsan2:arm64 (12.2.0-14+deb12u1) ...
#8 4.553 Selecting previously unselected package libubsan1:arm64.
#8 4.553 Preparing to unpack .../039-libubsan1_12.2.0-14+deb12u1_arm64.deb ...
#8 4.554 Unpacking libubsan1:arm64 (12.2.0-14+deb12u1) ...
#8 4.597 Selecting previously unselected package libhwasan0:arm64.
#8 4.598 Preparing to unpack .../040-libhwasan0_12.2.0-14+deb12u1_arm64.deb ...
#8 4.598 Unpacking libhwasan0:arm64 (12.2.0-14+deb12u1) ...
#8 4.645 Selecting previously unselected package libgcc-12-dev:arm64.
#8 4.646 Preparing to unpack .../041-libgcc-12-dev_12.2.0-14+deb12u1_arm64.deb ...
#8 4.647 Unpacking libgcc-12-dev:arm64 (12.2.0-14+deb12u1) ...
#8 4.703 Selecting previously unselected package gcc-12.
#8 4.704 Preparing to unpack .../042-gcc-12_12.2.0-14+deb12u1_arm64.deb ...
#8 4.705 Unpacking gcc-12 (12.2.0-14+deb12u1) ...
#8 5.045 Selecting previously unselected package gcc.
#8 5.045 Preparing to unpack .../043-gcc_4%3a12.2.0-3_arm64.deb ...
#8 5.046 Unpacking gcc (4:12.2.0-3) ...
#8 5.055 Selecting previously unselected package libc-dev-bin.
#8 5.055 Preparing to unpack .../044-libc-dev-bin_2.36-9+deb12u10_arm64.deb ...
#8 5.056 Unpacking libc-dev-bin (2.36-9+deb12u10) ...
#8 5.067 Selecting previously unselected package linux-libc-dev:arm64.
#8 5.068 Preparing to unpack .../045-linux-libc-dev_6.1.147-1_arm64.deb ...
#8 5.071 Unpacking linux-libc-dev:arm64 (6.1.147-1) ...
#8 5.131 Selecting previously unselected package libcrypt-dev:arm64.
#8 5.132 Preparing to unpack .../046-libcrypt-dev_1%3a4.4.33-2_arm64.deb ...
#8 5.134 Unpacking libcrypt-dev:arm64 (1:4.4.33-2) ...
#8 5.148 Selecting previously unselected package libtirpc-common.
#8 5.148 Preparing to unpack .../047-libtirpc-common_1.3.3+ds-1_all.deb ...
#8 5.149 Unpacking libtirpc-common (1.3.3+ds-1) ...
#8 5.162 Selecting previously unselected package libtirpc3:arm64.
#8 5.163 Preparing to unpack .../048-libtirpc3_1.3.3+ds-1_arm64.deb ...
#8 5.164 Unpacking libtirpc3:arm64 (1.3.3+ds-1) ...
#8 5.177 Selecting previously unselected package libnsl2:arm64.
#8 5.177 Preparing to unpack .../049-libnsl2_1.3.0-2_arm64.deb ...
#8 5.178 Unpacking libnsl2:arm64 (1.3.0-2) ...
#8 5.188 Selecting previously unselected package libtirpc-dev:arm64.
#8 5.188 Preparing to unpack .../050-libtirpc-dev_1.3.3+ds-1_arm64.deb ...
#8 5.190 Unpacking libtirpc-dev:arm64 (1.3.3+ds-1) ...
#8 5.204 Selecting previously unselected package libnsl-dev:arm64.
#8 5.204 Preparing to unpack .../051-libnsl-dev_1.3.0-2_arm64.deb ...
#8 5.206 Unpacking libnsl-dev:arm64 (1.3.0-2) ...
#8 5.218 Selecting previously unselected package rpcsvc-proto.
#8 5.219 Preparing to unpack .../052-rpcsvc-proto_1.4.3-1_arm64.deb ...
#8 5.220 Unpacking rpcsvc-proto (1.4.3-1) ...
#8 5.232 Selecting previously unselected package libc6-dev:arm64.
#8 5.232 Preparing to unpack .../053-libc6-dev_2.36-9+deb12u10_arm64.deb ...
#8 5.233 Unpacking libc6-dev:arm64 (2.36-9+deb12u10) ...
#8 5.303 Selecting previously unselected package libstdc++-12-dev:arm64.
#8 5.304 Preparing to unpack .../054-libstdc++-12-dev_12.2.0-14+deb12u1_arm64.deb ...
#8 5.305 Unpacking libstdc++-12-dev:arm64 (12.2.0-14+deb12u1) ...
#8 5.406 Selecting previously unselected package g++-12.
#8 5.407 Preparing to unpack .../055-g++-12_12.2.0-14+deb12u1_arm64.deb ...
#8 5.408 Unpacking g++-12 (12.2.0-14+deb12u1) ...
#8 5.706 Selecting previously unselected package g++.
#8 5.707 Preparing to unpack .../056-g++_4%3a12.2.0-3_arm64.deb ...
#8 5.708 Unpacking g++ (4:12.2.0-3) ...
#8 5.719 Selecting previously unselected package libgfortran5:arm64.
#8 5.720 Preparing to unpack .../057-libgfortran5_12.2.0-14+deb12u1_arm64.deb ...
#8 5.721 Unpacking libgfortran5:arm64 (12.2.0-14+deb12u1) ...
#8 5.744 Selecting previously unselected package libgfortran-12-dev:arm64.
#8 5.744 Preparing to unpack .../058-libgfortran-12-dev_12.2.0-14+deb12u1_arm64.deb ...
#8 5.745 Unpacking libgfortran-12-dev:arm64 (12.2.0-14+deb12u1) ...
#8 5.772 Selecting previously unselected package gfortran-12.
#8 5.773 Preparing to unpack .../059-gfortran-12_12.2.0-14+deb12u1_arm64.deb ...
#8 5.774 Unpacking gfortran-12 (12.2.0-14+deb12u1) ...
#8 6.075 Selecting previously unselected package gfortran.
#8 6.075 Preparing to unpack .../060-gfortran_4%3a12.2.0-3_arm64.deb ...
#8 6.076 Unpacking gfortran (4:12.2.0-3) ...
#8 6.085 Selecting previously unselected package libabsl20220623:arm64.
#8 6.086 Preparing to unpack .../061-libabsl20220623_20220623.1-1+deb12u2_arm64.deb ...
#8 6.087 Unpacking libabsl20220623:arm64 (20220623.1-1+deb12u2) ...
#8 6.118 Selecting previously unselected package libaom3:arm64.
#8 6.119 Preparing to unpack .../062-libaom3_3.6.0-1+deb12u1_arm64.deb ...
#8 6.122 Unpacking libaom3:arm64 (3.6.0-1+deb12u1) ...
#8 6.184 Selecting previously unselected package libatlas3-base:arm64.
#8 6.185 Preparing to unpack .../063-libatlas3-base_3.10.3-13_arm64.deb ...
#8 6.187 Unpacking libatlas3-base:arm64 (3.10.3-13) ...
#8 6.302 Selecting previously unselected package libatlas-base-dev:arm64.
#8 6.303 Preparing to unpack .../064-libatlas-base-dev_3.10.3-13_arm64.deb ...
#8 6.304 Unpacking libatlas-base-dev:arm64 (3.10.3-13) ...
#8 6.428 Selecting previously unselected package libdav1d6:arm64.
#8 6.429 Preparing to unpack .../065-libdav1d6_1.0.0-2+deb12u1_arm64.deb ...
#8 6.430 Unpacking libdav1d6:arm64 (1.0.0-2+deb12u1) ...
#8 6.452 Selecting previously unselected package libgav1-1:arm64.
#8 6.452 Preparing to unpack .../066-libgav1-1_0.18.0-1+b1_arm64.deb ...
#8 6.453 Unpacking libgav1-1:arm64 (0.18.0-1+b1) ...
#8 6.481 Selecting previously unselected package librav1e0:arm64.
#8 6.482 Preparing to unpack .../067-librav1e0_0.5.1-6_arm64.deb ...
#8 6.485 Unpacking librav1e0:arm64 (0.5.1-6) ...
#8 6.516 Selecting previously unselected package libsvtav1enc1:arm64.
#8 6.517 Preparing to unpack .../068-libsvtav1enc1_1.4.1+dfsg-1_arm64.deb ...
#8 6.517 Unpacking libsvtav1enc1:arm64 (1.4.1+dfsg-1) ...
#8 6.567 Selecting previously unselected package libjpeg62-turbo:arm64.
#8 6.568 Preparing to unpack .../069-libjpeg62-turbo_1%3a2.1.5-2_arm64.deb ...
#8 6.572 Unpacking libjpeg62-turbo:arm64 (1:2.1.5-2) ...
#8 6.589 Selecting previously unselected package libyuv0:arm64.
#8 6.590 Preparing to unpack .../070-libyuv0_0.0~git20230123.b2528b0-1_arm64.deb ...
#8 6.591 Unpacking libyuv0:arm64 (0.0~git20230123.b2528b0-1) ...
#8 6.605 Selecting previously unselected package libavif15:arm64.
#8 6.606 Preparing to unpack .../071-libavif15_0.11.1-1+deb12u1_arm64.deb ...
#8 6.606 Unpacking libavif15:arm64 (0.11.1-1+deb12u1) ...
#8 6.623 Selecting previously unselected package libblas3:arm64.
#8 6.624 Preparing to unpack .../072-libblas3_3.11.0-2_arm64.deb ...
#8 6.625 Unpacking libblas3:arm64 (3.11.0-2) ...
#8 6.639 Selecting previously unselected package libblas-dev:arm64.
#8 6.640 Preparing to unpack .../073-libblas-dev_3.11.0-2_arm64.deb ...
#8 6.641 Unpacking libblas-dev:arm64 (3.11.0-2) ...
#8 6.655 Selecting previously unselected package libbsd0:arm64.
#8 6.655 Preparing to unpack .../074-libbsd0_0.11.7-2_arm64.deb ...
#8 6.657 Unpacking libbsd0:arm64 (0.11.7-2) ...
#8 6.671 Selecting previously unselected package libexpat1:arm64.
#8 6.672 Preparing to unpack .../075-libexpat1_2.5.0-1+deb12u1_arm64.deb ...
#8 6.673 Unpacking libexpat1:arm64 (2.5.0-1+deb12u1) ...
#8 6.685 Selecting previously unselected package libpng16-16:arm64.
#8 6.686 Preparing to unpack .../076-libpng16-16_1.6.39-2_arm64.deb ...
#8 6.687 Unpacking libpng16-16:arm64 (1.6.39-2) ...
#8 6.704 Selecting previously unselected package libfreetype6:arm64.
#8 6.705 Preparing to unpack .../077-libfreetype6_2.12.1+dfsg-5+deb12u4_arm64.deb ...
#8 6.706 Unpacking libfreetype6:arm64 (2.12.1+dfsg-5+deb12u4) ...
#8 6.730 Selecting previously unselected package libfontconfig1:arm64.
#8 6.731 Preparing to unpack .../078-libfontconfig1_2.14.1-4_arm64.deb ...
#8 6.732 Unpacking libfontconfig1:arm64 (2.14.1-4) ...
#8 6.747 Selecting previously unselected package libde265-0:arm64.
#8 6.748 Preparing to unpack .../079-libde265-0_1.0.11-1+deb12u2_arm64.deb ...
#8 6.749 Unpacking libde265-0:arm64 (1.0.11-1+deb12u2) ...
#8 6.766 Selecting previously unselected package libnuma1:arm64.
#8 6.767 Preparing to unpack .../080-libnuma1_2.0.16-1_arm64.deb ...
#8 6.767 Unpacking libnuma1:arm64 (2.0.16-1) ...
#8 6.780 Selecting previously unselected package libx265-199:arm64.
#8 6.780 Preparing to unpack .../081-libx265-199_3.5-2+b1_arm64.deb ...
#8 6.781 Unpacking libx265-199:arm64 (3.5-2+b1) ...
#8 6.817 Selecting previously unselected package libheif1:arm64.
#8 6.818 Preparing to unpack .../082-libheif1_1.15.1-1+deb12u1_arm64.deb ...
#8 6.819 Unpacking libheif1:arm64 (1.15.1-1+deb12u1) ...
#8 6.836 Selecting previously unselected package libdeflate0:arm64.
#8 6.836 Preparing to unpack .../083-libdeflate0_1.14-1_arm64.deb ...
#8 6.844 Unpacking libdeflate0:arm64 (1.14-1) ...
#8 6.859 Selecting previously unselected package libjbig0:arm64.
#8 6.860 Preparing to unpack .../084-libjbig0_2.1-6.1_arm64.deb ...
#8 6.860 Unpacking libjbig0:arm64 (2.1-6.1) ...
#8 6.872 Selecting previously unselected package liblerc4:arm64.
#8 6.872 Preparing to unpack .../085-liblerc4_4.0.0+ds-2_arm64.deb ...
#8 6.873 Unpacking liblerc4:arm64 (4.0.0+ds-2) ...
#8 6.888 Selecting previously unselected package libwebp7:arm64.
#8 6.889 Preparing to unpack .../086-libwebp7_1.2.4-0.2+deb12u1_arm64.deb ...
#8 6.891 Unpacking libwebp7:arm64 (1.2.4-0.2+deb12u1) ...
#8 6.908 Selecting previously unselected package libtiff6:arm64.
#8 6.909 Preparing to unpack .../087-libtiff6_4.5.0-6+deb12u2_arm64.deb ...
#8 6.910 Unpacking libtiff6:arm64 (4.5.0-6+deb12u2) ...
#8 6.928 Selecting previously unselected package libxau6:arm64.
#8 6.928 Preparing to unpack .../088-libxau6_1%3a1.0.9-1_arm64.deb ...
#8 6.929 Unpacking libxau6:arm64 (1:1.0.9-1) ...
#8 6.942 Selecting previously unselected package libxdmcp6:arm64.
#8 6.943 Preparing to unpack .../089-libxdmcp6_1%3a1.1.2-3_arm64.deb ...
#8 6.944 Unpacking libxdmcp6:arm64 (1:1.1.2-3) ...
#8 6.954 Selecting previously unselected package libxcb1:arm64.
#8 6.955 Preparing to unpack .../090-libxcb1_1.15-1_arm64.deb ...
#8 6.955 Unpacking libxcb1:arm64 (1.15-1) ...
#8 6.968 Selecting previously unselected package libx11-data.
#8 6.969 Preparing to unpack .../091-libx11-data_2%3a1.8.4-2+deb12u2_all.deb ...
#8 6.969 Unpacking libx11-data (2:1.8.4-2+deb12u2) ...
#8 6.995 Selecting previously unselected package libx11-6:arm64.
#8 6.995 Preparing to unpack .../092-libx11-6_2%3a1.8.4-2+deb12u2_arm64.deb ...
#8 6.996 Unpacking libx11-6:arm64 (2:1.8.4-2+deb12u2) ...
#8 7.029 Selecting previously unselected package libxpm4:arm64.
#8 7.030 Preparing to unpack .../093-libxpm4_1%3a3.5.12-1.1+deb12u1_arm64.deb ...
#8 7.031 Unpacking libxpm4:arm64 (1:3.5.12-1.1+deb12u1) ...
#8 7.044 Selecting previously unselected package libgd3:arm64.
#8 7.044 Preparing to unpack .../094-libgd3_2.3.3-9_arm64.deb ...
#8 7.045 Unpacking libgd3:arm64 (2.3.3-9) ...
#8 7.058 Selecting previously unselected package libc-devtools.
#8 7.059 Preparing to unpack .../095-libc-devtools_2.36-9+deb12u10_arm64.deb ...
#8 7.060 Unpacking libc-devtools (2.36-9+deb12u10) ...
#8 7.073 Selecting previously unselected package libedit2:arm64.
#8 7.074 Preparing to unpack .../096-libedit2_3.1-20221030-2_arm64.deb ...
#8 7.075 Unpacking libedit2:arm64 (3.1-20221030-2) ...
#8 7.089 Selecting previously unselected package libelf1:arm64.
#8 7.089 Preparing to unpack .../097-libelf1_0.188-2.1_arm64.deb ...
#8 7.090 Unpacking libelf1:arm64 (0.188-2.1) ...
#8 7.106 Selecting previously unselected package libicu72:arm64.
#8 7.107 Preparing to unpack .../098-libicu72_72.1-3+deb12u1_arm64.deb ...
#8 7.109 Unpacking libicu72:arm64 (72.1-3+deb12u1) ...
#8 7.396 Selecting previously unselected package libopenblas0-pthread:arm64.
#8 7.397 Preparing to unpack .../099-libopenblas0-pthread_0.3.21+ds-4_arm64.deb ...
#8 7.399 Unpacking libopenblas0-pthread:arm64 (0.3.21+ds-4) ...
#8 7.579 Selecting previously unselected package liblapack3:arm64.
#8 7.580 Preparing to unpack .../100-liblapack3_3.11.0-2_arm64.deb ...
#8 7.581 Unpacking liblapack3:arm64 (3.11.0-2) ...
#8 7.652 Selecting previously unselected package libopenblas-pthread-dev:arm64.
#8 7.653 Preparing to unpack .../101-libopenblas-pthread-dev_0.3.21+ds-4_arm64.deb ...
#8 7.656 Unpacking libopenblas-pthread-dev:arm64 (0.3.21+ds-4) ...
#8 7.761 Selecting previously unselected package liblapack-dev:arm64.
#8 7.762 Preparing to unpack .../102-liblapack-dev_3.11.0-2_arm64.deb ...
#8 7.764 Unpacking liblapack-dev:arm64 (3.11.0-2) ...
#8 7.900 Selecting previously unselected package libldap-common.
#8 7.901 Preparing to unpack .../103-libldap-common_2.5.13+dfsg-5_all.deb ...
#8 7.902 Unpacking libldap-common (2.5.13+dfsg-5) ...
#8 7.913 Selecting previously unselected package libxml2:arm64.
#8 7.914 Preparing to unpack .../104-libxml2_2.9.14+dfsg-1.3~deb12u2_arm64.deb ...
#8 7.915 Unpacking libxml2:arm64 (2.9.14+dfsg-1.3~deb12u2) ...
#8 7.949 Selecting previously unselected package libz3-4:arm64.
#8 7.949 Preparing to unpack .../105-libz3-4_4.8.12-3.1_arm64.deb ...
#8 7.952 Unpacking libz3-4:arm64 (4.8.12-3.1) ...
#8 8.189 Selecting previously unselected package libllvm14:arm64.
#8 8.190 Preparing to unpack .../106-libllvm14_1%3a14.0.6-12_arm64.deb ...
#8 8.191 Unpacking libllvm14:arm64 (1:14.0.6-12) ...
#8 8.603 Selecting previously unselected package libomp5-14:arm64.
#8 8.604 Preparing to unpack .../107-libomp5-14_1%3a14.0.6-12_arm64.deb ...
#8 8.605 Unpacking libomp5-14:arm64 (1:14.0.6-12) ...
#8 8.626 Selecting previously unselected package libomp-14-dev.
#8 8.627 Preparing to unpack .../108-libomp-14-dev_1%3a14.0.6-12_arm64.deb ...
#8 8.628 Unpacking libomp-14-dev (1:14.0.6-12) ...
#8 8.657 Selecting previously unselected package libomp-dev:arm64.
#8 8.658 Preparing to unpack .../109-libomp-dev_1%3a14.0-55.7~deb12u1_arm64.deb ...
#8 8.659 Unpacking libomp-dev:arm64 (1:14.0-55.7~deb12u1) ...
#8 8.667 Selecting previously unselected package libopenblas0:arm64.
#8 8.667 Preparing to unpack .../110-libopenblas0_0.3.21+ds-4_arm64.deb ...
#8 8.668 Unpacking libopenblas0:arm64 (0.3.21+ds-4) ...
#8 8.679 Selecting previously unselected package libopenblas-dev:arm64.
#8 8.680 Preparing to unpack .../111-libopenblas-dev_0.3.21+ds-4_arm64.deb ...
#8 8.681 Unpacking libopenblas-dev:arm64 (0.3.21+ds-4) ...
#8 8.693 Selecting previously unselected package libpkgconf3:arm64.
#8 8.694 Preparing to unpack .../112-libpkgconf3_1.8.1-1_arm64.deb ...
#8 8.695 Unpacking libpkgconf3:arm64 (1.8.1-1) ...
#8 8.707 Selecting previously unselected package libsasl2-modules:arm64.
#8 8.708 Preparing to unpack .../113-libsasl2-modules_2.1.28+dfsg-10_arm64.deb ...
#8 8.711 Unpacking libsasl2-modules:arm64 (2.1.28+dfsg-10) ...
#8 8.723 Selecting previously unselected package manpages-dev.
#8 8.724 Preparing to unpack .../114-manpages-dev_6.03-2_all.deb ...
#8 8.726 Unpacking manpages-dev (6.03-2) ...
#8 8.813 Selecting previously unselected package pkgconf-bin.
#8 8.814 Preparing to unpack .../115-pkgconf-bin_1.8.1-1_arm64.deb ...
#8 8.815 Unpacking pkgconf-bin (1.8.1-1) ...
#8 8.825 Selecting previously unselected package pkgconf:arm64.
#8 8.826 Preparing to unpack .../116-pkgconf_1.8.1-1_arm64.deb ...
#8 8.827 Unpacking pkgconf:arm64 (1.8.1-1) ...
#8 8.838 Selecting previously unselected package pkg-config:arm64.
#8 8.839 Preparing to unpack .../117-pkg-config_1.8.1-1_arm64.deb ...
#8 8.840 Unpacking pkg-config:arm64 (1.8.1-1) ...
#8 8.848 Selecting previously unselected package publicsuffix.
#8 8.849 Preparing to unpack .../118-publicsuffix_20230209.2326-1_all.deb ...
#8 8.850 Unpacking publicsuffix (20230209.2326-1) ...
#8 8.865 Setting up libexpat1:arm64 (2.5.0-1+deb12u1) ...
#8 8.869 Setting up libomp5-14:arm64 (1:14.0.6-12) ...
#8 8.873 Setting up libaom3:arm64 (3.6.0-1+deb12u1) ...
#8 8.877 Setting up libabsl20220623:arm64 (20220623.1-1+deb12u2) ...
#8 8.882 Setting up libxau6:arm64 (1:1.0.9-1) ...
#8 8.886 Setting up libkeyutils1:arm64 (1.6.3-2) ...
#8 8.888 Setting up libpsl5:arm64 (0.21.2-1) ...
#8 8.892 Setting up libicu72:arm64 (72.1-3+deb12u1) ...
#8 8.896 Setting up liblerc4:arm64 (4.0.0+ds-2) ...
#8 8.898 Setting up manpages (6.03-2) ...
#8 8.904 Setting up libtirpc-common (1.3.3+ds-1) ...
#8 8.910 Setting up libbrotli1:arm64 (1.0.9-2+b6) ...
#8 8.915 Setting up libsasl2-modules:arm64 (2.1.28+dfsg-10) ...
#8 8.919 Setting up binutils-common:arm64 (2.40-2) ...
#8 8.925 Setting up libnghttp2-14:arm64 (1.52.0-1+deb12u2) ...
#8 8.927 Setting up libdeflate0:arm64 (1.14-1) ...
#8 8.933 Setting up linux-libc-dev:arm64 (6.1.147-1) ...
#8 8.939 Setting up libctf-nobfd0:arm64 (2.40-2) ...
#8 8.941 Setting up krb5-locales (1.20.1-2+deb12u3) ...
#8 8.946 Setting up libsvtav1enc1:arm64 (1.4.1+dfsg-1) ...
#8 8.949 Setting up libgomp1:arm64 (12.2.0-14+deb12u1) ...
#8 8.954 Setting up libldap-common (2.5.13+dfsg-5) ...
#8 8.960 Setting up libjbig0:arm64 (2.1-6.1) ...
#8 8.963 Setting up librav1e0:arm64 (0.5.1-6) ...
#8 8.968 Setting up libjansson4:arm64 (2.14-2) ...
#8 8.970 Setting up libkrb5support0:arm64 (1.20.1-2+deb12u3) ...
#8 8.976 Setting up libsasl2-modules-db:arm64 (2.1.28+dfsg-10) ...
#8 8.981 Setting up libz3-4:arm64 (4.8.12-3.1) ...
#8 8.984 Setting up libblas3:arm64 (3.11.0-2) ...
#8 8.989 update-alternatives: using /usr/lib/aarch64-linux-gnu/blas/libblas.so.3 to provide /usr/lib/aarch64-linux-gnu/libblas.so.3 (libblas.so.3-aarch64-linux-gnu) in auto mode
#8 8.991 Setting up libpkgconf3:arm64 (1.8.1-1) ...
#8 8.996 Setting up rpcsvc-proto (1.4.3-1) ...
#8 8.998 Setting up libjpeg62-turbo:arm64 (1:2.1.5-2) ...
#8 9.003 Setting up libx11-data (2:1.8.4-2+deb12u2) ...
#8 9.008 Setting up libmpfr6:arm64 (4.2.0-1) ...
#8 9.010 Setting up librtmp1:arm64 (2.4+20151223.gitfa8646d.1-2+b2) ...
#8 9.014 Setting up libpng16-16:arm64 (1.6.39-2) ...
#8 9.020 Setting up libmpc3:arm64 (1.3.1-1) ...
#8 9.022 Setting up libatomic1:arm64 (12.2.0-14+deb12u1) ...
#8 9.025 Setting up fonts-dejavu-core (2.37-6) ...
#8 9.042 Setting up libgav1-1:arm64 (0.18.0-1+b1) ...
#8 9.046 Setting up pkgconf-bin (1.8.1-1) ...
#8 9.052 Setting up libk5crypto3:arm64 (1.20.1-2+deb12u3) ...
#8 9.054 Setting up libdav1d6:arm64 (1.0.0-2+deb12u1) ...
#8 9.057 Setting up libsasl2-2:arm64 (2.1.28+dfsg-10) ...
#8 9.059 Setting up libgfortran5:arm64 (12.2.0-14+deb12u1) ...
#8 9.063 Setting up libwebp7:arm64 (1.2.4-0.2+deb12u1) ...
#8 9.069 Setting up libubsan1:arm64 (12.2.0-14+deb12u1) ...
#8 9.071 Setting up libnuma1:arm64 (2.0.16-1) ...
#8 9.074 Setting up libhwasan0:arm64 (12.2.0-14+deb12u1) ...
#8 9.078 Setting up libcrypt-dev:arm64 (1:4.4.33-2) ...
#8 9.085 Setting up libtiff6:arm64 (4.5.0-6+deb12u2) ...
#8 9.087 Setting up libasan8:arm64 (12.2.0-14+deb12u1) ...
#8 9.093 Setting up libssh2-1:arm64 (1.10.0-3+b1) ...
#8 9.096 Setting up libkrb5-3:arm64 (1.20.1-2+deb12u3) ...
#8 9.099 Setting up libtsan2:arm64 (12.2.0-14+deb12u1) ...
#8 9.104 Setting up libbinutils:arm64 (2.40-2) ...
#8 9.108 Setting up libisl23:arm64 (0.25-1.1) ...
#8 9.111 Setting up libde265-0:arm64 (1.0.11-1+deb12u2) ...
#8 9.116 Setting up libc-dev-bin (2.36-9+deb12u10) ...
#8 9.118 Setting up libbsd0:arm64 (0.11.7-2) ...
#8 9.122 Setting up libyuv0:arm64 (0.0~git20230123.b2528b0-1) ...
#8 9.127 Setting up libelf1:arm64 (0.188-2.1) ...
#8 9.129 Setting up publicsuffix (20230209.2326-1) ...
#8 9.133 Setting up libxml2:arm64 (2.9.14+dfsg-1.3~deb12u2) ...
#8 9.135 Setting up libcc1-0:arm64 (12.2.0-14+deb12u1) ...
#8 9.139 Setting up liblsan0:arm64 (12.2.0-14+deb12u1) ...
#8 9.141 Setting up libblas-dev:arm64 (3.11.0-2) ...
#8 9.146 update-alternatives: using /usr/lib/aarch64-linux-gnu/blas/libblas.so to provide /usr/lib/aarch64-linux-gnu/libblas.so (libblas.so-aarch64-linux-gnu) in auto mode
#8 9.148 Setting up libitm1:arm64 (12.2.0-14+deb12u1) ...
#8 9.152 Setting up libctf0:arm64 (2.40-2) ...
#8 9.154 Setting up manpages-dev (6.03-2) ...
#8 9.158 Setting up libxdmcp6:arm64 (1:1.1.2-3) ...
#8 9.163 Setting up liblapack3:arm64 (3.11.0-2) ...
#8 9.165 update-alternatives: using /usr/lib/aarch64-linux-gnu/lapack/liblapack.so.3 to provide /usr/lib/aarch64-linux-gnu/liblapack.so.3 (liblapack.so.3-aarch64-linux-gnu) in auto mode
#8 9.167 Setting up cpp-12 (12.2.0-14+deb12u1) ...
#8 9.172 Setting up libxcb1:arm64 (1.15-1) ...
#8 9.177 Setting up libopenblas0-pthread:arm64 (0.3.21+ds-4) ...
#8 9.179 update-alternatives: using /usr/lib/aarch64-linux-gnu/openblas-pthread/libblas.so.3 to provide /usr/lib/aarch64-linux-gnu/libblas.so.3 (libblas.so.3-aarch64-linux-gnu) in auto mode
#8 9.180 update-alternatives: using /usr/lib/aarch64-linux-gnu/openblas-pthread/liblapack.so.3 to provide /usr/lib/aarch64-linux-gnu/liblapack.so.3 (liblapack.so.3-aarch64-linux-gnu) in auto mode
#8 9.181 update-alternatives: using /usr/lib/aarch64-linux-gnu/openblas-pthread/libopenblas.so.0 to provide /usr/lib/aarch64-linux-gnu/libopenblas.so.0 (libopenblas.so.0-aarch64-linux-gnu) in auto mode
#8 9.184 Setting up libatlas3-base:arm64 (3.10.3-13) ...
#8 9.188 Setting up libavif15:arm64 (0.11.1-1+deb12u1) ...
#8 9.192 Setting up fontconfig-config (2.14.1-4) ...
#8 9.223 debconf: unable to initialize frontend: Dialog
#8 9.223 debconf: (TERM is not set, so the dialog frontend is not usable.)
#8 9.223 debconf: falling back to frontend: Readline
#8 9.224 debconf: unable to initialize frontend: Readline
#8 9.224 debconf: (Can't locate Term/ReadLine.pm in @INC (you may need to install the Term::ReadLine module) (@INC contains: /etc/perl /usr/local/lib/aarch64-linux-gnu/perl/5.36.0 /usr/local/share/perl/5.36.0 /usr/lib/aarch64-linux-gnu/perl5/5.36 /usr/share/perl5 /usr/lib/aarch64-linux-gnu/perl-base /usr/lib/aarch64-linux-gnu/perl/5.36 /usr/share/perl/5.36 /usr/local/lib/site_perl) at /usr/share/perl5/Debconf/FrontEnd/Readline.pm line 7.)
#8 9.224 debconf: falling back to frontend: Teletype
#8 9.275 Setting up libedit2:arm64 (3.1-20221030-2) ...
#8 9.280 Setting up libldap-2.5-0:arm64 (2.5.13+dfsg-5) ...
#8 9.283 Setting up libatlas-base-dev:arm64 (3.10.3-13) ...
#8 9.286 update-alternatives: using /usr/lib/aarch64-linux-gnu/atlas/libblas.so to provide /usr/lib/aarch64-linux-gnu/libblas.so (libblas.so-aarch64-linux-gnu) in auto mode
#8 9.288 update-alternatives: using /usr/lib/aarch64-linux-gnu/atlas/liblapack.so to provide /usr/lib/aarch64-linux-gnu/liblapack.so (liblapack.so-aarch64-linux-gnu) in auto mode
#8 9.289 Setting up pkgconf:arm64 (1.8.1-1) ...
#8 9.295 Setting up libgprofng0:arm64 (2.40-2) ...
#8 9.297 Setting up libfreetype6:arm64 (2.12.1+dfsg-5+deb12u4) ...
#8 9.301 Setting up libgcc-12-dev:arm64 (12.2.0-14+deb12u1) ...
#8 9.303 Setting up liblapack-dev:arm64 (3.11.0-2) ...
#8 9.309 Setting up libgssapi-krb5-2:arm64 (1.20.1-2+deb12u3) ...
#8 9.312 Setting up pkg-config:arm64 (1.8.1-1) ...
#8 9.316 Setting up libx265-199:arm64 (3.5-2+b1) ...
#8 9.320 Setting up libllvm14:arm64 (1:14.0.6-12) ...
#8 9.323 Setting up libopenblas0:arm64 (0.3.21+ds-4) ...
#8 9.326 Setting up cpp (4:12.2.0-3) ...
#8 9.331 Setting up libcurl4:arm64 (7.88.1-10+deb12u12) ...
#8 9.335 Setting up libx11-6:arm64 (2:1.8.4-2+deb12u2) ...
#8 9.337 Setting up curl (7.88.1-10+deb12u12) ...
#8 9.340 Setting up libfontconfig1:arm64 (2.14.1-4) ...
#8 9.344 Setting up libomp-14-dev (1:14.0.6-12) ...
#8 9.348 Setting up libomp-dev:arm64 (1:14.0-55.7~deb12u1) ...
#8 9.350 Setting up libopenblas-pthread-dev:arm64 (0.3.21+ds-4) ...
#8 9.354 update-alternatives: using /usr/lib/aarch64-linux-gnu/openblas-pthread/libblas.so to provide /usr/lib/aarch64-linux-gnu/libblas.so (libblas.so-aarch64-linux-gnu) in auto mode
#8 9.355 update-alternatives: using /usr/lib/aarch64-linux-gnu/openblas-pthread/liblapack.so to provide /usr/lib/aarch64-linux-gnu/liblapack.so (liblapack.so-aarch64-linux-gnu) in auto mode
#8 9.356 update-alternatives: using /usr/lib/aarch64-linux-gnu/openblas-pthread/libopenblas.so to provide /usr/lib/aarch64-linux-gnu/libopenblas.so (libopenblas.so-aarch64-linux-gnu) in auto mode
#8 9.359 Setting up libtirpc3:arm64 (1.3.3+ds-1) ...
#8 9.362 Setting up libxpm4:arm64 (1:3.5.12-1.1+deb12u1) ...
#8 9.366 Setting up libheif1:arm64 (1.15.1-1+deb12u1) ...
#8 9.369 Setting up binutils-aarch64-linux-gnu (2.40-2) ...
#8 9.372 Setting up libgfortran-12-dev:arm64 (12.2.0-14+deb12u1) ...
#8 9.376 Setting up binutils (2.40-2) ...
#8 9.378 Setting up libopenblas-dev:arm64 (0.3.21+ds-4) ...
#8 9.382 Setting up libtirpc-dev:arm64 (1.3.3+ds-1) ...
#8 9.385 Setting up gcc-12 (12.2.0-14+deb12u1) ...
#8 9.389 Setting up libgd3:arm64 (2.3.3-9) ...
#8 9.392 Setting up libnsl2:arm64 (1.3.0-2) ...
#8 9.397 Setting up libc-devtools (2.36-9+deb12u10) ...
#8 9.402 Setting up gcc (4:12.2.0-3) ...
#8 9.407 Setting up libnsl-dev:arm64 (1.3.0-2) ...
#8 9.410 Setting up libc6-dev:arm64 (2.36-9+deb12u10) ...
#8 9.414 Setting up libstdc++-12-dev:arm64 (12.2.0-14+deb12u1) ...
#8 9.417 Setting up gfortran-12 (12.2.0-14+deb12u1) ...
#8 9.420 Setting up g++-12 (12.2.0-14+deb12u1) ...
#8 9.424 Setting up gfortran (4:12.2.0-3) ...
#8 9.426 update-alternatives: using /usr/bin/gfortran to provide /usr/bin/f95 (f95) in auto mode
#8 9.427 update-alternatives: using /usr/bin/gfortran to provide /usr/bin/f77 (f77) in auto mode
#8 9.430 Setting up g++ (4:12.2.0-3) ...
#8 9.432 update-alternatives: using /usr/bin/g++ to provide /usr/bin/c++ (c++) in auto mode
#8 9.434 Processing triggers for libc-bin (2.36-9+deb12u10) ...
#8 DONE 9.7s

#9 [4/8] COPY requirements.txt .
#9 DONE 0.0s

#10 [5/8] RUN pip install --no-cache-dir --upgrade pip &&     pip install --no-cache-dir -r requirements.txt
#10 0.700 Requirement already satisfied: pip in /usr/local/lib/python3.13/site-packages (25.2)
#10 0.791 WARNING: Running pip as the 'root' user can result in broken permissions and conflicting behaviour with the system package manager, possibly rendering your system unusable. It is recommended to use a virtual environment instead: https://pip.pypa.io/warnings/venv. Use the --root-user-action option if you know what you are doing and want to suppress this warning.
#10 1.135 Collecting fastapi>=0.104.0 (from -r requirements.txt (line 3))
#10 1.228   Downloading fastapi-0.116.1-py3-none-any.whl.metadata (28 kB)
#10 1.283 Collecting uvicorn>=0.24.0 (from uvicorn[standard]>=0.24.0->-r requirements.txt (line 4))
#10 1.303   Downloading uvicorn-0.35.0-py3-none-any.whl.metadata (6.5 kB)
#10 1.389 Collecting pydantic>=2.5.0 (from -r requirements.txt (line 5))
#10 1.408   Downloading pydantic-2.11.7-py3-none-any.whl.metadata (67 kB)
#10 1.489 Collecting pandas>=2.1.0 (from -r requirements.txt (line 8))
#10 1.511   Downloading pandas-2.3.2-cp313-cp313-manylinux_2_17_aarch64.manylinux2014_aarch64.whl.metadata (91 kB)
#10 1.608 Collecting numpy>=1.24.0 (from -r requirements.txt (line 9))
#10 1.629   Downloading numpy-2.3.2-cp313-cp313-manylinux_2_27_aarch64.manylinux_2_28_aarch64.whl.metadata (62 kB)
#10 1.693 Collecting scipy>=1.11.0 (from -r requirements.txt (line 10))
#10 1.713   Downloading scipy-1.16.1-cp313-cp313-manylinux2014_aarch64.manylinux_2_17_aarch64.whl.metadata (61 kB)
#10 1.765 Collecting scikit-learn>=1.3.0 (from -r requirements.txt (line 11))
#10 1.785   Downloading scikit_learn-1.7.1-cp313-cp313-manylinux_2_27_aarch64.manylinux_2_28_aarch64.whl.metadata (11 kB)
#10 1.821 Collecting asyncpg>=0.29.0 (from -r requirements.txt (line 14))
#10 1.841   Downloading asyncpg-0.30.0-cp313-cp313-manylinux_2_17_aarch64.manylinux2014_aarch64.whl.metadata (5.0 kB)
#10 1.946 Collecting sqlalchemy>=2.0.0 (from -r requirements.txt (line 15))
#10 1.967   Downloading sqlalchemy-2.0.43-cp313-cp313-manylinux_2_17_aarch64.manylinux2014_aarch64.whl.metadata (9.6 kB)
#10 1.996 Collecting alembic>=1.12.0 (from -r requirements.txt (line 16))
#10 2.015   Downloading alembic-1.16.4-py3-none-any.whl.metadata (7.3 kB)
#10 2.043 Collecting redis>=5.0.0 (from -r requirements.txt (line 19))
#10 2.063   Downloading redis-6.4.0-py3-none-any.whl.metadata (10 kB)
#10 2.086 Collecting aioredis>=2.0.0 (from -r requirements.txt (line 20))
#10 2.110   Downloading aioredis-2.0.1-py3-none-any.whl.metadata (15 kB)
#10 2.159 Collecting psutil>=5.9.0 (from -r requirements.txt (line 23))
#10 2.185   Downloading psutil-7.0.0-cp36-abi3-manylinux_2_17_aarch64.manylinux2014_aarch64.whl.metadata (22 kB)
#10 2.212 Collecting prometheus-client>=0.19.0 (from -r requirements.txt (line 24))
#10 2.232   Downloading prometheus_client-0.22.1-py3-none-any.whl.metadata (1.9 kB)
#10 2.256 Collecting structlog>=23.2.0 (from -r requirements.txt (line 27))
#10 2.275   Downloading structlog-25.4.0-py3-none-any.whl.metadata (7.6 kB)
#10 2.301 Collecting python-json-logger>=2.0.0 (from -r requirements.txt (line 28))
#10 2.320   Downloading python_json_logger-3.3.0-py3-none-any.whl.metadata (4.0 kB)
#10 2.363 Collecting statsmodels>=0.14.0 (from -r requirements.txt (line 31))
#10 2.384   Downloading statsmodels-0.14.5-cp313-cp313-manylinux2014_aarch64.manylinux_2_17_aarch64.manylinux_2_28_aarch64.whl.metadata (9.5 kB)
#10 2.409 Collecting aiofiles>=23.2.0 (from -r requirements.txt (line 34))
#10 2.428   Downloading aiofiles-24.1.0-py3-none-any.whl.metadata (10 kB)
#10 2.464 Collecting pytest>=7.4.0 (from -r requirements.txt (line 37))
#10 2.484   Downloading pytest-8.4.1-py3-none-any.whl.metadata (7.7 kB)
#10 2.514 Collecting pytest-asyncio>=0.21.0 (from -r requirements.txt (line 38))
#10 2.536   Downloading pytest_asyncio-1.1.0-py3-none-any.whl.metadata (4.1 kB)
#10 2.577 Collecting black>=23.0.0 (from -r requirements.txt (line 39))
#10 2.598   Downloading black-25.1.0-py3-none-any.whl.metadata (81 kB)
#10 2.634 Collecting isort>=5.12.0 (from -r requirements.txt (line 40))
#10 2.658   Downloading isort-6.0.1-py3-none-any.whl.metadata (11 kB)
#10 2.716 Collecting mypy>=1.7.0 (from -r requirements.txt (line 41))
#10 2.734   Downloading mypy-1.17.1-cp313-cp313-manylinux2014_aarch64.manylinux_2_17_aarch64.manylinux_2_28_aarch64.whl.metadata (2.2 kB)
#10 2.770 Collecting starlette<0.48.0,>=0.40.0 (from fastapi>=0.104.0->-r requirements.txt (line 3))
#10 2.790   Downloading starlette-0.47.2-py3-none-any.whl.metadata (6.2 kB)
#10 2.825 Collecting typing-extensions>=4.8.0 (from fastapi>=0.104.0->-r requirements.txt (line 3))
#10 2.844   Downloading typing_extensions-4.14.1-py3-none-any.whl.metadata (3.0 kB)
#10 2.865 Collecting annotated-types>=0.6.0 (from pydantic>=2.5.0->-r requirements.txt (line 5))
#10 2.884   Downloading annotated_types-0.7.0-py3-none-any.whl.metadata (15 kB)
#10 3.141 Collecting pydantic-core==2.33.2 (from pydantic>=2.5.0->-r requirements.txt (line 5))
#10 3.161   Downloading pydantic_core-2.33.2-cp313-cp313-manylinux_2_17_aarch64.manylinux2014_aarch64.whl.metadata (6.8 kB)
#10 3.183 Collecting typing-inspection>=0.4.0 (from pydantic>=2.5.0->-r requirements.txt (line 5))
#10 3.201   Downloading typing_inspection-0.4.1-py3-none-any.whl.metadata (2.6 kB)
#10 3.227 Collecting anyio<5,>=3.6.2 (from starlette<0.48.0,>=0.40.0->fastapi>=0.104.0->-r requirements.txt (line 3))
#10 3.267   Downloading anyio-4.10.0-py3-none-any.whl.metadata (4.0 kB)
#10 3.289 Collecting idna>=2.8 (from anyio<5,>=3.6.2->starlette<0.48.0,>=0.40.0->fastapi>=0.104.0->-r requirements.txt (line 3))
#10 3.309   Downloading idna-3.10-py3-none-any.whl.metadata (10 kB)
#10 3.330 Collecting sniffio>=1.1 (from anyio<5,>=3.6.2->starlette<0.48.0,>=0.40.0->fastapi>=0.104.0->-r requirements.txt (line 3))
#10 3.349   Downloading sniffio-1.3.1-py3-none-any.whl.metadata (3.9 kB)
#10 3.384 Collecting click>=7.0 (from uvicorn>=0.24.0->uvicorn[standard]>=0.24.0->-r requirements.txt (line 4))
#10 3.403   Downloading click-8.2.1-py3-none-any.whl.metadata (2.5 kB)
#10 3.427 Collecting h11>=0.8 (from uvicorn>=0.24.0->uvicorn[standard]>=0.24.0->-r requirements.txt (line 4))
#10 3.449   Downloading h11-0.16.0-py3-none-any.whl.metadata (8.3 kB)
#10 3.481 Collecting python-dateutil>=2.8.2 (from pandas>=2.1.0->-r requirements.txt (line 8))
#10 3.501   Downloading python_dateutil-2.9.0.post0-py2.py3-none-any.whl.metadata (8.4 kB)
#10 3.540 Collecting pytz>=2020.1 (from pandas>=2.1.0->-r requirements.txt (line 8))
#10 3.559   Downloading pytz-2025.2-py2.py3-none-any.whl.metadata (22 kB)
#10 3.582 Collecting tzdata>=2022.7 (from pandas>=2.1.0->-r requirements.txt (line 8))
#10 3.599   Downloading tzdata-2025.2-py2.py3-none-any.whl.metadata (1.4 kB)
#10 3.639 Collecting joblib>=1.2.0 (from scikit-learn>=1.3.0->-r requirements.txt (line 11))
#10 3.659   Downloading joblib-1.5.1-py3-none-any.whl.metadata (5.6 kB)
#10 3.683 Collecting threadpoolctl>=3.1.0 (from scikit-learn>=1.3.0->-r requirements.txt (line 11))
#10 3.705   Downloading threadpoolctl-3.6.0-py3-none-any.whl.metadata (13 kB)
#10 3.779 Collecting greenlet>=1 (from sqlalchemy>=2.0.0->-r requirements.txt (line 15))
#10 3.799   Downloading greenlet-3.2.4-cp313-cp313-manylinux2014_aarch64.manylinux_2_17_aarch64.whl.metadata (4.1 kB)
#10 3.828 Collecting Mako (from alembic>=1.12.0->-r requirements.txt (line 16))
#10 3.847   Downloading mako-1.3.10-py3-none-any.whl.metadata (2.9 kB)
#10 3.871 Collecting async-timeout (from aioredis>=2.0.0->-r requirements.txt (line 20))
#10 3.889   Downloading async_timeout-5.0.1-py3-none-any.whl.metadata (5.1 kB)
#10 3.922 Collecting patsy>=0.5.6 (from statsmodels>=0.14.0->-r requirements.txt (line 31))
#10 3.941   Downloading patsy-1.0.1-py2.py3-none-any.whl.metadata (3.3 kB)
#10 3.965 Collecting packaging>=21.3 (from statsmodels>=0.14.0->-r requirements.txt (line 31))
#10 3.985   Downloading packaging-25.0-py3-none-any.whl.metadata (3.3 kB)
#10 4.007 Collecting iniconfig>=1 (from pytest>=7.4.0->-r requirements.txt (line 37))
#10 4.026   Downloading iniconfig-2.1.0-py3-none-any.whl.metadata (2.7 kB)
#10 4.053 Collecting pluggy<2,>=1.5 (from pytest>=7.4.0->-r requirements.txt (line 37))
#10 4.074   Downloading pluggy-1.6.0-py3-none-any.whl.metadata (4.8 kB)
#10 4.106 Collecting pygments>=2.7.2 (from pytest>=7.4.0->-r requirements.txt (line 37))
#10 4.126   Downloading pygments-2.19.2-py3-none-any.whl.metadata (2.5 kB)
#10 4.165 Collecting mypy-extensions>=0.4.3 (from black>=23.0.0->-r requirements.txt (line 39))
#10 4.222   Downloading mypy_extensions-1.1.0-py3-none-any.whl.metadata (1.1 kB)
#10 4.249 Collecting pathspec>=0.9.0 (from black>=23.0.0->-r requirements.txt (line 39))
#10 4.292   Downloading pathspec-0.12.1-py3-none-any.whl.metadata (21 kB)
#10 4.329 Collecting platformdirs>=2 (from black>=23.0.0->-r requirements.txt (line 39))
#10 4.350   Downloading platformdirs-4.3.8-py3-none-any.whl.metadata (12 kB)
#10 4.401 Collecting six>=1.5 (from python-dateutil>=2.8.2->pandas>=2.1.0->-r requirements.txt (line 8))
#10 4.420   Downloading six-1.17.0-py2.py3-none-any.whl.metadata (1.7 kB)
#10 4.459 Collecting httptools>=0.6.3 (from uvicorn[standard]>=0.24.0->-r requirements.txt (line 4))
#10 4.480   Downloading httptools-0.6.4-cp313-cp313-manylinux_2_17_aarch64.manylinux2014_aarch64.whl.metadata (3.6 kB)
#10 4.505 Collecting python-dotenv>=0.13 (from uvicorn[standard]>=0.24.0->-r requirements.txt (line 4))
#10 4.524   Downloading python_dotenv-1.1.1-py3-none-any.whl.metadata (24 kB)
#10 4.563 Collecting pyyaml>=5.1 (from uvicorn[standard]>=0.24.0->-r requirements.txt (line 4))
#10 4.582   Downloading PyYAML-6.0.2-cp313-cp313-manylinux_2_17_aarch64.manylinux2014_aarch64.whl.metadata (2.1 kB)
#10 4.630 Collecting uvloop>=0.15.1 (from uvicorn[standard]>=0.24.0->-r requirements.txt (line 4))
#10 4.651   Downloading uvloop-0.21.0-cp313-cp313-manylinux_2_17_aarch64.manylinux2014_aarch64.whl.metadata (4.9 kB)
#10 4.706 Collecting watchfiles>=0.13 (from uvicorn[standard]>=0.24.0->-r requirements.txt (line 4))
#10 4.726   Downloading watchfiles-1.1.0-cp313-cp313-manylinux_2_17_aarch64.manylinux2014_aarch64.whl.metadata (4.9 kB)
#10 4.779 Collecting websockets>=10.4 (from uvicorn[standard]>=0.24.0->-r requirements.txt (line 4))
#10 4.800   Downloading websockets-15.0.1-cp313-cp313-manylinux_2_17_aarch64.manylinux2014_aarch64.whl.metadata (6.8 kB)
#10 4.842 Collecting MarkupSafe>=0.9.2 (from Mako->alembic>=1.12.0->-r requirements.txt (line 16))
#10 4.864   Downloading MarkupSafe-3.0.2-cp313-cp313-manylinux_2_17_aarch64.manylinux2014_aarch64.whl.metadata (4.0 kB)
#10 4.885 Downloading fastapi-0.116.1-py3-none-any.whl (95 kB)
#10 4.906 Downloading pydantic-2.11.7-py3-none-any.whl (444 kB)
#10 4.952 Downloading pydantic_core-2.33.2-cp313-cp313-manylinux_2_17_aarch64.manylinux2014_aarch64.whl (1.9 MB)
#10 4.993    â”â”â”â”â”â”â”â”â”â”â”â”â”â”â”â”â”â”â”â”â”â”â”â”â”â”â”â”â”â”â”â”â”â”â”â”â”â”â”â” 1.9/1.9 MB 42.8 MB/s  0:00:00
#10 5.011 Downloading starlette-0.47.2-py3-none-any.whl (72 kB)
#10 5.030 Downloading anyio-4.10.0-py3-none-any.whl (107 kB)
#10 5.053 Downloading uvicorn-0.35.0-py3-none-any.whl (66 kB)
#10 5.077 Downloading pandas-2.3.2-cp313-cp313-manylinux_2_17_aarch64.manylinux2014_aarch64.whl (11.3 MB)
#10 5.152    â”â”â”â”â”â”â”â”â”â”â”â”â”â”â”â”â”â”â”â”â”â”â”â”â”â”â”â”â”â”â”â”â”â”â”â”â”â”â”â” 11.3/11.3 MB 152.6 MB/s  0:00:00
#10 5.173 Downloading numpy-2.3.2-cp313-cp313-manylinux_2_27_aarch64.manylinux_2_28_aarch64.whl (14.3 MB)
#10 5.275    â”â”â”â”â”â”â”â”â”â”â”â”â”â”â”â”â”â”â”â”â”â”â”â”â”â”â”â”â”â”â”â”â”â”â”â”â”â”â”â” 14.3/14.3 MB 143.9 MB/s  0:00:00
#10 5.300 Downloading scipy-1.16.1-cp313-cp313-manylinux2014_aarch64.manylinux_2_17_aarch64.whl (33.3 MB)
#10 5.495    â”â”â”â”â”â”â”â”â”â”â”â”â”â”â”â”â”â”â”â”â”â”â”â”â”â”â”â”â”â”â”â”â”â”â”â”â”â”â”â” 33.3/33.3 MB 171.9 MB/s  0:00:00
#10 5.515 Downloading scikit_learn-1.7.1-cp313-cp313-manylinux_2_27_aarch64.manylinux_2_28_aarch64.whl (9.3 MB)
#10 5.571    â”â”â”â”â”â”â”â”â”â”â”â”â”â”â”â”â”â”â”â”â”â”â”â”â”â”â”â”â”â”â”â”â”â”â”â”â”â”â”â” 9.3/9.3 MB 169.4 MB/s  0:00:00
#10 5.592 Downloading asyncpg-0.30.0-cp313-cp313-manylinux_2_17_aarch64.manylinux2014_aarch64.whl (3.5 MB)
#10 5.614    â”â”â”â”â”â”â”â”â”â”â”â”â”â”â”â”â”â”â”â”â”â”â”â”â”â”â”â”â”â”â”â”â”â”â”â”â”â”â”â” 3.5/3.5 MB 165.0 MB/s  0:00:00
#10 5.637 Downloading sqlalchemy-2.0.43-cp313-cp313-manylinux_2_17_aarch64.manylinux2014_aarch64.whl (3.2 MB)
#10 5.654    â”â”â”â”â”â”â”â”â”â”â”â”â”â”â”â”â”â”â”â”â”â”â”â”â”â”â”â”â”â”â”â”â”â”â”â”â”â”â”â” 3.2/3.2 MB 203.2 MB/s  0:00:00
#10 5.672 Downloading alembic-1.16.4-py3-none-any.whl (247 kB)
#10 5.700 Downloading redis-6.4.0-py3-none-any.whl (279 kB)
#10 5.720 Downloading aioredis-2.0.1-py3-none-any.whl (71 kB)
#10 5.738 Downloading psutil-7.0.0-cp36-abi3-manylinux_2_17_aarch64.manylinux2014_aarch64.whl (279 kB)
#10 5.763 Downloading prometheus_client-0.22.1-py3-none-any.whl (58 kB)
#10 5.788 Downloading structlog-25.4.0-py3-none-any.whl (68 kB)
#10 5.811 Downloading python_json_logger-3.3.0-py3-none-any.whl (15 kB)
#10 5.835 Downloading statsmodels-0.14.5-cp313-cp313-manylinux2014_aarch64.manylinux_2_17_aarch64.manylinux_2_28_aarch64.whl (10.2 MB)
#10 5.892    â”â”â”â”â”â”â”â”â”â”â”â”â”â”â”â”â”â”â”â”â”â”â”â”â”â”â”â”â”â”â”â”â”â”â”â”â”â”â”â” 10.2/10.2 MB 187.9 MB/s  0:00:00
#10 5.913 Downloading aiofiles-24.1.0-py3-none-any.whl (15 kB)
#10 5.936 Downloading pytest-8.4.1-py3-none-any.whl (365 kB)
#10 5.959 Downloading pluggy-1.6.0-py3-none-any.whl (20 kB)
#10 5.981 Downloading pytest_asyncio-1.1.0-py3-none-any.whl (15 kB)
#10 6.004 Downloading black-25.1.0-py3-none-any.whl (207 kB)
#10 6.024 Downloading isort-6.0.1-py3-none-any.whl (94 kB)
#10 6.049 Downloading mypy-1.17.1-cp313-cp313-manylinux2014_aarch64.manylinux_2_17_aarch64.manylinux_2_28_aarch64.whl (11.9 MB)
#10 6.132    â”â”â”â”â”â”â”â”â”â”â”â”â”â”â”â”â”â”â”â”â”â”â”â”â”â”â”â”â”â”â”â”â”â”â”â”â”â”â”â” 11.9/11.9 MB 146.4 MB/s  0:00:00
#10 6.154 Downloading annotated_types-0.7.0-py3-none-any.whl (13 kB)
#10 6.174 Downloading click-8.2.1-py3-none-any.whl (102 kB)
#10 6.198 Downloading greenlet-3.2.4-cp313-cp313-manylinux2014_aarch64.manylinux_2_17_aarch64.whl (641 kB)
#10 6.202    â”â”â”â”â”â”â”â”â”â”â”â”â”â”â”â”â”â”â”â”â”â”â”â”â”â”â”â”â”â”â”â”â”â”â”â”â”â”â”â” 641.1/641.1 kB 290.7 MB/s  0:00:00
#10 6.222 Downloading h11-0.16.0-py3-none-any.whl (37 kB)
#10 6.241 Downloading idna-3.10-py3-none-any.whl (70 kB)
#10 6.262 Downloading iniconfig-2.1.0-py3-none-any.whl (6.0 kB)
#10 6.282 Downloading joblib-1.5.1-py3-none-any.whl (307 kB)
#10 6.308 Downloading mypy_extensions-1.1.0-py3-none-any.whl (5.0 kB)
#10 6.328 Downloading packaging-25.0-py3-none-any.whl (66 kB)
#10 6.351 Downloading pathspec-0.12.1-py3-none-any.whl (31 kB)
#10 6.373 Downloading patsy-1.0.1-py2.py3-none-any.whl (232 kB)
#10 6.396 Downloading platformdirs-4.3.8-py3-none-any.whl (18 kB)
#10 6.416 Downloading pygments-2.19.2-py3-none-any.whl (1.2 MB)
#10 6.424    â”â”â”â”â”â”â”â”â”â”â”â”â”â”â”â”â”â”â”â”â”â”â”â”â”â”â”â”â”â”â”â”â”â”â”â”â”â”â”â” 1.2/1.2 MB 234.8 MB/s  0:00:00
#10 6.445 Downloading python_dateutil-2.9.0.post0-py2.py3-none-any.whl (229 kB)
#10 6.464 Downloading pytz-2025.2-py2.py3-none-any.whl (509 kB)
#10 6.488 Downloading six-1.17.0-py2.py3-none-any.whl (11 kB)
#10 6.509 Downloading sniffio-1.3.1-py3-none-any.whl (10 kB)
#10 6.530 Downloading threadpoolctl-3.6.0-py3-none-any.whl (18 kB)
#10 6.551 Downloading typing_extensions-4.14.1-py3-none-any.whl (43 kB)
#10 6.574 Downloading typing_inspection-0.4.1-py3-none-any.whl (14 kB)
#10 6.596 Downloading tzdata-2025.2-py2.py3-none-any.whl (347 kB)
#10 6.619 Downloading httptools-0.6.4-cp313-cp313-manylinux_2_17_aarch64.manylinux2014_aarch64.whl (473 kB)
#10 6.643 Downloading python_dotenv-1.1.1-py3-none-any.whl (20 kB)
#10 6.667 Downloading PyYAML-6.0.2-cp313-cp313-manylinux_2_17_aarch64.manylinux2014_aarch64.whl (733 kB)
#10 6.672    â”â”â”â”â”â”â”â”â”â”â”â”â”â”â”â”â”â”â”â”â”â”â”â”â”â”â”â”â”â”â”â”â”â”â”â”â”â”â”â” 733.4/733.4 kB 397.8 MB/s  0:00:00
#10 6.691 Downloading uvloop-0.21.0-cp313-cp313-manylinux_2_17_aarch64.manylinux2014_aarch64.whl (4.6 MB)
#10 6.724    â”â”â”â”â”â”â”â”â”â”â”â”â”â”â”â”â”â”â”â”â”â”â”â”â”â”â”â”â”â”â”â”â”â”â”â”â”â”â”â” 4.6/4.6 MB 142.7 MB/s  0:00:00
#10 6.746 Downloading watchfiles-1.1.0-cp313-cp313-manylinux_2_17_aarch64.manylinux2014_aarch64.whl (449 kB)
#10 6.767 Downloading websockets-15.0.1-cp313-cp313-manylinux_2_17_aarch64.manylinux2014_aarch64.whl (183 kB)
#10 6.789 Downloading async_timeout-5.0.1-py3-none-any.whl (6.2 kB)
#10 6.811 Downloading mako-1.3.10-py3-none-any.whl (78 kB)
#10 6.840 Downloading MarkupSafe-3.0.2-cp313-cp313-manylinux_2_17_aarch64.manylinux2014_aarch64.whl (24 kB)
#10 7.004 Installing collected packages: pytz, websockets, uvloop, tzdata, typing-extensions, threadpoolctl, structlog, sniffio, six, redis, pyyaml, python-json-logger, python-dotenv, pygments, psutil, prometheus-client, pluggy, platformdirs, pathspec, packaging, numpy, mypy-extensions, MarkupSafe, joblib, isort, iniconfig, idna, httptools, h11, greenlet, click, asyncpg, async-timeout, annotated-types, aiofiles, uvicorn, typing-inspection, sqlalchemy, scipy, python-dateutil, pytest, pydantic-core, patsy, mypy, Mako, black, anyio, aioredis, watchfiles, starlette, scikit-learn, pytest-asyncio, pydantic, pandas, alembic, statsmodels, fastapi
#10 17.18 
#10 17.19 Successfully installed Mako-1.3.10 MarkupSafe-3.0.2 aiofiles-24.1.0 aioredis-2.0.1 alembic-1.16.4 annotated-types-0.7.0 anyio-4.10.0 async-timeout-5.0.1 asyncpg-0.30.0 black-25.1.0 click-8.2.1 fastapi-0.116.1 greenlet-3.2.4 h11-0.16.0 httptools-0.6.4 idna-3.10 iniconfig-2.1.0 isort-6.0.1 joblib-1.5.1 mypy-1.17.1 mypy-extensions-1.1.0 numpy-2.3.2 packaging-25.0 pandas-2.3.2 pathspec-0.12.1 patsy-1.0.1 platformdirs-4.3.8 pluggy-1.6.0 prometheus-client-0.22.1 psutil-7.0.0 pydantic-2.11.7 pydantic-core-2.33.2 pygments-2.19.2 pytest-8.4.1 pytest-asyncio-1.1.0 python-dateutil-2.9.0.post0 python-dotenv-1.1.1 python-json-logger-3.3.0 pytz-2025.2 pyyaml-6.0.2 redis-6.4.0 scikit-learn-1.7.1 scipy-1.16.1 six-1.17.0 sniffio-1.3.1 sqlalchemy-2.0.43 starlette-0.47.2 statsmodels-0.14.5 structlog-25.4.0 threadpoolctl-3.6.0 typing-extensions-4.14.1 typing-inspection-0.4.1 tzdata-2025.2 uvicorn-0.35.0 uvloop-0.21.0 watchfiles-1.1.0 websockets-15.0.1
#10 17.19 WARNING: Running pip as the 'root' user can result in broken permissions and conflicting behaviour with the system package manager, possibly rendering your system unusable. It is recommended to use a virtual environment instead: https://pip.pypa.io/warnings/venv. Use the --root-user-action option if you know what you are doing and want to suppress this warning.
#10 DONE 17.5s

#11 [6/8] COPY enhanced_messagebus_client.py .
#11 DONE 0.1s

#12 [7/8] COPY simple_analytics_engine.py .
#12 DONE 0.0s

#13 [8/8] RUN useradd -m -u 1000 analytics &&     chown -R analytics:analytics /app
#13 DONE 0.1s

#14 exporting to image
#14 exporting layers
#14 exporting layers 9.9s done
#14 exporting manifest sha256:e3edf0f5bcca423a0b47e6bc08d239c03df723669f995cf7d3654d33eb650d6e
#14 exporting manifest sha256:e3edf0f5bcca423a0b47e6bc08d239c03df723669f995cf7d3654d33eb650d6e 0.0s done
#14 exporting config sha256:bb925eb345606b0584f2d5eca13ec32ceb0f63ef6103817bf06148188d09bc85 done
#14 exporting attestation manifest sha256:0673d7699087510b9fa87a30f66d1a2930e0390e9fb7c96abfe5f1f67ddc59ff 0.0s done
#14 exporting manifest list sha256:1271923b71ee5e23d6c2b5615fe49590a58cb554a964f58b264ff4e6cf24b3c9 done
#14 naming to docker.io/library/nautilus-analytics-engine:m4max done
#14 unpacking to docker.io/library/nautilus-analytics-engine:m4max
#14 unpacking to docker.io/library/nautilus-analytics-engine:m4max 4.3s done
#14 DONE 14.3s

#15 resolving provenance for metadata file
#15 DONE 0.0s
 nautilus-analytics-engine:m4max  Built
 Container nautilus-redis  Running
 Container nautilus-postgres  Running
 Container nautilus-analytics-engine  Creating
 Container nautilus-analytics-engine  Created
 Container nautilus-analytics-engine  Starting
 Container nautilus-analytics-engine  Started
[0;34m[08:32:53][0m Waiting for nautilus-analytics-engine to be healthy...
[0;32m[08:32:53] âœ“[0m nautilus-analytics-engine is healthy
[0;32m[08:32:53] âœ“[0m analytics-engine started successfully
[0;34m[08:32:53][0m Starting features-engine...
 features-engine Pulling 
 features-engine Warning pull access denied for nautilus-features-engine, repository does not exist or may require 'docker login'
#1 [internal] load local bake definitions
#1 reading from stdin 653B done
#1 DONE 0.0s

#2 [internal] load build definition from Dockerfile
#2 transferring dockerfile: 1.61kB done
#2 DONE 0.0s

#3 [internal] load metadata for docker.io/library/python:3.13-slim-bookworm
#3 DONE 0.4s

#4 [internal] load .dockerignore
#4 transferring context: 2B done
#4 DONE 0.0s

#5 [1/8] FROM docker.io/library/python:3.13-slim-bookworm@sha256:9b8102b7b3a61db24fe58f335b526173e5aeaaf7d13b2fbfb514e20f84f5e386
#5 resolve docker.io/library/python:3.13-slim-bookworm@sha256:9b8102b7b3a61db24fe58f335b526173e5aeaaf7d13b2fbfb514e20f84f5e386 done
#5 DONE 0.0s

#6 [internal] load build context
#6 transferring context: 134B done
#6 DONE 0.0s

#7 [5/8] RUN pip install --no-cache-dir --upgrade pip &&     pip install --no-cache-dir -r requirements.txt
#7 CACHED

#8 [2/8] WORKDIR /app
#8 CACHED

#9 [4/8] COPY requirements.txt .
#9 CACHED

#10 [6/8] COPY enhanced_messagebus_client.py .
#10 CACHED

#11 [7/8] COPY simple_features_engine.py .
#11 CACHED

#12 [3/8] RUN apt-get update && apt-get install -y     gcc     g++     libblas-dev     liblapack-dev     libatlas-base-dev     gfortran     pkg-config     curl     && rm -rf /var/lib/apt/lists/*
#12 CACHED

#13 [8/8] RUN useradd -m -u 1000 features &&     chown -R features:features /app
#13 CACHED

#14 exporting to image
#14 exporting layers done
#14 exporting manifest sha256:2b459cf14bfbf365535ced03d88bf2da9ccb73c94b086c1efbe461500e4bb229 done
#14 exporting config sha256:85762eff64a65df399253c8787ac337a2e6895fea113031c270e20f49b8d6d72 done
#14 exporting attestation manifest sha256:556cf6e08ddc7c80d8205bd6048407a8f06ea0deec222153659432df41120286 done
#14 exporting manifest list sha256:63e411f7021385e27b2c2367dc6886454e615fd3445b87acb4bab6aaf925b5ad done
#14 naming to docker.io/library/nautilus-features-engine:m4max done
#14 unpacking to docker.io/library/nautilus-features-engine:m4max done
#14 DONE 0.0s

#15 resolving provenance for metadata file
#15 DONE 0.0s
 nautilus-features-engine:m4max  Built
 Container nautilus-redis  Running
 Container nautilus-postgres  Running
 Container nautilus-features-engine  Creating
 Container nautilus-features-engine  Created
 Container nautilus-features-engine  Starting
 Container nautilus-features-engine  Started
[0;34m[08:33:05][0m Waiting for nautilus-features-engine to be healthy...
[0;32m[08:33:05] âœ“[0m nautilus-features-engine is healthy
[0;32m[08:33:05] âœ“[0m features-engine started successfully
[0;34m[08:33:05][0m Starting ml-engine...
 ml-engine Pulling 
 ml-engine Warning pull access denied for nautilus-ml-engine, repository does not exist or may require 'docker login'
#1 [internal] load local bake definitions
#1 reading from stdin 617B done
#1 DONE 0.0s

#2 [internal] load build definition from Dockerfile
#2 transferring dockerfile:
#2 transferring dockerfile: 1.97kB done
#2 DONE 0.0s

#3 [internal] load metadata for docker.io/library/python:3.13-slim-bookworm
#3 DONE 0.3s

#4 [internal] load .dockerignore
#4 transferring context: 2B done
#4 DONE 0.0s

#5 [1/8] FROM docker.io/library/python:3.13-slim-bookworm@sha256:9b8102b7b3a61db24fe58f335b526173e5aeaaf7d13b2fbfb514e20f84f5e386
#5 resolve docker.io/library/python:3.13-slim-bookworm@sha256:9b8102b7b3a61db24fe58f335b526173e5aeaaf7d13b2fbfb514e20f84f5e386 done
#5 DONE 0.0s

#6 [internal] load build context
#6 transferring context: 4.01kB done
#6 DONE 0.0s

#7 [2/8] WORKDIR /app
#7 CACHED

#8 [3/8] RUN apt-get update && apt-get install -y     gcc     g++     libblas-dev     liblapack-dev     libatlas-base-dev     gfortran     pkg-config     curl     libomp-dev     libopenblas-dev     && rm -rf /var/lib/apt/lists/*
#8 CACHED

#9 [4/8] COPY requirements.txt .
#9 DONE 0.0s

#10 [5/8] RUN pip install --no-cache-dir --upgrade pip &&     pip install --no-cache-dir -r requirements.txt
#10 0.677 Requirement already satisfied: pip in /usr/local/lib/python3.13/site-packages (25.2)
#10 0.776 WARNING: Running pip as the 'root' user can result in broken permissions and conflicting behaviour with the system package manager, possibly rendering your system unusable. It is recommended to use a virtual environment instead: https://pip.pypa.io/warnings/venv. Use the --root-user-action option if you know what you are doing and want to suppress this warning.
#10 1.133 Collecting fastapi>=0.104.0 (from -r requirements.txt (line 3))
#10 1.258   Downloading fastapi-0.116.1-py3-none-any.whl.metadata (28 kB)
#10 1.299 Collecting uvicorn>=0.24.0 (from uvicorn[standard]>=0.24.0->-r requirements.txt (line 4))
#10 1.320   Downloading uvicorn-0.35.0-py3-none-any.whl.metadata (6.5 kB)
#10 1.348 Collecting httpx>=0.25.0 (from -r requirements.txt (line 7))
#10 1.368   Downloading httpx-0.28.1-py3-none-any.whl.metadata (7.1 kB)
#10 1.516 Collecting numpy>=1.24.0 (from -r requirements.txt (line 10))
#10 1.536   Downloading numpy-2.3.2-cp313-cp313-manylinux_2_27_aarch64.manylinux_2_28_aarch64.whl.metadata (62 kB)
#10 1.625 Collecting pandas>=2.1.0 (from -r requirements.txt (line 11))
#10 1.644   Downloading pandas-2.3.2-cp313-cp313-manylinux_2_17_aarch64.manylinux2014_aarch64.whl.metadata (91 kB)
#10 1.770 Collecting shared-memory-dict>=0.7.2 (from -r requirements.txt (line 14))
#10 1.790   Downloading shared_memory_dict-0.7.2-py3-none-any.whl.metadata (5.2 kB)
#10 1.860 Collecting scikit-learn>=1.3.0 (from -r requirements.txt (line 17))
#10 1.892   Downloading scikit_learn-1.7.1-cp313-cp313-manylinux_2_27_aarch64.manylinux_2_28_aarch64.whl.metadata (11 kB)
#10 1.940 Collecting torch>=2.0.0 (from -r requirements.txt (line 18))
#10 1.961   Downloading torch-2.8.0-cp313-cp313-manylinux_2_28_aarch64.whl.metadata (30 kB)
#10 2.005 Collecting torchvision>=0.15.0 (from -r requirements.txt (line 19))
#10 2.030   Downloading torchvision-0.23.0-cp313-cp313-manylinux_2_28_aarch64.whl.metadata (6.1 kB)
#10 2.074 Collecting coremltools>=8.3.0 (from -r requirements.txt (line 22))
#10 2.093   Downloading coremltools-8.3.0.tar.gz (1.6 MB)
#10 2.152      â”â”â”â”â”â”â”â”â”â”â”â”â”â”â”â”â”â”â”â”â”â”â”â”â”â”â”â”â”â”â”â”â”â”â”â”â”â”â”â” 1.6/1.6 MB 35.4 MB/s  0:00:00
#10 2.249   Installing build dependencies: started
#10 2.808   Installing build dependencies: finished with status 'done'
#10 2.809   Getting requirements to build wheel: started
#10 2.971   Getting requirements to build wheel: finished with status 'done'
#10 2.972   Preparing metadata (pyproject.toml): started
#10 3.052   Preparing metadata (pyproject.toml): finished with status 'done'
#10 3.083 Collecting pyobjc-framework-CoreML>=11.0 (from -r requirements.txt (line 23))
#10 3.103   Downloading pyobjc_framework_coreml-11.1.tar.gz (82 kB)
#10 3.113   Installing build dependencies: started
#10 3.559   Installing build dependencies: finished with status 'done'
#10 3.560   Getting requirements to build wheel: started
#10 3.717   Getting requirements to build wheel: finished with status 'error'
#10 3.719   error: subprocess-exited-with-error
#10 3.719   
#10 3.719   Ã— Getting requirements to build wheel did not run successfully.
#10 3.719   â”‚ exit code: 1
#10 3.719   â•°â”€> [55 lines of output]
#10 3.719       Traceback (most recent call last):
#10 3.719         File "/usr/local/lib/python3.13/site-packages/pip/_vendor/pyproject_hooks/_in_process/_in_process.py", line 389, in <module>
#10 3.719           main()
#10 3.719           ~~~~^^
#10 3.719         File "/usr/local/lib/python3.13/site-packages/pip/_vendor/pyproject_hooks/_in_process/_in_process.py", line 373, in main
#10 3.719           json_out["return_val"] = hook(**hook_input["kwargs"])
#10 3.719                                    ~~~~^^^^^^^^^^^^^^^^^^^^^^^^
#10 3.719         File "/usr/local/lib/python3.13/site-packages/pip/_vendor/pyproject_hooks/_in_process/_in_process.py", line 143, in get_requires_for_build_wheel
#10 3.719           return hook(config_settings)
#10 3.719         File "/tmp/pip-build-env-zyfotfhf/overlay/lib/python3.13/site-packages/setuptools/build_meta.py", line 331, in get_requires_for_build_wheel
#10 3.719           return self._get_build_requires(config_settings, requirements=[])
#10 3.719                  ~~~~~~~~~~~~~~~~~~~~~~~~^^^^^^^^^^^^^^^^^^^^^^^^^^^^^^^^^^
#10 3.719         File "/tmp/pip-build-env-zyfotfhf/overlay/lib/python3.13/site-packages/setuptools/build_meta.py", line 301, in _get_build_requires
#10 3.719           self.run_setup()
#10 3.719           ~~~~~~~~~~~~~~^^
#10 3.719         File "/tmp/pip-build-env-zyfotfhf/overlay/lib/python3.13/site-packages/setuptools/build_meta.py", line 317, in run_setup
#10 3.719           exec(code, locals())
#10 3.719           ~~~~^^^^^^^^^^^^^^^^
#10 3.719         File "<string>", line 20, in <module>
#10 3.719         File "/tmp/pip-install-2ort9n9y/pyobjc-framework-coreml_97341256df1e4520bf5b4935da8b1e71/pyobjc_setup.py", line 551, in setup
#10 3.719           os_level = get_os_level()
#10 3.719         File "/tmp/pip-install-2ort9n9y/pyobjc-framework-coreml_97341256df1e4520bf5b4935da8b1e71/pyobjc_setup.py", line 251, in get_os_level
#10 3.719           subprocess.check_output(["/usr/bin/sw_vers", "-productVersion"])
#10 3.719           ~~~~~~~~~~~~~~~~~~~~~~~^^^^^^^^^^^^^^^^^^^^^^^^^^^^^^^^^^^^^^^^^
#10 3.719         File "/usr/local/lib/python3.13/subprocess.py", line 472, in check_output
#10 3.719           return run(*popenargs, stdout=PIPE, timeout=timeout, check=True,
#10 3.719                  ~~~^^^^^^^^^^^^^^^^^^^^^^^^^^^^^^^^^^^^^^^^^^^^^^^^^^^^^^
#10 3.719                      **kwargs).stdout
#10 3.719                      ^^^^^^^^^
#10 3.719         File "/usr/local/lib/python3.13/subprocess.py", line 554, in run
#10 3.719           with Popen(*popenargs, **kwargs) as process:
#10 3.719                ~~~~~^^^^^^^^^^^^^^^^^^^^^^
#10 3.719         File "/usr/local/lib/python3.13/subprocess.py", line 1039, in __init__
#10 3.719           self._execute_child(args, executable, preexec_fn, close_fds,
#10 3.719           ~~~~~~~~~~~~~~~~~~~^^^^^^^^^^^^^^^^^^^^^^^^^^^^^^^^^^^^^^^^^
#10 3.719                               pass_fds, cwd, env,
#10 3.719                               ^^^^^^^^^^^^^^^^^^^
#10 3.719           ...<5 lines>...
#10 3.719                               gid, gids, uid, umask,
#10 3.719                               ^^^^^^^^^^^^^^^^^^^^^^
#10 3.719                               start_new_session, process_group)
#10 3.719                               ^^^^^^^^^^^^^^^^^^^^^^^^^^^^^^^^^
#10 3.719         File "/usr/local/lib/python3.13/subprocess.py", line 1857, in _execute_child
#10 3.719           self._posix_spawn(args, executable, env, restore_signals, close_fds,
#10 3.719           ~~~~~~~~~~~~~~~~~^^^^^^^^^^^^^^^^^^^^^^^^^^^^^^^^^^^^^^^^^^^^^^^^^^^
#10 3.719                             p2cread, p2cwrite,
#10 3.719                             ^^^^^^^^^^^^^^^^^^
#10 3.719                             c2pread, c2pwrite,
#10 3.719                             ^^^^^^^^^^^^^^^^^^
#10 3.719                             errread, errwrite)
#10 3.719                             ^^^^^^^^^^^^^^^^^^
#10 3.719         File "/usr/local/lib/python3.13/subprocess.py", line 1801, in _posix_spawn
#10 3.719           self.pid = os.posix_spawn(executable, args, env, **kwargs)
#10 3.719                      ~~~~~~~~~~~~~~^^^^^^^^^^^^^^^^^^^^^^^^^^^^^^^^^
#10 3.719       FileNotFoundError: [Errno 2] No such file or directory: '/usr/bin/sw_vers'
#10 3.719       [end of output]
#10 3.719   
#10 3.719   note: This error originates from a subprocess, and is likely not a problem with pip.
#10 3.808 error: subprocess-exited-with-error
#10 3.808 
#10 3.808 Ã— Getting requirements to build wheel did not run successfully.
#10 3.808 â”‚ exit code: 1
#10 3.808 â•°â”€> See above for output.
#10 3.808 
#10 3.808 note: This error originates from a subprocess, and is likely not a problem with pip.
#10 ERROR: process "/bin/sh -c pip install --no-cache-dir --upgrade pip &&     pip install --no-cache-dir -r requirements.txt" did not complete successfully: exit code: 1
------
 > [5/8] RUN pip install --no-cache-dir --upgrade pip &&     pip install --no-cache-dir -r requirements.txt:
3.719       [end of output]
3.719   
3.719   note: This error originates from a subprocess, and is likely not a problem with pip.
3.808 error: subprocess-exited-with-error
3.808 
3.808 Ã— Getting requirements to build wheel did not run successfully.
3.808 â”‚ exit code: 1
3.808 â•°â”€> See above for output.
3.808 
3.808 note: This error originates from a subprocess, and is likely not a problem with pip.
------
Dockerfile:32

--------------------

  31 |     COPY requirements.txt .

  32 | >>> RUN pip install --no-cache-dir --upgrade pip && \

  33 | >>>     pip install --no-cache-dir -r requirements.txt

  34 |     

--------------------

failed to solve: process "/bin/sh -c pip install --no-cache-dir --upgrade pip &&     pip install --no-cache-dir -r requirements.txt" did not complete successfully: exit code: 1

365  /usr/local/bin/dockerd --config-file /run/config/docker/daemon.json --containerd /run/containerd/containerd.sock --pidfile /run/desktop/docker.pid --swarm-default-advertise-addr=192.168.65.3 --host-gateway-ip 192.168.65.254

github.com/moby/buildkit/executor/runcexecutor.exitError

	/root/build-deb/engine/vendor/github.com/moby/buildkit/executor/runcexecutor/executor.go:391

github.com/moby/buildkit/executor/runcexecutor.(*runcExecutor).Run

	/root/build-deb/engine/vendor/github.com/moby/buildkit/executor/runcexecutor/executor.go:339

github.com/moby/buildkit/solver/llbsolver/ops.(*ExecOp).Exec

	/root/build-deb/engine/vendor/github.com/moby/buildkit/solver/llbsolver/ops/exec.go:492

github.com/moby/buildkit/solver.(*sharedOp).Exec.func2

	/root/build-deb/engine/vendor/github.com/moby/buildkit/solver/jobs.go:1120

github.com/moby/buildkit/util/flightcontrol.(*call[...]).run

	/root/build-deb/engine/vendor/github.com/moby/buildkit/util/flightcontrol/flightcontrol.go:122

sync.(*Once).doSlow

	/usr/local/go/src/sync/once.go:78

sync.(*Once).Do

	/usr/local/go/src/sync/once.go:69

runtime.goexit

	/usr/local/go/src/runtime/asm_arm64.s:1223



5279 v0.26.1-desktop.1 /Users/savusilviu/.docker/cli-plugins/docker-buildx bake --file - --progress rawjson --metadata-file /var/folders/_b/m8ffgpz97rddrq124k2dz2fw0000gn/T/compose-build-metadataFile-145986940.json --allow fs.read=/Users/savusilviu/Desktop/SilviuCorneliuSavu/Nautilus/backend/engines/ml

google.golang.org/grpc.(*ClientConn).Invoke

	google.golang.org/grpc@v1.72.2/call.go:35

github.com/moby/buildkit/api/services/control.(*controlClient).Solve

	github.com/moby/buildkit@v0.23.0-rc1.0.20250618182037-9b91d20367db/api/services/control/control_grpc.pb.go:88

github.com/moby/buildkit/client.(*Client).solve.func2

	github.com/moby/buildkit@v0.23.0-rc1.0.20250618182037-9b91d20367db/client/solve.go:268

golang.org/x/sync/errgroup.(*Group).add.func1

	golang.org/x/sync@v0.14.0/errgroup/errgroup.go:130

runtime.goexit

	runtime/asm_arm64.s:1223



365  /usr/local/bin/dockerd --config-file /run/config/docker/daemon.json --containerd /run/containerd/containerd.sock --pidfile /run/desktop/docker.pid --swarm-default-advertise-addr=192.168.65.3 --host-gateway-ip 192.168.65.254

github.com/moby/buildkit/solver.(*edge).execOp

	/root/build-deb/engine/vendor/github.com/moby/buildkit/solver/edge.go:963

github.com/moby/buildkit/solver/internal/pipe.NewWithFunction[...].func2

	/root/build-deb/engine/vendor/github.com/moby/buildkit/solver/internal/pipe/pipe.go:78

runtime.goexit

	/usr/local/go/src/runtime/asm_arm64.s:1223



5279 v0.26.1-desktop.1 /Users/savusilviu/.docker/cli-plugins/docker-buildx bake --file - --progress rawjson --metadata-file /var/folders/_b/m8ffgpz97rddrq124k2dz2fw0000gn/T/compose-build-metadataFile-145986940.json --allow fs.read=/Users/savusilviu/Desktop/SilviuCorneliuSavu/Nautilus/backend/engines/ml

github.com/moby/buildkit/client.(*Client).solve.func2

	github.com/moby/buildkit@v0.23.0-rc1.0.20250618182037-9b91d20367db/client/solve.go:285

golang.org/x/sync/errgroup.(*Group).add.func1

	golang.org/x/sync@v0.14.0/errgroup/errgroup.go:130



365  /usr/local/bin/dockerd --config-file /run/config/docker/daemon.json --containerd /run/containerd/containerd.sock --pidfile /run/desktop/docker.pid --swarm-default-advertise-addr=192.168.65.3 --host-gateway-ip 192.168.65.254

github.com/moby/buildkit/solver/llbsolver/ops.(*ExecOp).Exec

	/root/build-deb/engine/vendor/github.com/moby/buildkit/solver/llbsolver/ops/exec.go:513

github.com/moby/buildkit/solver.(*sharedOp).Exec.func2

	/root/build-deb/engine/vendor/github.com/moby/buildkit/solver/jobs.go:1120





View build details: docker-desktop://dashboard/build/desktop-linux/desktop-linux/17wb4o280nhrwcftumkv8gsqt

[0;34m[08:33:20][0m Waiting for nautilus-ml-engine to be healthy...
[0;34m[08:33:41][0m Still waiting for nautilus-ml-engine... (20s/60s)
[0;34m[08:34:02][0m Still waiting for nautilus-ml-engine... (40s/60s)
[0;34m[08:34:23][0m Still waiting for nautilus-ml-engine... (60s/60s)
[1;33m[08:34:23] âš [0m nautilus-ml-engine health check timeout
[1;33m[08:34:23] âš [0m ml-engine failed to start properly
[0;34m[08:34:23][0m Starting factor-engine...
 factor-engine Pulling 
 factor-engine Warning pull access denied for nautilus-factor-engine, repository does not exist or may require 'docker login'
#1 [internal] load local bake definitions
#1 reading from stdin 641B done
#1 DONE 0.0s

#2 [internal] load build definition from Dockerfile
#2 transferring dockerfile: 1.86kB done
#2 DONE 0.0s

#3 [internal] load metadata for docker.io/library/python:3.13-slim-bookworm
#3 DONE 0.4s

#4 [internal] load .dockerignore
#4 transferring context: 2B done
#4 DONE 0.0s

#5 [1/8] FROM docker.io/library/python:3.13-slim-bookworm@sha256:9b8102b7b3a61db24fe58f335b526173e5aeaaf7d13b2fbfb514e20f84f5e386
#5 resolve docker.io/library/python:3.13-slim-bookworm@sha256:9b8102b7b3a61db24fe58f335b526173e5aeaaf7d13b2fbfb514e20f84f5e386 0.0s done
#5 DONE 0.0s

#6 [2/8] WORKDIR /app
#6 CACHED

#7 [internal] load build context
#7 transferring context: 125B done
#7 DONE 0.0s

#8 [3/8] RUN apt-get update && apt-get install -y     gcc     g++     gfortran     libblas-dev     liblapack-dev     libatlas-base-dev     libopenblas-dev     libomp-dev     pkg-config     build-essential     curl     && rm -rf /var/lib/apt/lists/*
#8 0.147 Get:1 http://deb.debian.org/debian bookworm InRelease [151 kB]
#8 0.207 Get:2 http://deb.debian.org/debian bookworm-updates InRelease [55.4 kB]
#8 0.229 Get:3 http://deb.debian.org/debian-security bookworm-security InRelease [48.0 kB]
#8 0.251 Get:4 http://deb.debian.org/debian bookworm/main arm64 Packages [8693 kB]
#8 0.400 Get:5 http://deb.debian.org/debian bookworm-updates/main arm64 Packages [6936 B]
#8 0.400 Get:6 http://deb.debian.org/debian-security bookworm-security/main arm64 Packages [273 kB]
#8 0.871 Fetched 9227 kB in 1s (11.8 MB/s)
#8 0.871 Reading package lists...
#8 1.064 Reading package lists...
#8 1.254 Building dependency tree...
#8 1.300 Reading state information...
#8 1.362 The following additional packages will be installed:
#8 1.362   binutils binutils-aarch64-linux-gnu binutils-common bzip2 cpp cpp-12 dirmngr
#8 1.362   dpkg-dev fakeroot fontconfig-config fonts-dejavu-core g++-12 gcc-12
#8 1.362   gfortran-12 gnupg gnupg-l10n gnupg-utils gpg gpg-agent gpg-wks-client
#8 1.362   gpg-wks-server gpgconf gpgsm krb5-locales libabsl20220623
#8 1.362   libalgorithm-diff-perl libalgorithm-diff-xs-perl libalgorithm-merge-perl
#8 1.362   libaom3 libasan8 libassuan0 libatlas3-base libatomic1 libavif15 libbinutils
#8 1.362   libblas3 libbrotli1 libbsd0 libc-dev-bin libc-devtools libc6-dev libcc1-0
#8 1.362   libcrypt-dev libctf-nobfd0 libctf0 libcurl4 libdav1d6 libde265-0 libdeflate0
#8 1.362   libdpkg-perl libedit2 libelf1 libexpat1 libfakeroot libfile-fcntllock-perl
#8 1.362   libfontconfig1 libfreetype6 libgav1-1 libgcc-12-dev libgd3 libgdbm-compat4
#8 1.362   libgfortran-12-dev libgfortran5 libgomp1 libgprofng0 libgssapi-krb5-2
#8 1.362   libheif1 libhwasan0 libicu72 libisl23 libitm1 libjansson4 libjbig0
#8 1.362   libjpeg62-turbo libk5crypto3 libkeyutils1 libkrb5-3 libkrb5support0 libksba8
#8 1.362   liblapack3 libldap-2.5-0 libldap-common liblerc4 libllvm14
#8 1.362   liblocale-gettext-perl liblsan0 libmpc3 libmpfr6 libnghttp2-14 libnpth0
#8 1.362   libnsl-dev libnsl2 libnuma1 libomp-14-dev libomp5-14 libopenblas-pthread-dev
#8 1.362   libopenblas0 libopenblas0-pthread libperl5.36 libpkgconf3 libpng16-16
#8 1.362   libpsl5 librav1e0 librtmp1 libsasl2-2 libsasl2-modules libsasl2-modules-db
#8 1.362   libssh2-1 libstdc++-12-dev libsvtav1enc1 libtiff6 libtirpc-common
#8 1.362   libtirpc-dev libtirpc3 libtsan2 libubsan1 libwebp7 libx11-6 libx11-data
#8 1.362   libx265-199 libxau6 libxcb1 libxdmcp6 libxml2 libxpm4 libyuv0 libz3-4
#8 1.362   linux-libc-dev make manpages manpages-dev patch perl perl-modules-5.36
#8 1.362   pinentry-curses pkgconf pkgconf-bin publicsuffix rpcsvc-proto xz-utils
#8 1.363 Suggested packages:
#8 1.363   binutils-doc bzip2-doc cpp-doc gcc-12-locales cpp-12-doc dbus-user-session
#8 1.363   libpam-systemd pinentry-gnome3 tor debian-keyring gcc-12-doc gcc-multilib
#8 1.363   autoconf automake libtool flex bison gdb gcc-doc gfortran-doc
#8 1.363   gfortran-12-doc libcoarrays-dev parcimonie xloadimage scdaemon libatlas-doc
#8 1.363   liblapack-doc glibc-doc sensible-utils git bzr libgd-tools krb5-doc
#8 1.363   krb5-user libomp-14-doc libsasl2-modules-gssapi-mit
#8 1.363   | libsasl2-modules-gssapi-heimdal libsasl2-modules-ldap libsasl2-modules-otp
#8 1.363   libsasl2-modules-sql libstdc++-12-doc make-doc man-browser ed diffutils-doc
#8 1.363   perl-doc libterm-readline-gnu-perl | libterm-readline-perl-perl
#8 1.363   libtap-harness-archive-perl pinentry-doc
#8 1.719 The following NEW packages will be installed:
#8 1.719   binutils binutils-aarch64-linux-gnu binutils-common build-essential bzip2
#8 1.719   cpp cpp-12 curl dirmngr dpkg-dev fakeroot fontconfig-config
#8 1.719   fonts-dejavu-core g++ g++-12 gcc gcc-12 gfortran gfortran-12 gnupg
#8 1.719   gnupg-l10n gnupg-utils gpg gpg-agent gpg-wks-client gpg-wks-server gpgconf
#8 1.719   gpgsm krb5-locales libabsl20220623 libalgorithm-diff-perl
#8 1.719   libalgorithm-diff-xs-perl libalgorithm-merge-perl libaom3 libasan8
#8 1.719   libassuan0 libatlas-base-dev libatlas3-base libatomic1 libavif15 libbinutils
#8 1.719   libblas-dev libblas3 libbrotli1 libbsd0 libc-dev-bin libc-devtools libc6-dev
#8 1.719   libcc1-0 libcrypt-dev libctf-nobfd0 libctf0 libcurl4 libdav1d6 libde265-0
#8 1.719   libdeflate0 libdpkg-perl libedit2 libelf1 libexpat1 libfakeroot
#8 1.719   libfile-fcntllock-perl libfontconfig1 libfreetype6 libgav1-1 libgcc-12-dev
#8 1.719   libgd3 libgdbm-compat4 libgfortran-12-dev libgfortran5 libgomp1 libgprofng0
#8 1.719   libgssapi-krb5-2 libheif1 libhwasan0 libicu72 libisl23 libitm1 libjansson4
#8 1.719   libjbig0 libjpeg62-turbo libk5crypto3 libkeyutils1 libkrb5-3 libkrb5support0
#8 1.719   libksba8 liblapack-dev liblapack3 libldap-2.5-0 libldap-common liblerc4
#8 1.719   libllvm14 liblocale-gettext-perl liblsan0 libmpc3 libmpfr6 libnghttp2-14
#8 1.719   libnpth0 libnsl-dev libnsl2 libnuma1 libomp-14-dev libomp-dev libomp5-14
#8 1.719   libopenblas-dev libopenblas-pthread-dev libopenblas0 libopenblas0-pthread
#8 1.719   libperl5.36 libpkgconf3 libpng16-16 libpsl5 librav1e0 librtmp1 libsasl2-2
#8 1.719   libsasl2-modules libsasl2-modules-db libssh2-1 libstdc++-12-dev
#8 1.719   libsvtav1enc1 libtiff6 libtirpc-common libtirpc-dev libtirpc3 libtsan2
#8 1.719   libubsan1 libwebp7 libx11-6 libx11-data libx265-199 libxau6 libxcb1
#8 1.719   libxdmcp6 libxml2 libxpm4 libyuv0 libz3-4 linux-libc-dev make manpages
#8 1.719   manpages-dev patch perl perl-modules-5.36 pinentry-curses pkg-config pkgconf
#8 1.720   pkgconf-bin publicsuffix rpcsvc-proto xz-utils
#8 1.767 0 upgraded, 151 newly installed, 0 to remove and 0 not upgraded.
#8 1.767 Need to get 154 MB of archives.
#8 1.767 After this operation, 694 MB of additional disk space will be used.
#8 1.767 Get:1 http://deb.debian.org/debian bookworm/main arm64 perl-modules-5.36 all 5.36.0-7+deb12u2 [2815 kB]
#8 1.898 Get:2 http://deb.debian.org/debian bookworm/main arm64 libgdbm-compat4 arm64 1.23-3 [48.0 kB]
#8 1.899 Get:3 http://deb.debian.org/debian bookworm/main arm64 libperl5.36 arm64 5.36.0-7+deb12u2 [4027 kB]
#8 1.927 Get:4 http://deb.debian.org/debian bookworm/main arm64 perl arm64 5.36.0-7+deb12u2 [239 kB]
#8 1.928 Get:5 http://deb.debian.org/debian bookworm/main arm64 liblocale-gettext-perl arm64 1.07-5 [15.1 kB]
#8 1.928 Get:6 http://deb.debian.org/debian bookworm/main arm64 bzip2 arm64 1.0.8-5+b1 [48.9 kB]
#8 1.928 Get:7 http://deb.debian.org/debian bookworm/main arm64 krb5-locales all 1.20.1-2+deb12u3 [63.1 kB]
#8 1.929 Get:8 http://deb.debian.org/debian bookworm/main arm64 manpages all 6.03-2 [1332 kB]
#8 1.935 Get:9 http://deb.debian.org/debian bookworm/main arm64 xz-utils arm64 5.4.1-1 [469 kB]
#8 1.937 Get:10 http://deb.debian.org/debian bookworm/main arm64 binutils-common arm64 2.40-2 [2487 kB]
#8 1.967 Get:11 http://deb.debian.org/debian bookworm/main arm64 libbinutils arm64 2.40-2 [645 kB]
#8 1.971 Get:12 http://deb.debian.org/debian bookworm/main arm64 libctf-nobfd0 arm64 2.40-2 [144 kB]
#8 1.971 Get:13 http://deb.debian.org/debian bookworm/main arm64 libctf0 arm64 2.40-2 [79.2 kB]
#8 1.972 Get:14 http://deb.debian.org/debian bookworm/main arm64 libgprofng0 arm64 2.40-2 [680 kB]
#8 1.975 Get:15 http://deb.debian.org/debian bookworm/main arm64 libjansson4 arm64 2.14-2 [40.2 kB]
#8 1.975 Get:16 http://deb.debian.org/debian bookworm/main arm64 binutils-aarch64-linux-gnu arm64 2.40-2 [2637 kB]
#8 1.990 Get:17 http://deb.debian.org/debian bookworm/main arm64 binutils arm64 2.40-2 [64.9 kB]
#8 1.992 Get:18 http://deb.debian.org/debian bookworm/main arm64 libc-dev-bin arm64 2.36-9+deb12u10 [46.2 kB]
#8 1.992 Get:19 http://deb.debian.org/debian-security bookworm-security/main arm64 linux-libc-dev arm64 6.1.147-1 [2147 kB]
#8 2.007 Get:20 http://deb.debian.org/debian bookworm/main arm64 libcrypt-dev arm64 1:4.4.33-2 [121 kB]
#8 2.008 Get:21 http://deb.debian.org/debian bookworm/main arm64 libkrb5support0 arm64 1.20.1-2+deb12u3 [32.0 kB]
#8 2.008 Get:22 http://deb.debian.org/debian bookworm/main arm64 libk5crypto3 arm64 1.20.1-2+deb12u3 [79.3 kB]
#8 2.009 Get:23 http://deb.debian.org/debian bookworm/main arm64 libkeyutils1 arm64 1.6.3-2 [8844 B]
#8 2.009 Get:24 http://deb.debian.org/debian bookworm/main arm64 libkrb5-3 arm64 1.20.1-2+deb12u3 [313 kB]
#8 2.011 Get:25 http://deb.debian.org/debian bookworm/main arm64 libgssapi-krb5-2 arm64 1.20.1-2+deb12u3 [124 kB]
#8 2.012 Get:26 http://deb.debian.org/debian bookworm/main arm64 libtirpc-common all 1.3.3+ds-1 [14.0 kB]
#8 2.013 Get:27 http://deb.debian.org/debian bookworm/main arm64 libtirpc3 arm64 1.3.3+ds-1 [80.9 kB]
#8 2.014 Get:28 http://deb.debian.org/debian bookworm/main arm64 libnsl2 arm64 1.3.0-2 [36.9 kB]
#8 2.030 Get:29 http://deb.debian.org/debian bookworm/main arm64 libtirpc-dev arm64 1.3.3+ds-1 [194 kB]
#8 2.032 Get:30 http://deb.debian.org/debian bookworm/main arm64 libnsl-dev arm64 1.3.0-2 [66.1 kB]
#8 2.033 Get:31 http://deb.debian.org/debian bookworm/main arm64 rpcsvc-proto arm64 1.4.3-1 [59.7 kB]
#8 2.034 Get:32 http://deb.debian.org/debian bookworm/main arm64 libc6-dev arm64 2.36-9+deb12u10 [1431 kB]
#8 2.044 Get:33 http://deb.debian.org/debian bookworm/main arm64 libisl23 arm64 0.25-1.1 [610 kB]
#8 2.047 Get:34 http://deb.debian.org/debian bookworm/main arm64 libmpfr6 arm64 4.2.0-1 [600 kB]
#8 2.050 Get:35 http://deb.debian.org/debian bookworm/main arm64 libmpc3 arm64 1.3.1-1 [49.2 kB]
#8 2.051 Get:36 http://deb.debian.org/debian bookworm/main arm64 cpp-12 arm64 12.2.0-14+deb12u1 [8228 kB]
#8 2.108 Get:37 http://deb.debian.org/debian bookworm/main arm64 cpp arm64 4:12.2.0-3 [6832 B]
#8 2.108 Get:38 http://deb.debian.org/debian bookworm/main arm64 libcc1-0 arm64 12.2.0-14+deb12u1 [37.7 kB]
#8 2.108 Get:39 http://deb.debian.org/debian bookworm/main arm64 libgomp1 arm64 12.2.0-14+deb12u1 [104 kB]
#8 2.109 Get:40 http://deb.debian.org/debian bookworm/main arm64 libitm1 arm64 12.2.0-14+deb12u1 [24.0 kB]
#8 2.109 Get:41 http://deb.debian.org/debian bookworm/main arm64 libatomic1 arm64 12.2.0-14+deb12u1 [9568 B]
#8 2.109 Get:42 http://deb.debian.org/debian bookworm/main arm64 libasan8 arm64 12.2.0-14+deb12u1 [2096 kB]
#8 2.119 Get:43 http://deb.debian.org/debian bookworm/main arm64 liblsan0 arm64 12.2.0-14+deb12u1 [926 kB]
#8 2.124 Get:44 http://deb.debian.org/debian bookworm/main arm64 libtsan2 arm64 12.2.0-14+deb12u1 [2178 kB]
#8 2.141 Get:45 http://deb.debian.org/debian bookworm/main arm64 libubsan1 arm64 12.2.0-14+deb12u1 [862 kB]
#8 2.145 Get:46 http://deb.debian.org/debian bookworm/main arm64 libhwasan0 arm64 12.2.0-14+deb12u1 [999 kB]
#8 2.149 Get:47 http://deb.debian.org/debian bookworm/main arm64 libgcc-12-dev arm64 12.2.0-14+deb12u1 [956 kB]
#8 2.153 Get:48 http://deb.debian.org/debian bookworm/main arm64 gcc-12 arm64 12.2.0-14+deb12u1 [16.3 MB]
#8 2.270 Get:49 http://deb.debian.org/debian bookworm/main arm64 gcc arm64 4:12.2.0-3 [5244 B]
#8 2.270 Get:50 http://deb.debian.org/debian bookworm/main arm64 libstdc++-12-dev arm64 12.2.0-14+deb12u1 [2007 kB]
#8 2.280 Get:51 http://deb.debian.org/debian bookworm/main arm64 g++-12 arm64 12.2.0-14+deb12u1 [9072 kB]
#8 2.342 Get:52 http://deb.debian.org/debian bookworm/main arm64 g++ arm64 4:12.2.0-3 [1336 B]
#8 2.342 Get:53 http://deb.debian.org/debian bookworm/main arm64 make arm64 4.3-4.1 [391 kB]
#8 2.344 Get:54 http://deb.debian.org/debian bookworm/main arm64 libdpkg-perl all 1.21.22 [603 kB]
#8 2.347 Get:55 http://deb.debian.org/debian bookworm/main arm64 patch arm64 2.7.6-7 [121 kB]
#8 2.348 Get:56 http://deb.debian.org/debian bookworm/main arm64 dpkg-dev all 1.21.22 [1353 kB]
#8 2.358 Get:57 http://deb.debian.org/debian bookworm/main arm64 build-essential arm64 12.9 [7704 B]
#8 2.358 Get:58 http://deb.debian.org/debian bookworm/main arm64 libbrotli1 arm64 1.0.9-2+b6 [269 kB]
#8 2.359 Get:59 http://deb.debian.org/debian bookworm/main arm64 libsasl2-modules-db arm64 2.1.28+dfsg-10 [20.8 kB]
#8 2.359 Get:60 http://deb.debian.org/debian bookworm/main arm64 libsasl2-2 arm64 2.1.28+dfsg-10 [58.0 kB]
#8 2.368 Get:61 http://deb.debian.org/debian bookworm/main arm64 libldap-2.5-0 arm64 2.5.13+dfsg-5 [171 kB]
#8 2.370 Get:62 http://deb.debian.org/debian bookworm/main arm64 libnghttp2-14 arm64 1.52.0-1+deb12u2 [68.6 kB]
#8 2.372 Get:63 http://deb.debian.org/debian bookworm/main arm64 libpsl5 arm64 0.21.2-1 [58.6 kB]
#8 2.373 Get:64 http://deb.debian.org/debian bookworm/main arm64 librtmp1 arm64 2.4+20151223.gitfa8646d.1-2+b2 [59.4 kB]
#8 2.373 Get:65 http://deb.debian.org/debian bookworm/main arm64 libssh2-1 arm64 1.10.0-3+b1 [172 kB]
#8 2.378 Get:66 http://deb.debian.org/debian bookworm/main arm64 libcurl4 arm64 7.88.1-10+deb12u12 [367 kB]
#8 2.381 Get:67 http://deb.debian.org/debian bookworm/main arm64 curl arm64 7.88.1-10+deb12u12 [309 kB]
#8 2.385 Get:68 http://deb.debian.org/debian bookworm/main arm64 libassuan0 arm64 2.5.5-5 [45.9 kB]
#8 2.385 Get:69 http://deb.debian.org/debian bookworm/main arm64 gpgconf arm64 2.2.40-1.1 [557 kB]
#8 2.389 Get:70 http://deb.debian.org/debian bookworm/main arm64 libksba8 arm64 1.6.3-2 [119 kB]
#8 2.390 Get:71 http://deb.debian.org/debian bookworm/main arm64 libnpth0 arm64 1.6-3 [18.6 kB]
#8 2.390 Get:72 http://deb.debian.org/debian bookworm/main arm64 dirmngr arm64 2.2.40-1.1 [770 kB]
#8 2.395 Get:73 http://deb.debian.org/debian bookworm/main arm64 libfakeroot arm64 1.31-1.2 [27.9 kB]
#8 2.395 Get:74 http://deb.debian.org/debian bookworm/main arm64 fakeroot arm64 1.31-1.2 [66.4 kB]
#8 2.395 Get:75 http://deb.debian.org/debian bookworm/main arm64 fonts-dejavu-core all 2.37-6 [1068 kB]
#8 2.402 Get:76 http://deb.debian.org/debian bookworm/main arm64 fontconfig-config arm64 2.14.1-4 [315 kB]
#8 2.410 Get:77 http://deb.debian.org/debian bookworm/main arm64 libgfortran5 arm64 12.2.0-14+deb12u1 [340 kB]
#8 2.411 Get:78 http://deb.debian.org/debian bookworm/main arm64 libgfortran-12-dev arm64 12.2.0-14+deb12u1 [396 kB]
#8 2.414 Get:79 http://deb.debian.org/debian bookworm/main arm64 gfortran-12 arm64 12.2.0-14+deb12u1 [8644 kB]
#8 2.465 Get:80 http://deb.debian.org/debian bookworm/main arm64 gfortran arm64 4:12.2.0-3 [1420 B]
#8 2.465 Get:81 http://deb.debian.org/debian bookworm/main arm64 gnupg-l10n all 2.2.40-1.1 [1093 kB]
#8 2.470 Get:82 http://deb.debian.org/debian bookworm/main arm64 gnupg-utils arm64 2.2.40-1.1 [880 kB]
#8 2.474 Get:83 http://deb.debian.org/debian bookworm/main arm64 gpg arm64 2.2.40-1.1 [903 kB]
#8 2.478 Get:84 http://deb.debian.org/debian bookworm/main arm64 pinentry-curses arm64 1.2.1-1 [75.2 kB]
#8 2.479 Get:85 http://deb.debian.org/debian bookworm/main arm64 gpg-agent arm64 2.2.40-1.1 [673 kB]
#8 2.482 Get:86 http://deb.debian.org/debian bookworm/main arm64 gpg-wks-client arm64 2.2.40-1.1 [532 kB]
#8 2.487 Get:87 http://deb.debian.org/debian bookworm/main arm64 gpg-wks-server arm64 2.2.40-1.1 [524 kB]
#8 2.490 Get:88 http://deb.debian.org/debian bookworm/main arm64 gpgsm arm64 2.2.40-1.1 [651 kB]
#8 2.494 Get:89 http://deb.debian.org/debian bookworm/main arm64 gnupg all 2.2.40-1.1 [846 kB]
#8 2.500 Get:90 http://deb.debian.org/debian bookworm/main arm64 libabsl20220623 arm64 20220623.1-1+deb12u2 [363 kB]
#8 2.502 Get:91 http://deb.debian.org/debian bookworm/main arm64 libalgorithm-diff-perl all 1.201-1 [43.3 kB]
#8 2.503 Get:92 http://deb.debian.org/debian bookworm/main arm64 libalgorithm-diff-xs-perl arm64 0.04-8+b1 [11.2 kB]
#8 2.503 Get:93 http://deb.debian.org/debian bookworm/main arm64 libalgorithm-merge-perl all 0.08-5 [11.8 kB]
#8 2.503 Get:94 http://deb.debian.org/debian bookworm/main arm64 libaom3 arm64 3.6.0-1+deb12u1 [1379 kB]
#8 2.509 Get:95 http://deb.debian.org/debian bookworm/main arm64 libatlas3-base arm64 3.10.3-13 [2537 kB]
#8 2.527 Get:96 http://deb.debian.org/debian bookworm/main arm64 libatlas-base-dev arm64 3.10.3-13 [2655 kB]
#8 2.541 Get:97 http://deb.debian.org/debian bookworm/main arm64 libdav1d6 arm64 1.0.0-2+deb12u1 [275 kB]
#8 2.542 Get:98 http://deb.debian.org/debian bookworm/main arm64 libgav1-1 arm64 0.18.0-1+b1 [425 kB]
#8 2.554 Get:99 http://deb.debian.org/debian bookworm/main arm64 librav1e0 arm64 0.5.1-6 [552 kB]
#8 2.558 Get:100 http://deb.debian.org/debian bookworm/main arm64 libsvtav1enc1 arm64 1.4.1+dfsg-1 [1074 kB]
#8 2.563 Get:101 http://deb.debian.org/debian bookworm/main arm64 libjpeg62-turbo arm64 1:2.1.5-2 [171 kB]
#8 2.563 Get:102 http://deb.debian.org/debian bookworm/main arm64 libyuv0 arm64 0.0~git20230123.b2528b0-1 [122 kB]
#8 2.564 Get:103 http://deb.debian.org/debian-security bookworm-security/main arm64 libavif15 arm64 0.11.1-1+deb12u1 [88.4 kB]
#8 2.564 Get:104 http://deb.debian.org/debian bookworm/main arm64 libblas3 arm64 3.11.0-2 [91.4 kB]
#8 2.565 Get:105 http://deb.debian.org/debian bookworm/main arm64 libblas-dev arm64 3.11.0-2 [97.6 kB]
#8 2.566 Get:106 http://deb.debian.org/debian bookworm/main arm64 libbsd0 arm64 0.11.7-2 [115 kB]
#8 2.566 Get:107 http://deb.debian.org/debian bookworm/main arm64 libexpat1 arm64 2.5.0-1+deb12u1 [84.6 kB]
#8 2.583 Get:108 http://deb.debian.org/debian bookworm/main arm64 libpng16-16 arm64 1.6.39-2 [269 kB]
#8 2.585 Get:109 http://deb.debian.org/debian bookworm/main arm64 libfreetype6 arm64 2.12.1+dfsg-5+deb12u4 [368 kB]
#8 2.587 Get:110 http://deb.debian.org/debian bookworm/main arm64 libfontconfig1 arm64 2.14.1-4 [381 kB]
#8 2.590 Get:111 http://deb.debian.org/debian bookworm/main arm64 libde265-0 arm64 1.0.11-1+deb12u2 [148 kB]
#8 2.593 Get:112 http://deb.debian.org/debian bookworm/main arm64 libnuma1 arm64 2.0.16-1 [20.3 kB]
#8 2.593 Get:113 http://deb.debian.org/debian bookworm/main arm64 libx265-199 arm64 3.5-2+b1 [603 kB]
#8 2.596 Get:114 http://deb.debian.org/debian bookworm/main arm64 libheif1 arm64 1.15.1-1+deb12u1 [191 kB]
#8 2.597 Get:115 http://deb.debian.org/debian bookworm/main arm64 libdeflate0 arm64 1.14-1 [54.3 kB]
#8 2.598 Get:116 http://deb.debian.org/debian bookworm/main arm64 libjbig0 arm64 2.1-6.1 [30.0 kB]
#8 2.598 Get:117 http://deb.debian.org/debian bookworm/main arm64 liblerc4 arm64 4.0.0+ds-2 [138 kB]
#8 2.603 Get:118 http://deb.debian.org/debian bookworm/main arm64 libwebp7 arm64 1.2.4-0.2+deb12u1 [260 kB]
#8 2.606 Get:119 http://deb.debian.org/debian bookworm/main arm64 libtiff6 arm64 4.5.0-6+deb12u2 [301 kB]
#8 2.613 Get:120 http://deb.debian.org/debian bookworm/main arm64 libxau6 arm64 1:1.0.9-1 [19.7 kB]
#8 2.615 Get:121 http://deb.debian.org/debian bookworm/main arm64 libxdmcp6 arm64 1:1.1.2-3 [25.4 kB]
#8 2.616 Get:122 http://deb.debian.org/debian bookworm/main arm64 libxcb1 arm64 1.15-1 [143 kB]
#8 2.618 Get:123 http://deb.debian.org/debian bookworm/main arm64 libx11-data all 2:1.8.4-2+deb12u2 [292 kB]
#8 2.620 Get:124 http://deb.debian.org/debian bookworm/main arm64 libx11-6 arm64 2:1.8.4-2+deb12u2 [735 kB]
#8 2.627 Get:125 http://deb.debian.org/debian bookworm/main arm64 libxpm4 arm64 1:3.5.12-1.1+deb12u1 [45.4 kB]
#8 2.628 Get:126 http://deb.debian.org/debian bookworm/main arm64 libgd3 arm64 2.3.3-9 [113 kB]
#8 2.628 Get:127 http://deb.debian.org/debian bookworm/main arm64 libc-devtools arm64 2.36-9+deb12u10 [53.4 kB]
#8 2.629 Get:128 http://deb.debian.org/debian bookworm/main arm64 libedit2 arm64 3.1-20221030-2 [88.1 kB]
#8 2.631 Get:129 http://deb.debian.org/debian bookworm/main arm64 libelf1 arm64 0.188-2.1 [173 kB]
#8 2.637 Get:130 http://deb.debian.org/debian bookworm/main arm64 libfile-fcntllock-perl arm64 0.22-4+b1 [34.8 kB]
#8 2.638 Get:131 http://deb.debian.org/debian-security bookworm-security/main arm64 libicu72 arm64 72.1-3+deb12u1 [9202 kB]
#8 2.710 Get:132 http://deb.debian.org/debian bookworm/main arm64 libopenblas0-pthread arm64 0.3.21+ds-4 [4532 kB]
#8 2.740 Get:133 http://deb.debian.org/debian bookworm/main arm64 liblapack3 arm64 3.11.0-2 [1664 kB]
#8 2.749 Get:134 http://deb.debian.org/debian bookworm/main arm64 libopenblas-pthread-dev arm64 0.3.21+ds-4 [3169 kB]
#8 2.767 Get:135 http://deb.debian.org/debian bookworm/main arm64 liblapack-dev arm64 3.11.0-2 [3065 kB]
#8 2.784 Get:136 http://deb.debian.org/debian bookworm/main arm64 libldap-common all 2.5.13+dfsg-5 [29.3 kB]
#8 2.784 Get:137 http://deb.debian.org/debian-security bookworm-security/main arm64 libxml2 arm64 2.9.14+dfsg-1.3~deb12u2 [619 kB]
#8 2.786 Get:138 http://deb.debian.org/debian bookworm/main arm64 libz3-4 arm64 4.8.12-3.1 [6282 kB]
#8 2.827 Get:139 http://deb.debian.org/debian bookworm/main arm64 libllvm14 arm64 1:14.0.6-12 [19.3 MB]
#8 2.958 Get:140 http://deb.debian.org/debian bookworm/main arm64 libomp5-14 arm64 1:14.0.6-12 [317 kB]
#8 2.959 Get:141 http://deb.debian.org/debian bookworm/main arm64 libomp-14-dev arm64 1:14.0.6-12 [333 kB]
#8 2.961 Get:142 http://deb.debian.org/debian bookworm/main arm64 libomp-dev arm64 1:14.0-55.7~deb12u1 [4672 B]
#8 2.961 Get:143 http://deb.debian.org/debian bookworm/main arm64 libopenblas0 arm64 0.3.21+ds-4 [32.6 kB]
#8 2.961 Get:144 http://deb.debian.org/debian bookworm/main arm64 libopenblas-dev arm64 0.3.21+ds-4 [44.9 kB]
#8 2.961 Get:145 http://deb.debian.org/debian bookworm/main arm64 libpkgconf3 arm64 1.8.1-1 [35.3 kB]
#8 2.962 Get:146 http://deb.debian.org/debian bookworm/main arm64 libsasl2-modules arm64 2.1.28+dfsg-10 [63.1 kB]
#8 2.962 Get:147 http://deb.debian.org/debian bookworm/main arm64 manpages-dev all 6.03-2 [2030 kB]
#8 2.982 Get:148 http://deb.debian.org/debian bookworm/main arm64 pkgconf-bin arm64 1.8.1-1 [28.9 kB]
#8 2.983 Get:149 http://deb.debian.org/debian bookworm/main arm64 pkgconf arm64 1.8.1-1 [25.9 kB]
#8 2.985 Get:150 http://deb.debian.org/debian bookworm/main arm64 pkg-config arm64 1.8.1-1 [13.7 kB]
#8 2.985 Get:151 http://deb.debian.org/debian bookworm/main arm64 publicsuffix all 20230209.2326-1 [126 kB]
#8 3.098 debconf: delaying package configuration, since apt-utils is not installed
#8 3.108 Fetched 154 MB in 1s (122 MB/s)
#8 3.116 Selecting previously unselected package perl-modules-5.36.
#8 3.116 (Reading database ... (Reading database ... 5%(Reading database ... 10%(Reading database ... 15%(Reading database ... 20%(Reading database ... 25%(Reading database ... 30%(Reading database ... 35%(Reading database ... 40%(Reading database ... 45%(Reading database ... 50%(Reading database ... 55%(Reading database ... 60%(Reading database ... 65%(Reading database ... 70%(Reading database ... 75%(Reading database ... 80%(Reading database ... 85%(Reading database ... 90%(Reading database ... 95%(Reading database ... 100%(Reading database ... 6626 files and directories currently installed.)
#8 3.121 Preparing to unpack .../000-perl-modules-5.36_5.36.0-7+deb12u2_all.deb ...
#8 3.122 Unpacking perl-modules-5.36 (5.36.0-7+deb12u2) ...
#8 3.288 Selecting previously unselected package libgdbm-compat4:arm64.
#8 3.289 Preparing to unpack .../001-libgdbm-compat4_1.23-3_arm64.deb ...
#8 3.290 Unpacking libgdbm-compat4:arm64 (1.23-3) ...
#8 3.303 Selecting previously unselected package libperl5.36:arm64.
#8 3.304 Preparing to unpack .../002-libperl5.36_5.36.0-7+deb12u2_arm64.deb ...
#8 3.305 Unpacking libperl5.36:arm64 (5.36.0-7+deb12u2) ...
#8 3.542 Selecting previously unselected package perl.
#8 3.543 Preparing to unpack .../003-perl_5.36.0-7+deb12u2_arm64.deb ...
#8 3.546 Unpacking perl (5.36.0-7+deb12u2) ...
#8 3.561 Selecting previously unselected package liblocale-gettext-perl.
#8 3.562 Preparing to unpack .../004-liblocale-gettext-perl_1.07-5_arm64.deb ...
#8 3.562 Unpacking liblocale-gettext-perl (1.07-5) ...
#8 3.572 Selecting previously unselected package bzip2.
#8 3.572 Preparing to unpack .../005-bzip2_1.0.8-5+b1_arm64.deb ...
#8 3.573 Unpacking bzip2 (1.0.8-5+b1) ...
#8 3.584 Selecting previously unselected package krb5-locales.
#8 3.584 Preparing to unpack .../006-krb5-locales_1.20.1-2+deb12u3_all.deb ...
#8 3.585 Unpacking krb5-locales (1.20.1-2+deb12u3) ...
#8 3.596 Selecting previously unselected package manpages.
#8 3.596 Preparing to unpack .../007-manpages_6.03-2_all.deb ...
#8 3.597 Unpacking manpages (6.03-2) ...
#8 3.643 Selecting previously unselected package xz-utils.
#8 3.644 Preparing to unpack .../008-xz-utils_5.4.1-1_arm64.deb ...
#8 3.645 Unpacking xz-utils (5.4.1-1) ...
#8 3.671 Selecting previously unselected package binutils-common:arm64.
#8 3.671 Preparing to unpack .../009-binutils-common_2.40-2_arm64.deb ...
#8 3.672 Unpacking binutils-common:arm64 (2.40-2) ...
#8 3.780 Selecting previously unselected package libbinutils:arm64.
#8 3.781 Preparing to unpack .../010-libbinutils_2.40-2_arm64.deb ...
#8 3.782 Unpacking libbinutils:arm64 (2.40-2) ...
#8 3.817 Selecting previously unselected package libctf-nobfd0:arm64.
#8 3.818 Preparing to unpack .../011-libctf-nobfd0_2.40-2_arm64.deb ...
#8 3.819 Unpacking libctf-nobfd0:arm64 (2.40-2) ...
#8 3.834 Selecting previously unselected package libctf0:arm64.
#8 3.834 Preparing to unpack .../012-libctf0_2.40-2_arm64.deb ...
#8 3.835 Unpacking libctf0:arm64 (2.40-2) ...
#8 3.851 Selecting previously unselected package libgprofng0:arm64.
#8 3.851 Preparing to unpack .../013-libgprofng0_2.40-2_arm64.deb ...
#8 3.852 Unpacking libgprofng0:arm64 (2.40-2) ...
#8 3.887 Selecting previously unselected package libjansson4:arm64.
#8 3.888 Preparing to unpack .../014-libjansson4_2.14-2_arm64.deb ...
#8 3.888 Unpacking libjansson4:arm64 (2.14-2) ...
#8 3.897 Selecting previously unselected package binutils-aarch64-linux-gnu.
#8 3.898 Preparing to unpack .../015-binutils-aarch64-linux-gnu_2.40-2_arm64.deb ...
#8 3.899 Unpacking binutils-aarch64-linux-gnu (2.40-2) ...
#8 4.031 Selecting previously unselected package binutils.
#8 4.032 Preparing to unpack .../016-binutils_2.40-2_arm64.deb ...
#8 4.034 Unpacking binutils (2.40-2) ...
#8 4.044 Selecting previously unselected package libc-dev-bin.
#8 4.045 Preparing to unpack .../017-libc-dev-bin_2.36-9+deb12u10_arm64.deb ...
#8 4.046 Unpacking libc-dev-bin (2.36-9+deb12u10) ...
#8 4.057 Selecting previously unselected package linux-libc-dev:arm64.
#8 4.057 Preparing to unpack .../018-linux-libc-dev_6.1.147-1_arm64.deb ...
#8 4.058 Unpacking linux-libc-dev:arm64 (6.1.147-1) ...
#8 4.119 Selecting previously unselected package libcrypt-dev:arm64.
#8 4.119 Preparing to unpack .../019-libcrypt-dev_1%3a4.4.33-2_arm64.deb ...
#8 4.122 Unpacking libcrypt-dev:arm64 (1:4.4.33-2) ...
#8 4.135 Selecting previously unselected package libkrb5support0:arm64.
#8 4.136 Preparing to unpack .../020-libkrb5support0_1.20.1-2+deb12u3_arm64.deb ...
#8 4.137 Unpacking libkrb5support0:arm64 (1.20.1-2+deb12u3) ...
#8 4.147 Selecting previously unselected package libk5crypto3:arm64.
#8 4.148 Preparing to unpack .../021-libk5crypto3_1.20.1-2+deb12u3_arm64.deb ...
#8 4.149 Unpacking libk5crypto3:arm64 (1.20.1-2+deb12u3) ...
#8 4.161 Selecting previously unselected package libkeyutils1:arm64.
#8 4.162 Preparing to unpack .../022-libkeyutils1_1.6.3-2_arm64.deb ...
#8 4.163 Unpacking libkeyutils1:arm64 (1.6.3-2) ...
#8 4.174 Selecting previously unselected package libkrb5-3:arm64.
#8 4.175 Preparing to unpack .../023-libkrb5-3_1.20.1-2+deb12u3_arm64.deb ...
#8 4.176 Unpacking libkrb5-3:arm64 (1.20.1-2+deb12u3) ...
#8 4.203 Selecting previously unselected package libgssapi-krb5-2:arm64.
#8 4.204 Preparing to unpack .../024-libgssapi-krb5-2_1.20.1-2+deb12u3_arm64.deb ...
#8 4.205 Unpacking libgssapi-krb5-2:arm64 (1.20.1-2+deb12u3) ...
#8 4.219 Selecting previously unselected package libtirpc-common.
#8 4.219 Preparing to unpack .../025-libtirpc-common_1.3.3+ds-1_all.deb ...
#8 4.220 Unpacking libtirpc-common (1.3.3+ds-1) ...
#8 4.232 Selecting previously unselected package libtirpc3:arm64.
#8 4.233 Preparing to unpack .../026-libtirpc3_1.3.3+ds-1_arm64.deb ...
#8 4.233 Unpacking libtirpc3:arm64 (1.3.3+ds-1) ...
#8 4.247 Selecting previously unselected package libnsl2:arm64.
#8 4.248 Preparing to unpack .../027-libnsl2_1.3.0-2_arm64.deb ...
#8 4.249 Unpacking libnsl2:arm64 (1.3.0-2) ...
#8 4.258 Selecting previously unselected package libtirpc-dev:arm64.
#8 4.259 Preparing to unpack .../028-libtirpc-dev_1.3.3+ds-1_arm64.deb ...
#8 4.260 Unpacking libtirpc-dev:arm64 (1.3.3+ds-1) ...
#8 4.275 Selecting previously unselected package libnsl-dev:arm64.
#8 4.276 Preparing to unpack .../029-libnsl-dev_1.3.0-2_arm64.deb ...
#8 4.276 Unpacking libnsl-dev:arm64 (1.3.0-2) ...
#8 4.285 Selecting previously unselected package rpcsvc-proto.
#8 4.286 Preparing to unpack .../030-rpcsvc-proto_1.4.3-1_arm64.deb ...
#8 4.288 Unpacking rpcsvc-proto (1.4.3-1) ...
#8 4.298 Selecting previously unselected package libc6-dev:arm64.
#8 4.299 Preparing to unpack .../031-libc6-dev_2.36-9+deb12u10_arm64.deb ...
#8 4.299 Unpacking libc6-dev:arm64 (2.36-9+deb12u10) ...
#8 4.395 Selecting previously unselected package libisl23:arm64.
#8 4.396 Preparing to unpack .../032-libisl23_0.25-1.1_arm64.deb ...
#8 4.397 Unpacking libisl23:arm64 (0.25-1.1) ...
#8 4.432 Selecting previously unselected package libmpfr6:arm64.
#8 4.432 Preparing to unpack .../033-libmpfr6_4.2.0-1_arm64.deb ...
#8 4.434 Unpacking libmpfr6:arm64 (4.2.0-1) ...
#8 4.455 Selecting previously unselected package libmpc3:arm64.
#8 4.455 Preparing to unpack .../034-libmpc3_1.3.1-1_arm64.deb ...
#8 4.457 Unpacking libmpc3:arm64 (1.3.1-1) ...
#8 4.465 Selecting previously unselected package cpp-12.
#8 4.466 Preparing to unpack .../035-cpp-12_12.2.0-14+deb12u1_arm64.deb ...
#8 4.468 Unpacking cpp-12 (12.2.0-14+deb12u1) ...
#8 4.784 Selecting previously unselected package cpp.
#8 4.785 Preparing to unpack .../036-cpp_4%3a12.2.0-3_arm64.deb ...
#8 4.786 Unpacking cpp (4:12.2.0-3) ...
#8 4.796 Selecting previously unselected package libcc1-0:arm64.
#8 4.796 Preparing to unpack .../037-libcc1-0_12.2.0-14+deb12u1_arm64.deb ...
#8 4.797 Unpacking libcc1-0:arm64 (12.2.0-14+deb12u1) ...
#8 4.811 Selecting previously unselected package libgomp1:arm64.
#8 4.811 Preparing to unpack .../038-libgomp1_12.2.0-14+deb12u1_arm64.deb ...
#8 4.812 Unpacking libgomp1:arm64 (12.2.0-14+deb12u1) ...
#8 4.824 Selecting previously unselected package libitm1:arm64.
#8 4.825 Preparing to unpack .../039-libitm1_12.2.0-14+deb12u1_arm64.deb ...
#8 4.826 Unpacking libitm1:arm64 (12.2.0-14+deb12u1) ...
#8 4.838 Selecting previously unselected package libatomic1:arm64.
#8 4.838 Preparing to unpack .../040-libatomic1_12.2.0-14+deb12u1_arm64.deb ...
#8 4.839 Unpacking libatomic1:arm64 (12.2.0-14+deb12u1) ...
#8 4.848 Selecting previously unselected package libasan8:arm64.
#8 4.848 Preparing to unpack .../041-libasan8_12.2.0-14+deb12u1_arm64.deb ...
#8 4.849 Unpacking libasan8:arm64 (12.2.0-14+deb12u1) ...
#8 4.950 Selecting previously unselected package liblsan0:arm64.
#8 4.951 Preparing to unpack .../042-liblsan0_12.2.0-14+deb12u1_arm64.deb ...
#8 4.952 Unpacking liblsan0:arm64 (12.2.0-14+deb12u1) ...
#8 5.008 Selecting previously unselected package libtsan2:arm64.
#8 5.009 Preparing to unpack .../043-libtsan2_12.2.0-14+deb12u1_arm64.deb ...
#8 5.010 Unpacking libtsan2:arm64 (12.2.0-14+deb12u1) ...
#8 5.121 Selecting previously unselected package libubsan1:arm64.
#8 5.122 Preparing to unpack .../044-libubsan1_12.2.0-14+deb12u1_arm64.deb ...
#8 5.123 Unpacking libubsan1:arm64 (12.2.0-14+deb12u1) ...
#8 5.167 Selecting previously unselected package libhwasan0:arm64.
#8 5.168 Preparing to unpack .../045-libhwasan0_12.2.0-14+deb12u1_arm64.deb ...
#8 5.169 Unpacking libhwasan0:arm64 (12.2.0-14+deb12u1) ...
#8 5.219 Selecting previously unselected package libgcc-12-dev:arm64.
#8 5.220 Preparing to unpack .../046-libgcc-12-dev_12.2.0-14+deb12u1_arm64.deb ...
#8 5.221 Unpacking libgcc-12-dev:arm64 (12.2.0-14+deb12u1) ...
#8 5.296 Selecting previously unselected package gcc-12.
#8 5.297 Preparing to unpack .../047-gcc-12_12.2.0-14+deb12u1_arm64.deb ...
#8 5.298 Unpacking gcc-12 (12.2.0-14+deb12u1) ...
#8 5.763 Selecting previously unselected package gcc.
#8 5.764 Preparing to unpack .../048-gcc_4%3a12.2.0-3_arm64.deb ...
#8 5.765 Unpacking gcc (4:12.2.0-3) ...
#8 5.774 Selecting previously unselected package libstdc++-12-dev:arm64.
#8 5.774 Preparing to unpack .../049-libstdc++-12-dev_12.2.0-14+deb12u1_arm64.deb ...
#8 5.775 Unpacking libstdc++-12-dev:arm64 (12.2.0-14+deb12u1) ...
#8 5.889 Selecting previously unselected package g++-12.
#8 5.890 Preparing to unpack .../050-g++-12_12.2.0-14+deb12u1_arm64.deb ...
#8 5.891 Unpacking g++-12 (12.2.0-14+deb12u1) ...
#8 6.218 Selecting previously unselected package g++.
#8 6.219 Preparing to unpack .../051-g++_4%3a12.2.0-3_arm64.deb ...
#8 6.220 Unpacking g++ (4:12.2.0-3) ...
#8 6.227 Selecting previously unselected package make.
#8 6.228 Preparing to unpack .../052-make_4.3-4.1_arm64.deb ...
#8 6.229 Unpacking make (4.3-4.1) ...
#8 6.254 Selecting previously unselected package libdpkg-perl.
#8 6.255 Preparing to unpack .../053-libdpkg-perl_1.21.22_all.deb ...
#8 6.256 Unpacking libdpkg-perl (1.21.22) ...
#8 6.284 Selecting previously unselected package patch.
#8 6.285 Preparing to unpack .../054-patch_2.7.6-7_arm64.deb ...
#8 6.286 Unpacking patch (2.7.6-7) ...
#8 6.301 Selecting previously unselected package dpkg-dev.
#8 6.302 Preparing to unpack .../055-dpkg-dev_1.21.22_all.deb ...
#8 6.302 Unpacking dpkg-dev (1.21.22) ...
#8 6.354 Selecting previously unselected package build-essential.
#8 6.355 Preparing to unpack .../056-build-essential_12.9_arm64.deb ...
#8 6.356 Unpacking build-essential (12.9) ...
#8 6.366 Selecting previously unselected package libbrotli1:arm64.
#8 6.367 Preparing to unpack .../057-libbrotli1_1.0.9-2+b6_arm64.deb ...
#8 6.368 Unpacking libbrotli1:arm64 (1.0.9-2+b6) ...
#8 6.387 Selecting previously unselected package libsasl2-modules-db:arm64.
#8 6.388 Preparing to unpack .../058-libsasl2-modules-db_2.1.28+dfsg-10_arm64.deb ...
#8 6.390 Unpacking libsasl2-modules-db:arm64 (2.1.28+dfsg-10) ...
#8 6.400 Selecting previously unselected package libsasl2-2:arm64.
#8 6.401 Preparing to unpack .../059-libsasl2-2_2.1.28+dfsg-10_arm64.deb ...
#8 6.401 Unpacking libsasl2-2:arm64 (2.1.28+dfsg-10) ...
#8 6.411 Selecting previously unselected package libldap-2.5-0:arm64.
#8 6.412 Preparing to unpack .../060-libldap-2.5-0_2.5.13+dfsg-5_arm64.deb ...
#8 6.413 Unpacking libldap-2.5-0:arm64 (2.5.13+dfsg-5) ...
#8 6.428 Selecting previously unselected package libnghttp2-14:arm64.
#8 6.429 Preparing to unpack .../061-libnghttp2-14_1.52.0-1+deb12u2_arm64.deb ...
#8 6.430 Unpacking libnghttp2-14:arm64 (1.52.0-1+deb12u2) ...
#8 6.443 Selecting previously unselected package libpsl5:arm64.
#8 6.444 Preparing to unpack .../062-libpsl5_0.21.2-1_arm64.deb ...
#8 6.445 Unpacking libpsl5:arm64 (0.21.2-1) ...
#8 6.457 Selecting previously unselected package librtmp1:arm64.
#8 6.457 Preparing to unpack .../063-librtmp1_2.4+20151223.gitfa8646d.1-2+b2_arm64.deb ...
#8 6.458 Unpacking librtmp1:arm64 (2.4+20151223.gitfa8646d.1-2+b2) ...
#8 6.469 Selecting previously unselected package libssh2-1:arm64.
#8 6.470 Preparing to unpack .../064-libssh2-1_1.10.0-3+b1_arm64.deb ...
#8 6.471 Unpacking libssh2-1:arm64 (1.10.0-3+b1) ...
#8 6.485 Selecting previously unselected package libcurl4:arm64.
#8 6.485 Preparing to unpack .../065-libcurl4_7.88.1-10+deb12u12_arm64.deb ...
#8 6.486 Unpacking libcurl4:arm64 (7.88.1-10+deb12u12) ...
#8 6.508 Selecting previously unselected package curl.
#8 6.508 Preparing to unpack .../066-curl_7.88.1-10+deb12u12_arm64.deb ...
#8 6.509 Unpacking curl (7.88.1-10+deb12u12) ...
#8 6.530 Selecting previously unselected package libassuan0:arm64.
#8 6.531 Preparing to unpack .../067-libassuan0_2.5.5-5_arm64.deb ...
#8 6.532 Unpacking libassuan0:arm64 (2.5.5-5) ...
#8 6.543 Selecting previously unselected package gpgconf.
#8 6.544 Preparing to unpack .../068-gpgconf_2.2.40-1.1_arm64.deb ...
#8 6.545 Unpacking gpgconf (2.2.40-1.1) ...
#8 6.562 Selecting previously unselected package libksba8:arm64.
#8 6.562 Preparing to unpack .../069-libksba8_1.6.3-2_arm64.deb ...
#8 6.563 Unpacking libksba8:arm64 (1.6.3-2) ...
#8 6.577 Selecting previously unselected package libnpth0:arm64.
#8 6.578 Preparing to unpack .../070-libnpth0_1.6-3_arm64.deb ...
#8 6.579 Unpacking libnpth0:arm64 (1.6-3) ...
#8 6.592 Selecting previously unselected package dirmngr.
#8 6.592 Preparing to unpack .../071-dirmngr_2.2.40-1.1_arm64.deb ...
#8 6.597 Unpacking dirmngr (2.2.40-1.1) ...
#8 6.626 Selecting previously unselected package libfakeroot:arm64.
#8 6.627 Preparing to unpack .../072-libfakeroot_1.31-1.2_arm64.deb ...
#8 6.628 Unpacking libfakeroot:arm64 (1.31-1.2) ...
#8 6.642 Selecting previously unselected package fakeroot.
#8 6.643 Preparing to unpack .../073-fakeroot_1.31-1.2_arm64.deb ...
#8 6.645 Unpacking fakeroot (1.31-1.2) ...
#8 6.660 Selecting previously unselected package fonts-dejavu-core.
#8 6.660 Preparing to unpack .../074-fonts-dejavu-core_2.37-6_all.deb ...
#8 6.661 Unpacking fonts-dejavu-core (2.37-6) ...
#8 6.721 Selecting previously unselected package fontconfig-config.
#8 6.722 Preparing to unpack .../075-fontconfig-config_2.14.1-4_arm64.deb ...
#8 6.754 Unpacking fontconfig-config (2.14.1-4) ...
#8 6.771 Selecting previously unselected package libgfortran5:arm64.
#8 6.772 Preparing to unpack .../076-libgfortran5_12.2.0-14+deb12u1_arm64.deb ...
#8 6.773 Unpacking libgfortran5:arm64 (12.2.0-14+deb12u1) ...
#8 6.795 Selecting previously unselected package libgfortran-12-dev:arm64.
#8 6.796 Preparing to unpack .../077-libgfortran-12-dev_12.2.0-14+deb12u1_arm64.deb ...
#8 6.797 Unpacking libgfortran-12-dev:arm64 (12.2.0-14+deb12u1) ...
#8 6.829 Selecting previously unselected package gfortran-12.
#8 6.829 Preparing to unpack .../078-gfortran-12_12.2.0-14+deb12u1_arm64.deb ...
#8 6.830 Unpacking gfortran-12 (12.2.0-14+deb12u1) ...
#8 7.182 Selecting previously unselected package gfortran.
#8 7.183 Preparing to unpack .../079-gfortran_4%3a12.2.0-3_arm64.deb ...
#8 7.184 Unpacking gfortran (4:12.2.0-3) ...
#8 7.192 Selecting previously unselected package gnupg-l10n.
#8 7.193 Preparing to unpack .../080-gnupg-l10n_2.2.40-1.1_all.deb ...
#8 7.194 Unpacking gnupg-l10n (2.2.40-1.1) ...
#8 7.243 Selecting previously unselected package gnupg-utils.
#8 7.244 Preparing to unpack .../081-gnupg-utils_2.2.40-1.1_arm64.deb ...
#8 7.244 Unpacking gnupg-utils (2.2.40-1.1) ...
#8 7.273 Selecting previously unselected package gpg.
#8 7.274 Preparing to unpack .../082-gpg_2.2.40-1.1_arm64.deb ...
#8 7.275 Unpacking gpg (2.2.40-1.1) ...
#8 7.306 Selecting previously unselected package pinentry-curses.
#8 7.307 Preparing to unpack .../083-pinentry-curses_1.2.1-1_arm64.deb ...
#8 7.313 Unpacking pinentry-curses (1.2.1-1) ...
#8 7.326 Selecting previously unselected package gpg-agent.
#8 7.327 Preparing to unpack .../084-gpg-agent_2.2.40-1.1_arm64.deb ...
#8 7.328 Unpacking gpg-agent (2.2.40-1.1) ...
#8 7.348 Selecting previously unselected package gpg-wks-client.
#8 7.349 Preparing to unpack .../085-gpg-wks-client_2.2.40-1.1_arm64.deb ...
#8 7.351 Unpacking gpg-wks-client (2.2.40-1.1) ...
#8 7.364 Selecting previously unselected package gpg-wks-server.
#8 7.365 Preparing to unpack .../086-gpg-wks-server_2.2.40-1.1_arm64.deb ...
#8 7.367 Unpacking gpg-wks-server (2.2.40-1.1) ...
#8 7.382 Selecting previously unselected package gpgsm.
#8 7.383 Preparing to unpack .../087-gpgsm_2.2.40-1.1_arm64.deb ...
#8 7.384 Unpacking gpgsm (2.2.40-1.1) ...
#8 7.403 Selecting previously unselected package gnupg.
#8 7.404 Preparing to unpack .../088-gnupg_2.2.40-1.1_all.deb ...
#8 7.405 Unpacking gnupg (2.2.40-1.1) ...
#8 7.429 Selecting previously unselected package libabsl20220623:arm64.
#8 7.430 Preparing to unpack .../089-libabsl20220623_20220623.1-1+deb12u2_arm64.deb ...
#8 7.431 Unpacking libabsl20220623:arm64 (20220623.1-1+deb12u2) ...
#8 7.466 Selecting previously unselected package libalgorithm-diff-perl.
#8 7.467 Preparing to unpack .../090-libalgorithm-diff-perl_1.201-1_all.deb ...
#8 7.468 Unpacking libalgorithm-diff-perl (1.201-1) ...
#8 7.477 Selecting previously unselected package libalgorithm-diff-xs-perl:arm64.
#8 7.478 Preparing to unpack .../091-libalgorithm-diff-xs-perl_0.04-8+b1_arm64.deb ...
#8 7.479 Unpacking libalgorithm-diff-xs-perl:arm64 (0.04-8+b1) ...
#8 7.488 Selecting previously unselected package libalgorithm-merge-perl.
#8 7.489 Preparing to unpack .../092-libalgorithm-merge-perl_0.08-5_all.deb ...
#8 7.491 Unpacking libalgorithm-merge-perl (0.08-5) ...
#8 7.502 Selecting previously unselected package libaom3:arm64.
#8 7.502 Preparing to unpack .../093-libaom3_3.6.0-1+deb12u1_arm64.deb ...
#8 7.503 Unpacking libaom3:arm64 (3.6.0-1+deb12u1) ...
#8 7.567 Selecting previously unselected package libatlas3-base:arm64.
#8 7.568 Preparing to unpack .../094-libatlas3-base_3.10.3-13_arm64.deb ...
#8 7.569 Unpacking libatlas3-base:arm64 (3.10.3-13) ...
#8 7.683 Selecting previously unselected package libatlas-base-dev:arm64.
#8 7.684 Preparing to unpack .../095-libatlas-base-dev_3.10.3-13_arm64.deb ...
#8 7.685 Unpacking libatlas-base-dev:arm64 (3.10.3-13) ...
#8 7.863 Selecting previously unselected package libdav1d6:arm64.
#8 7.864 Preparing to unpack .../096-libdav1d6_1.0.0-2+deb12u1_arm64.deb ...
#8 7.864 Unpacking libdav1d6:arm64 (1.0.0-2+deb12u1) ...
#8 7.888 Selecting previously unselected package libgav1-1:arm64.
#8 7.888 Preparing to unpack .../097-libgav1-1_0.18.0-1+b1_arm64.deb ...
#8 7.889 Unpacking libgav1-1:arm64 (0.18.0-1+b1) ...
#8 7.917 Selecting previously unselected package librav1e0:arm64.
#8 7.917 Preparing to unpack .../098-librav1e0_0.5.1-6_arm64.deb ...
#8 7.918 Unpacking librav1e0:arm64 (0.5.1-6) ...
#8 7.950 Selecting previously unselected package libsvtav1enc1:arm64.
#8 7.951 Preparing to unpack .../099-libsvtav1enc1_1.4.1+dfsg-1_arm64.deb ...
#8 7.952 Unpacking libsvtav1enc1:arm64 (1.4.1+dfsg-1) ...
#8 8.005 Selecting previously unselected package libjpeg62-turbo:arm64.
#8 8.006 Preparing to unpack .../100-libjpeg62-turbo_1%3a2.1.5-2_arm64.deb ...
#8 8.007 Unpacking libjpeg62-turbo:arm64 (1:2.1.5-2) ...
#8 8.024 Selecting previously unselected package libyuv0:arm64.
#8 8.024 Preparing to unpack .../101-libyuv0_0.0~git20230123.b2528b0-1_arm64.deb ...
#8 8.026 Unpacking libyuv0:arm64 (0.0~git20230123.b2528b0-1) ...
#8 8.042 Selecting previously unselected package libavif15:arm64.
#8 8.043 Preparing to unpack .../102-libavif15_0.11.1-1+deb12u1_arm64.deb ...
#8 8.044 Unpacking libavif15:arm64 (0.11.1-1+deb12u1) ...
#8 8.059 Selecting previously unselected package libblas3:arm64.
#8 8.060 Preparing to unpack .../103-libblas3_3.11.0-2_arm64.deb ...
#8 8.062 Unpacking libblas3:arm64 (3.11.0-2) ...
#8 8.073 Selecting previously unselected package libblas-dev:arm64.
#8 8.074 Preparing to unpack .../104-libblas-dev_3.11.0-2_arm64.deb ...
#8 8.075 Unpacking libblas-dev:arm64 (3.11.0-2) ...
#8 8.093 Selecting previously unselected package libbsd0:arm64.
#8 8.094 Preparing to unpack .../105-libbsd0_0.11.7-2_arm64.deb ...
#8 8.094 Unpacking libbsd0:arm64 (0.11.7-2) ...
#8 8.109 Selecting previously unselected package libexpat1:arm64.
#8 8.110 Preparing to unpack .../106-libexpat1_2.5.0-1+deb12u1_arm64.deb ...
#8 8.111 Unpacking libexpat1:arm64 (2.5.0-1+deb12u1) ...
#8 8.132 Selecting previously unselected package libpng16-16:arm64.
#8 8.132 Preparing to unpack .../107-libpng16-16_1.6.39-2_arm64.deb ...
#8 8.133 Unpacking libpng16-16:arm64 (1.6.39-2) ...
#8 8.173 Selecting previously unselected package libfreetype6:arm64.
#8 8.174 Preparing to unpack .../108-libfreetype6_2.12.1+dfsg-5+deb12u4_arm64.deb ...
#8 8.177 Unpacking libfreetype6:arm64 (2.12.1+dfsg-5+deb12u4) ...
#8 8.201 Selecting previously unselected package libfontconfig1:arm64.
#8 8.202 Preparing to unpack .../109-libfontconfig1_2.14.1-4_arm64.deb ...
#8 8.204 Unpacking libfontconfig1:arm64 (2.14.1-4) ...
#8 8.218 Selecting previously unselected package libde265-0:arm64.
#8 8.219 Preparing to unpack .../110-libde265-0_1.0.11-1+deb12u2_arm64.deb ...
#8 8.220 Unpacking libde265-0:arm64 (1.0.11-1+deb12u2) ...
#8 8.234 Selecting previously unselected package libnuma1:arm64.
#8 8.235 Preparing to unpack .../111-libnuma1_2.0.16-1_arm64.deb ...
#8 8.236 Unpacking libnuma1:arm64 (2.0.16-1) ...
#8 8.248 Selecting previously unselected package libx265-199:arm64.
#8 8.249 Preparing to unpack .../112-libx265-199_3.5-2+b1_arm64.deb ...
#8 8.251 Unpacking libx265-199:arm64 (3.5-2+b1) ...
#8 8.288 Selecting previously unselected package libheif1:arm64.
#8 8.289 Preparing to unpack .../113-libheif1_1.15.1-1+deb12u1_arm64.deb ...
#8 8.289 Unpacking libheif1:arm64 (1.15.1-1+deb12u1) ...
#8 8.307 Selecting previously unselected package libdeflate0:arm64.
#8 8.307 Preparing to unpack .../114-libdeflate0_1.14-1_arm64.deb ...
#8 8.310 Unpacking libdeflate0:arm64 (1.14-1) ...
#8 8.321 Selecting previously unselected package libjbig0:arm64.
#8 8.322 Preparing to unpack .../115-libjbig0_2.1-6.1_arm64.deb ...
#8 8.322 Unpacking libjbig0:arm64 (2.1-6.1) ...
#8 8.334 Selecting previously unselected package liblerc4:arm64.
#8 8.335 Preparing to unpack .../116-liblerc4_4.0.0+ds-2_arm64.deb ...
#8 8.336 Unpacking liblerc4:arm64 (4.0.0+ds-2) ...
#8 8.354 Selecting previously unselected package libwebp7:arm64.
#8 8.354 Preparing to unpack .../117-libwebp7_1.2.4-0.2+deb12u1_arm64.deb ...
#8 8.355 Unpacking libwebp7:arm64 (1.2.4-0.2+deb12u1) ...
#8 8.372 Selecting previously unselected package libtiff6:arm64.
#8 8.373 Preparing to unpack .../118-libtiff6_4.5.0-6+deb12u2_arm64.deb ...
#8 8.374 Unpacking libtiff6:arm64 (4.5.0-6+deb12u2) ...
#8 8.397 Selecting previously unselected package libxau6:arm64.
#8 8.398 Preparing to unpack .../119-libxau6_1%3a1.0.9-1_arm64.deb ...
#8 8.399 Unpacking libxau6:arm64 (1:1.0.9-1) ...
#8 8.419 Selecting previously unselected package libxdmcp6:arm64.
#8 8.420 Preparing to unpack .../120-libxdmcp6_1%3a1.1.2-3_arm64.deb ...
#8 8.421 Unpacking libxdmcp6:arm64 (1:1.1.2-3) ...
#8 8.431 Selecting previously unselected package libxcb1:arm64.
#8 8.432 Preparing to unpack .../121-libxcb1_1.15-1_arm64.deb ...
#8 8.432 Unpacking libxcb1:arm64 (1.15-1) ...
#8 8.445 Selecting previously unselected package libx11-data.
#8 8.446 Preparing to unpack .../122-libx11-data_2%3a1.8.4-2+deb12u2_all.deb ...
#8 8.447 Unpacking libx11-data (2:1.8.4-2+deb12u2) ...
#8 8.471 Selecting previously unselected package libx11-6:arm64.
#8 8.472 Preparing to unpack .../123-libx11-6_2%3a1.8.4-2+deb12u2_arm64.deb ...
#8 8.473 Unpacking libx11-6:arm64 (2:1.8.4-2+deb12u2) ...
#8 8.505 Selecting previously unselected package libxpm4:arm64.
#8 8.506 Preparing to unpack .../124-libxpm4_1%3a3.5.12-1.1+deb12u1_arm64.deb ...
#8 8.507 Unpacking libxpm4:arm64 (1:3.5.12-1.1+deb12u1) ...
#8 8.520 Selecting previously unselected package libgd3:arm64.
#8 8.521 Preparing to unpack .../125-libgd3_2.3.3-9_arm64.deb ...
#8 8.522 Unpacking libgd3:arm64 (2.3.3-9) ...
#8 8.533 Selecting previously unselected package libc-devtools.
#8 8.534 Preparing to unpack .../126-libc-devtools_2.36-9+deb12u10_arm64.deb ...
#8 8.535 Unpacking libc-devtools (2.36-9+deb12u10) ...
#8 8.548 Selecting previously unselected package libedit2:arm64.
#8 8.548 Preparing to unpack .../127-libedit2_3.1-20221030-2_arm64.deb ...
#8 8.549 Unpacking libedit2:arm64 (3.1-20221030-2) ...
#8 8.564 Selecting previously unselected package libelf1:arm64.
#8 8.564 Preparing to unpack .../128-libelf1_0.188-2.1_arm64.deb ...
#8 8.565 Unpacking libelf1:arm64 (0.188-2.1) ...
#8 8.583 Selecting previously unselected package libfile-fcntllock-perl.
#8 8.584 Preparing to unpack .../129-libfile-fcntllock-perl_0.22-4+b1_arm64.deb ...
#8 8.585 Unpacking libfile-fcntllock-perl (0.22-4+b1) ...
#8 8.598 Selecting previously unselected package libicu72:arm64.
#8 8.598 Preparing to unpack .../130-libicu72_72.1-3+deb12u1_arm64.deb ...
#8 8.599 Unpacking libicu72:arm64 (72.1-3+deb12u1) ...
#8 8.951 Selecting previously unselected package libopenblas0-pthread:arm64.
#8 8.952 Preparing to unpack .../131-libopenblas0-pthread_0.3.21+ds-4_arm64.deb ...
#8 8.952 Unpacking libopenblas0-pthread:arm64 (0.3.21+ds-4) ...
#8 9.169 Selecting previously unselected package liblapack3:arm64.
#8 9.169 Preparing to unpack .../132-liblapack3_3.11.0-2_arm64.deb ...
#8 9.171 Unpacking liblapack3:arm64 (3.11.0-2) ...
#8 9.241 Selecting previously unselected package libopenblas-pthread-dev:arm64.
#8 9.242 Preparing to unpack .../133-libopenblas-pthread-dev_0.3.21+ds-4_arm64.deb ...
#8 9.243 Unpacking libopenblas-pthread-dev:arm64 (0.3.21+ds-4) ...
#8 9.430 Selecting previously unselected package liblapack-dev:arm64.
#8 9.430 Preparing to unpack .../134-liblapack-dev_3.11.0-2_arm64.deb ...
#8 9.432 Unpacking liblapack-dev:arm64 (3.11.0-2) ...
#8 9.573 Selecting previously unselected package libldap-common.
#8 9.574 Preparing to unpack .../135-libldap-common_2.5.13+dfsg-5_all.deb ...
#8 9.574 Unpacking libldap-common (2.5.13+dfsg-5) ...
#8 9.588 Selecting previously unselected package libxml2:arm64.
#8 9.589 Preparing to unpack .../136-libxml2_2.9.14+dfsg-1.3~deb12u2_arm64.deb ...
#8 9.590 Unpacking libxml2:arm64 (2.9.14+dfsg-1.3~deb12u2) ...
#8 9.627 Selecting previously unselected package libz3-4:arm64.
#8 9.628 Preparing to unpack .../137-libz3-4_4.8.12-3.1_arm64.deb ...
#8 9.629 Unpacking libz3-4:arm64 (4.8.12-3.1) ...
#8 9.886 Selecting previously unselected package libllvm14:arm64.
#8 9.887 Preparing to unpack .../138-libllvm14_1%3a14.0.6-12_arm64.deb ...
#8 9.887 Unpacking libllvm14:arm64 (1:14.0.6-12) ...
#8 10.37 Selecting previously unselected package libomp5-14:arm64.
#8 10.37 Preparing to unpack .../139-libomp5-14_1%3a14.0.6-12_arm64.deb ...
#8 10.37 Unpacking libomp5-14:arm64 (1:14.0.6-12) ...
#8 10.40 Selecting previously unselected package libomp-14-dev.
#8 10.40 Preparing to unpack .../140-libomp-14-dev_1%3a14.0.6-12_arm64.deb ...
#8 10.40 Unpacking libomp-14-dev (1:14.0.6-12) ...
#8 10.43 Selecting previously unselected package libomp-dev:arm64.
#8 10.43 Preparing to unpack .../141-libomp-dev_1%3a14.0-55.7~deb12u1_arm64.deb ...
#8 10.43 Unpacking libomp-dev:arm64 (1:14.0-55.7~deb12u1) ...
#8 10.44 Selecting previously unselected package libopenblas0:arm64.
#8 10.44 Preparing to unpack .../142-libopenblas0_0.3.21+ds-4_arm64.deb ...
#8 10.44 Unpacking libopenblas0:arm64 (0.3.21+ds-4) ...
#8 10.45 Selecting previously unselected package libopenblas-dev:arm64.
#8 10.45 Preparing to unpack .../143-libopenblas-dev_0.3.21+ds-4_arm64.deb ...
#8 10.45 Unpacking libopenblas-dev:arm64 (0.3.21+ds-4) ...
#8 10.47 Selecting previously unselected package libpkgconf3:arm64.
#8 10.47 Preparing to unpack .../144-libpkgconf3_1.8.1-1_arm64.deb ...
#8 10.47 Unpacking libpkgconf3:arm64 (1.8.1-1) ...
#8 10.48 Selecting previously unselected package libsasl2-modules:arm64.
#8 10.48 Preparing to unpack .../145-libsasl2-modules_2.1.28+dfsg-10_arm64.deb ...
#8 10.48 Unpacking libsasl2-modules:arm64 (2.1.28+dfsg-10) ...
#8 10.50 Selecting previously unselected package manpages-dev.
#8 10.50 Preparing to unpack .../146-manpages-dev_6.03-2_all.deb ...
#8 10.50 Unpacking manpages-dev (6.03-2) ...
#8 10.59 Selecting previously unselected package pkgconf-bin.
#8 10.59 Preparing to unpack .../147-pkgconf-bin_1.8.1-1_arm64.deb ...
#8 10.59 Unpacking pkgconf-bin (1.8.1-1) ...
#8 10.60 Selecting previously unselected package pkgconf:arm64.
#8 10.60 Preparing to unpack .../148-pkgconf_1.8.1-1_arm64.deb ...
#8 10.60 Unpacking pkgconf:arm64 (1.8.1-1) ...
#8 10.61 Selecting previously unselected package pkg-config:arm64.
#8 10.61 Preparing to unpack .../149-pkg-config_1.8.1-1_arm64.deb ...
#8 10.62 Unpacking pkg-config:arm64 (1.8.1-1) ...
#8 10.62 Selecting previously unselected package publicsuffix.
#8 10.62 Preparing to unpack .../150-publicsuffix_20230209.2326-1_all.deb ...
#8 10.63 Unpacking publicsuffix (20230209.2326-1) ...
#8 10.64 Setting up libksba8:arm64 (1.6.3-2) ...
#8 10.65 Setting up libexpat1:arm64 (2.5.0-1+deb12u1) ...
#8 10.65 Setting up libomp5-14:arm64 (1:14.0.6-12) ...
#8 10.65 Setting up libaom3:arm64 (3.6.0-1+deb12u1) ...
#8 10.66 Setting up libabsl20220623:arm64 (20220623.1-1+deb12u2) ...
#8 10.66 Setting up libxau6:arm64 (1:1.0.9-1) ...
#8 10.66 Setting up libkeyutils1:arm64 (1.6.3-2) ...
#8 10.67 Setting up libpsl5:arm64 (0.21.2-1) ...
#8 10.67 Setting up libicu72:arm64 (72.1-3+deb12u1) ...
#8 10.67 Setting up liblerc4:arm64 (4.0.0+ds-2) ...
#8 10.68 Setting up manpages (6.03-2) ...
#8 10.68 Setting up libtirpc-common (1.3.3+ds-1) ...
#8 10.68 Setting up libbrotli1:arm64 (1.0.9-2+b6) ...
#8 10.69 Setting up libsasl2-modules:arm64 (2.1.28+dfsg-10) ...
#8 10.69 Setting up binutils-common:arm64 (2.40-2) ...
#8 10.69 Setting up libnghttp2-14:arm64 (1.52.0-1+deb12u2) ...
#8 10.70 Setting up libdeflate0:arm64 (1.14-1) ...
#8 10.70 Setting up linux-libc-dev:arm64 (6.1.147-1) ...
#8 10.70 Setting up libctf-nobfd0:arm64 (2.40-2) ...
#8 10.71 Setting up libnpth0:arm64 (1.6-3) ...
#8 10.71 Setting up krb5-locales (1.20.1-2+deb12u3) ...
#8 10.71 Setting up libsvtav1enc1:arm64 (1.4.1+dfsg-1) ...
#8 10.72 Setting up libassuan0:arm64 (2.5.5-5) ...
#8 10.72 Setting up libgomp1:arm64 (12.2.0-14+deb12u1) ...
#8 10.72 Setting up bzip2 (1.0.8-5+b1) ...
#8 10.73 Setting up libldap-common (2.5.13+dfsg-5) ...
#8 10.73 Setting up libjbig0:arm64 (2.1-6.1) ...
#8 10.73 Setting up librav1e0:arm64 (0.5.1-6) ...
#8 10.74 Setting up libfakeroot:arm64 (1.31-1.2) ...
#8 10.74 Setting up libjansson4:arm64 (2.14-2) ...
#8 10.74 Setting up libkrb5support0:arm64 (1.20.1-2+deb12u3) ...
#8 10.75 Setting up libsasl2-modules-db:arm64 (2.1.28+dfsg-10) ...
#8 10.75 Setting up fakeroot (1.31-1.2) ...
#8 10.75 update-alternatives: using /usr/bin/fakeroot-sysv to provide /usr/bin/fakeroot (fakeroot) in auto mode
#8 10.76 update-alternatives: warning: skip creation of /usr/share/man/man1/fakeroot.1.gz because associated file /usr/share/man/man1/fakeroot-sysv.1.gz (of link group fakeroot) doesn't exist
#8 10.76 update-alternatives: warning: skip creation of /usr/share/man/man1/faked.1.gz because associated file /usr/share/man/man1/faked-sysv.1.gz (of link group fakeroot) doesn't exist
#8 10.76 update-alternatives: warning: skip creation of /usr/share/man/es/man1/fakeroot.1.gz because associated file /usr/share/man/es/man1/fakeroot-sysv.1.gz (of link group fakeroot) doesn't exist
#8 10.76 update-alternatives: warning: skip creation of /usr/share/man/es/man1/faked.1.gz because associated file /usr/share/man/es/man1/faked-sysv.1.gz (of link group fakeroot) doesn't exist
#8 10.76 update-alternatives: warning: skip creation of /usr/share/man/fr/man1/fakeroot.1.gz because associated file /usr/share/man/fr/man1/fakeroot-sysv.1.gz (of link group fakeroot) doesn't exist
#8 10.76 update-alternatives: warning: skip creation of /usr/share/man/fr/man1/faked.1.gz because associated file /usr/share/man/fr/man1/faked-sysv.1.gz (of link group fakeroot) doesn't exist
#8 10.76 update-alternatives: warning: skip creation of /usr/share/man/sv/man1/fakeroot.1.gz because associated file /usr/share/man/sv/man1/fakeroot-sysv.1.gz (of link group fakeroot) doesn't exist
#8 10.76 update-alternatives: warning: skip creation of /usr/share/man/sv/man1/faked.1.gz because associated file /usr/share/man/sv/man1/faked-sysv.1.gz (of link group fakeroot) doesn't exist
#8 10.76 Setting up perl-modules-5.36 (5.36.0-7+deb12u2) ...
#8 10.76 Setting up libz3-4:arm64 (4.8.12-3.1) ...
#8 10.76 Setting up libblas3:arm64 (3.11.0-2) ...
#8 10.77 update-alternatives: using /usr/lib/aarch64-linux-gnu/blas/libblas.so.3 to provide /usr/lib/aarch64-linux-gnu/libblas.so.3 (libblas.so.3-aarch64-linux-gnu) in auto mode
#8 10.77 Setting up libpkgconf3:arm64 (1.8.1-1) ...
#8 10.77 Setting up rpcsvc-proto (1.4.3-1) ...
#8 10.77 Setting up libjpeg62-turbo:arm64 (1:2.1.5-2) ...
#8 10.78 Setting up libx11-data (2:1.8.4-2+deb12u2) ...
#8 10.78 Setting up make (4.3-4.1) ...
#8 10.78 Setting up libmpfr6:arm64 (4.2.0-1) ...
#8 10.79 Setting up gnupg-l10n (2.2.40-1.1) ...
#8 10.79 Setting up librtmp1:arm64 (2.4+20151223.gitfa8646d.1-2+b2) ...
#8 10.80 Setting up xz-utils (5.4.1-1) ...
#8 10.80 update-alternatives: using /usr/bin/xz to provide /usr/bin/lzma (lzma) in auto mode
#8 10.80 update-alternatives: warning: skip creation of /usr/share/man/man1/lzma.1.gz because associated file /usr/share/man/man1/xz.1.gz (of link group lzma) doesn't exist
#8 10.80 update-alternatives: warning: skip creation of /usr/share/man/man1/unlzma.1.gz because associated file /usr/share/man/man1/unxz.1.gz (of link group lzma) doesn't exist
#8 10.80 update-alternatives: warning: skip creation of /usr/share/man/man1/lzcat.1.gz because associated file /usr/share/man/man1/xzcat.1.gz (of link group lzma) doesn't exist
#8 10.80 update-alternatives: warning: skip creation of /usr/share/man/man1/lzmore.1.gz because associated file /usr/share/man/man1/xzmore.1.gz (of link group lzma) doesn't exist
#8 10.80 update-alternatives: warning: skip creation of /usr/share/man/man1/lzless.1.gz because associated file /usr/share/man/man1/xzless.1.gz (of link group lzma) doesn't exist
#8 10.80 update-alternatives: warning: skip creation of /usr/share/man/man1/lzdiff.1.gz because associated file /usr/share/man/man1/xzdiff.1.gz (of link group lzma) doesn't exist
#8 10.80 update-alternatives: warning: skip creation of /usr/share/man/man1/lzcmp.1.gz because associated file /usr/share/man/man1/xzcmp.1.gz (of link group lzma) doesn't exist
#8 10.80 update-alternatives: warning: skip creation of /usr/share/man/man1/lzgrep.1.gz because associated file /usr/share/man/man1/xzgrep.1.gz (of link group lzma) doesn't exist
#8 10.80 update-alternatives: warning: skip creation of /usr/share/man/man1/lzegrep.1.gz because associated file /usr/share/man/man1/xzegrep.1.gz (of link group lzma) doesn't exist
#8 10.80 update-alternatives: warning: skip creation of /usr/share/man/man1/lzfgrep.1.gz because associated file /usr/share/man/man1/xzfgrep.1.gz (of link group lzma) doesn't exist
#8 10.80 Setting up libpng16-16:arm64 (1.6.39-2) ...
#8 10.80 Setting up libmpc3:arm64 (1.3.1-1) ...
#8 10.81 Setting up libatomic1:arm64 (12.2.0-14+deb12u1) ...
#8 10.81 Setting up patch (2.7.6-7) ...
#8 10.81 Setting up fonts-dejavu-core (2.37-6) ...
#8 10.83 Setting up libgdbm-compat4:arm64 (1.23-3) ...
#8 10.83 Setting up libgav1-1:arm64 (0.18.0-1+b1) ...
#8 10.84 Setting up pkgconf-bin (1.8.1-1) ...
#8 10.84 Setting up libk5crypto3:arm64 (1.20.1-2+deb12u3) ...
#8 10.84 Setting up libdav1d6:arm64 (1.0.0-2+deb12u1) ...
#8 10.85 Setting up libsasl2-2:arm64 (2.1.28+dfsg-10) ...
#8 10.85 Setting up libgfortran5:arm64 (12.2.0-14+deb12u1) ...
#8 10.85 Setting up libwebp7:arm64 (1.2.4-0.2+deb12u1) ...
#8 10.85 Setting up libubsan1:arm64 (12.2.0-14+deb12u1) ...
#8 10.86 Setting up libnuma1:arm64 (2.0.16-1) ...
#8 10.86 Setting up libhwasan0:arm64 (12.2.0-14+deb12u1) ...
#8 10.86 Setting up libcrypt-dev:arm64 (1:4.4.33-2) ...
#8 10.87 Setting up libtiff6:arm64 (4.5.0-6+deb12u2) ...
#8 10.87 Setting up libasan8:arm64 (12.2.0-14+deb12u1) ...
#8 10.88 Setting up gpgconf (2.2.40-1.1) ...
#8 10.88 Setting up libssh2-1:arm64 (1.10.0-3+b1) ...
#8 10.88 Setting up libkrb5-3:arm64 (1.20.1-2+deb12u3) ...
#8 10.89 Setting up libtsan2:arm64 (12.2.0-14+deb12u1) ...
#8 10.89 Setting up libbinutils:arm64 (2.40-2) ...
#8 10.90 Setting up libisl23:arm64 (0.25-1.1) ...
#8 10.90 Setting up libde265-0:arm64 (1.0.11-1+deb12u2) ...
#8 10.90 Setting up libc-dev-bin (2.36-9+deb12u10) ...
#8 10.90 Setting up libbsd0:arm64 (0.11.7-2) ...
#8 10.91 Setting up libyuv0:arm64 (0.0~git20230123.b2528b0-1) ...
#8 10.91 Setting up libelf1:arm64 (0.188-2.1) ...
#8 10.91 Setting up publicsuffix (20230209.2326-1) ...
#8 10.92 Setting up libxml2:arm64 (2.9.14+dfsg-1.3~deb12u2) ...
#8 10.92 Setting up libcc1-0:arm64 (12.2.0-14+deb12u1) ...
#8 10.92 Setting up libperl5.36:arm64 (5.36.0-7+deb12u2) ...
#8 10.93 Setting up liblocale-gettext-perl (1.07-5) ...
#8 10.93 Setting up gpg (2.2.40-1.1) ...
#8 10.94 Setting up liblsan0:arm64 (12.2.0-14+deb12u1) ...
#8 10.94 Setting up libblas-dev:arm64 (3.11.0-2) ...
#8 10.94 update-alternatives: using /usr/lib/aarch64-linux-gnu/blas/libblas.so to provide /usr/lib/aarch64-linux-gnu/libblas.so (libblas.so-aarch64-linux-gnu) in auto mode
#8 10.95 Setting up libitm1:arm64 (12.2.0-14+deb12u1) ...
#8 10.95 Setting up gnupg-utils (2.2.40-1.1) ...
#8 10.95 Setting up libctf0:arm64 (2.40-2) ...
#8 10.96 Setting up pinentry-curses (1.2.1-1) ...
#8 10.96 Setting up manpages-dev (6.03-2) ...
#8 10.97 Setting up libxdmcp6:arm64 (1:1.1.2-3) ...
#8 10.97 Setting up liblapack3:arm64 (3.11.0-2) ...
#8 10.97 update-alternatives: using /usr/lib/aarch64-linux-gnu/lapack/liblapack.so.3 to provide /usr/lib/aarch64-linux-gnu/liblapack.so.3 (liblapack.so.3-aarch64-linux-gnu) in auto mode
#8 10.97 Setting up cpp-12 (12.2.0-14+deb12u1) ...
#8 10.98 Setting up libxcb1:arm64 (1.15-1) ...
#8 10.98 Setting up libopenblas0-pthread:arm64 (0.3.21+ds-4) ...
#8 10.98 update-alternatives: using /usr/lib/aarch64-linux-gnu/openblas-pthread/libblas.so.3 to provide /usr/lib/aarch64-linux-gnu/libblas.so.3 (libblas.so.3-aarch64-linux-gnu) in auto mode
#8 10.98 update-alternatives: using /usr/lib/aarch64-linux-gnu/openblas-pthread/liblapack.so.3 to provide /usr/lib/aarch64-linux-gnu/liblapack.so.3 (liblapack.so.3-aarch64-linux-gnu) in auto mode
#8 10.98 update-alternatives: using /usr/lib/aarch64-linux-gnu/openblas-pthread/libopenblas.so.0 to provide /usr/lib/aarch64-linux-gnu/libopenblas.so.0 (libopenblas.so.0-aarch64-linux-gnu) in auto mode
#8 10.99 Setting up gpg-agent (2.2.40-1.1) ...
#8 11.16 Setting up libatlas3-base:arm64 (3.10.3-13) ...
#8 11.17 Setting up libavif15:arm64 (0.11.1-1+deb12u1) ...
#8 11.17 Setting up fontconfig-config (2.14.1-4) ...
#8 11.20 debconf: unable to initialize frontend: Dialog
#8 11.20 debconf: (TERM is not set, so the dialog frontend is not usable.)
#8 11.20 debconf: falling back to frontend: Readline
#8 11.21 debconf: unable to initialize frontend: Readline
#8 11.21 debconf: (This frontend requires a controlling tty.)
#8 11.21 debconf: falling back to frontend: Teletype
#8 11.26 Setting up libedit2:arm64 (3.1-20221030-2) ...
#8 11.26 Setting up gpgsm (2.2.40-1.1) ...
#8 11.27 Setting up libldap-2.5-0:arm64 (2.5.13+dfsg-5) ...
#8 11.27 Setting up libatlas-base-dev:arm64 (3.10.3-13) ...
#8 11.27 update-alternatives: using /usr/lib/aarch64-linux-gnu/atlas/libblas.so to provide /usr/lib/aarch64-linux-gnu/libblas.so (libblas.so-aarch64-linux-gnu) in auto mode
#8 11.27 update-alternatives: using /usr/lib/aarch64-linux-gnu/atlas/liblapack.so to provide /usr/lib/aarch64-linux-gnu/liblapack.so (liblapack.so-aarch64-linux-gnu) in auto mode
#8 11.28 Setting up pkgconf:arm64 (1.8.1-1) ...
#8 11.28 Setting up dirmngr (2.2.40-1.1) ...
#8 11.32 Setting up perl (5.36.0-7+deb12u2) ...
#8 11.33 Setting up libgprofng0:arm64 (2.40-2) ...
#8 11.33 Setting up libfreetype6:arm64 (2.12.1+dfsg-5+deb12u4) ...
#8 11.33 Setting up libgcc-12-dev:arm64 (12.2.0-14+deb12u1) ...
#8 11.34 Setting up liblapack-dev:arm64 (3.11.0-2) ...
#8 11.34 Setting up libgssapi-krb5-2:arm64 (1.20.1-2+deb12u3) ...
#8 11.34 Setting up pkg-config:arm64 (1.8.1-1) ...
#8 11.35 Setting up libdpkg-perl (1.21.22) ...
#8 11.35 Setting up libx265-199:arm64 (3.5-2+b1) ...
#8 11.35 Setting up gpg-wks-server (2.2.40-1.1) ...
#8 11.36 Setting up libllvm14:arm64 (1:14.0.6-12) ...
#8 11.36 Setting up libopenblas0:arm64 (0.3.21+ds-4) ...
#8 11.36 Setting up cpp (4:12.2.0-3) ...
#8 11.37 Setting up libcurl4:arm64 (7.88.1-10+deb12u12) ...
#8 11.37 Setting up libx11-6:arm64 (2:1.8.4-2+deb12u2) ...
#8 11.37 Setting up curl (7.88.1-10+deb12u12) ...
#8 11.38 Setting up libfontconfig1:arm64 (2.14.1-4) ...
#8 11.38 Setting up libomp-14-dev (1:14.0.6-12) ...
#8 11.38 Setting up libomp-dev:arm64 (1:14.0-55.7~deb12u1) ...
#8 11.38 Setting up libopenblas-pthread-dev:arm64 (0.3.21+ds-4) ...
#8 11.39 update-alternatives: using /usr/lib/aarch64-linux-gnu/openblas-pthread/libblas.so to provide /usr/lib/aarch64-linux-gnu/libblas.so (libblas.so-aarch64-linux-gnu) in auto mode
#8 11.39 update-alternatives: using /usr/lib/aarch64-linux-gnu/openblas-pthread/liblapack.so to provide /usr/lib/aarch64-linux-gnu/liblapack.so (liblapack.so-aarch64-linux-gnu) in auto mode
#8 11.39 update-alternatives: using /usr/lib/aarch64-linux-gnu/openblas-pthread/libopenblas.so to provide /usr/lib/aarch64-linux-gnu/libopenblas.so (libopenblas.so-aarch64-linux-gnu) in auto mode
#8 11.39 Setting up libtirpc3:arm64 (1.3.3+ds-1) ...
#8 11.39 Setting up libxpm4:arm64 (1:3.5.12-1.1+deb12u1) ...
#8 11.40 Setting up gpg-wks-client (2.2.40-1.1) ...
#8 11.40 Setting up libfile-fcntllock-perl (0.22-4+b1) ...
#8 11.40 Setting up libalgorithm-diff-perl (1.201-1) ...
#8 11.41 Setting up libheif1:arm64 (1.15.1-1+deb12u1) ...
#8 11.41 Setting up binutils-aarch64-linux-gnu (2.40-2) ...
#8 11.41 Setting up libgfortran-12-dev:arm64 (12.2.0-14+deb12u1) ...
#8 11.42 Setting up binutils (2.40-2) ...
#8 11.42 Setting up dpkg-dev (1.21.22) ...
#8 11.42 Setting up libopenblas-dev:arm64 (0.3.21+ds-4) ...
#8 11.43 Setting up libtirpc-dev:arm64 (1.3.3+ds-1) ...
#8 11.43 Setting up gcc-12 (12.2.0-14+deb12u1) ...
#8 11.43 Setting up libgd3:arm64 (2.3.3-9) ...
#8 11.44 Setting up libnsl2:arm64 (1.3.0-2) ...
#8 11.44 Setting up gnupg (2.2.40-1.1) ...
#8 11.44 Setting up libalgorithm-diff-xs-perl:arm64 (0.04-8+b1) ...
#8 11.45 Setting up libc-devtools (2.36-9+deb12u10) ...
#8 11.45 Setting up libalgorithm-merge-perl (0.08-5) ...
#8 11.45 Setting up gcc (4:12.2.0-3) ...
#8 11.46 Setting up libnsl-dev:arm64 (1.3.0-2) ...
#8 11.46 Setting up libc6-dev:arm64 (2.36-9+deb12u10) ...
#8 11.46 Setting up libstdc++-12-dev:arm64 (12.2.0-14+deb12u1) ...
#8 11.47 Setting up gfortran-12 (12.2.0-14+deb12u1) ...
#8 11.47 Setting up g++-12 (12.2.0-14+deb12u1) ...
#8 11.47 Setting up gfortran (4:12.2.0-3) ...
#8 11.48 update-alternatives: using /usr/bin/gfortran to provide /usr/bin/f95 (f95) in auto mode
#8 11.48 update-alternatives: using /usr/bin/gfortran to provide /usr/bin/f77 (f77) in auto mode
#8 11.48 Setting up g++ (4:12.2.0-3) ...
#8 11.48 update-alternatives: using /usr/bin/g++ to provide /usr/bin/c++ (c++) in auto mode
#8 11.48 Setting up build-essential (12.9) ...
#8 11.48 Processing triggers for libc-bin (2.36-9+deb12u10) ...
#8 DONE 11.8s

#9 [4/8] COPY requirements.txt .
#9 DONE 0.1s

#10 [5/8] RUN pip install --no-cache-dir --upgrade pip &&     pip install --no-cache-dir -r requirements.txt
#10 0.694 Requirement already satisfied: pip in /usr/local/lib/python3.13/site-packages (25.2)
#10 0.794 WARNING: Running pip as the 'root' user can result in broken permissions and conflicting behaviour with the system package manager, possibly rendering your system unusable. It is recommended to use a virtual environment instead: https://pip.pypa.io/warnings/venv. Use the --root-user-action option if you know what you are doing and want to suppress this warning.
#10 1.142 Collecting fastapi>=0.104.0 (from -r requirements.txt (line 2))
#10 1.240   Downloading fastapi-0.116.1-py3-none-any.whl.metadata (28 kB)
#10 1.281 Collecting uvicorn>=0.24.0 (from uvicorn[standard]>=0.24.0->-r requirements.txt (line 3))
#10 1.300   Downloading uvicorn-0.35.0-py3-none-any.whl.metadata (6.5 kB)
#10 1.387 Collecting pydantic>=2.5.0 (from -r requirements.txt (line 4))
#10 1.404   Downloading pydantic-2.11.7-py3-none-any.whl.metadata (67 kB)
#10 1.489 Collecting pandas>=2.1.0 (from -r requirements.txt (line 5))
#10 1.510   Downloading pandas-2.3.2-cp313-cp313-manylinux_2_17_aarch64.manylinux2014_aarch64.whl.metadata (91 kB)
#10 1.607 Collecting numpy>=1.24.0 (from -r requirements.txt (line 6))
#10 1.626   Downloading numpy-2.3.2-cp313-cp313-manylinux_2_27_aarch64.manylinux_2_28_aarch64.whl.metadata (62 kB)
#10 1.690 Collecting scipy>=1.11.0 (from -r requirements.txt (line 7))
#10 1.714   Downloading scipy-1.16.1-cp313-cp313-manylinux2014_aarch64.manylinux_2_17_aarch64.whl.metadata (61 kB)
#10 1.748 Collecting yfinance>=0.2.18 (from -r requirements.txt (line 8))
#10 1.768   Downloading yfinance-0.2.65-py2.py3-none-any.whl.metadata (5.8 kB)
#10 1.818 Collecting scikit-learn>=1.3.0 (from -r requirements.txt (line 9))
#10 1.838   Downloading scikit_learn-1.7.1-cp313-cp313-manylinux_2_27_aarch64.manylinux_2_28_aarch64.whl.metadata (11 kB)
#10 1.879 Collecting asyncpg>=0.29.0 (from -r requirements.txt (line 10))
#10 1.898   Downloading asyncpg-0.30.0-cp313-cp313-manylinux_2_17_aarch64.manylinux2014_aarch64.whl.metadata (5.0 kB)
#10 2.016 Collecting sqlalchemy>=2.0.0 (from -r requirements.txt (line 11))
#10 2.035   Downloading sqlalchemy-2.0.43-cp313-cp313-manylinux_2_17_aarch64.manylinux2014_aarch64.whl.metadata (9.6 kB)
#10 2.065 Collecting redis>=5.0.0 (from -r requirements.txt (line 12))
#10 2.085   Downloading redis-6.4.0-py3-none-any.whl.metadata (10 kB)
#10 2.107 Collecting aioredis>=2.0.0 (from -r requirements.txt (line 13))
#10 2.127   Downloading aioredis-2.0.1-py3-none-any.whl.metadata (15 kB)
#10 2.178 Collecting psutil>=5.9.0 (from -r requirements.txt (line 14))
#10 2.197   Downloading psutil-7.0.0-cp36-abi3-manylinux_2_17_aarch64.manylinux2014_aarch64.whl.metadata (22 kB)
#10 2.221 Collecting prometheus-client>=0.19.0 (from -r requirements.txt (line 15))
#10 2.241   Downloading prometheus_client-0.22.1-py3-none-any.whl.metadata (1.9 kB)
#10 2.269 Collecting requests>=2.31.0 (from -r requirements.txt (line 16))
#10 2.287   Downloading requests-2.32.5-py3-none-any.whl.metadata (4.9 kB)
#10 2.308 Collecting aiofiles>=23.2.0 (from -r requirements.txt (line 17))
#10 2.327   Downloading aiofiles-24.1.0-py3-none-any.whl.metadata (10 kB)
#10 2.358 Collecting starlette<0.48.0,>=0.40.0 (from fastapi>=0.104.0->-r requirements.txt (line 2))
#10 2.377   Downloading starlette-0.47.2-py3-none-any.whl.metadata (6.2 kB)
#10 2.421 Collecting typing-extensions>=4.8.0 (from fastapi>=0.104.0->-r requirements.txt (line 2))
#10 2.440   Downloading typing_extensions-4.14.1-py3-none-any.whl.metadata (3.0 kB)
#10 2.461 Collecting annotated-types>=0.6.0 (from pydantic>=2.5.0->-r requirements.txt (line 4))
#10 2.479   Downloading annotated_types-0.7.0-py3-none-any.whl.metadata (15 kB)
#10 2.774 Collecting pydantic-core==2.33.2 (from pydantic>=2.5.0->-r requirements.txt (line 4))
#10 2.793   Downloading pydantic_core-2.33.2-cp313-cp313-manylinux_2_17_aarch64.manylinux2014_aarch64.whl.metadata (6.8 kB)
#10 2.817 Collecting typing-inspection>=0.4.0 (from pydantic>=2.5.0->-r requirements.txt (line 4))
#10 2.835   Downloading typing_inspection-0.4.1-py3-none-any.whl.metadata (2.6 kB)
#10 2.861 Collecting anyio<5,>=3.6.2 (from starlette<0.48.0,>=0.40.0->fastapi>=0.104.0->-r requirements.txt (line 2))
#10 2.881   Downloading anyio-4.10.0-py3-none-any.whl.metadata (4.0 kB)
#10 2.904 Collecting idna>=2.8 (from anyio<5,>=3.6.2->starlette<0.48.0,>=0.40.0->fastapi>=0.104.0->-r requirements.txt (line 2))
#10 2.923   Downloading idna-3.10-py3-none-any.whl.metadata (10 kB)
#10 2.944 Collecting sniffio>=1.1 (from anyio<5,>=3.6.2->starlette<0.48.0,>=0.40.0->fastapi>=0.104.0->-r requirements.txt (line 2))
#10 2.964   Downloading sniffio-1.3.1-py3-none-any.whl.metadata (3.9 kB)
#10 2.989 Collecting click>=7.0 (from uvicorn>=0.24.0->uvicorn[standard]>=0.24.0->-r requirements.txt (line 3))
#10 3.008   Downloading click-8.2.1-py3-none-any.whl.metadata (2.5 kB)
#10 3.030 Collecting h11>=0.8 (from uvicorn>=0.24.0->uvicorn[standard]>=0.24.0->-r requirements.txt (line 3))
#10 3.050   Downloading h11-0.16.0-py3-none-any.whl.metadata (8.3 kB)
#10 3.079 Collecting python-dateutil>=2.8.2 (from pandas>=2.1.0->-r requirements.txt (line 5))
#10 3.098   Downloading python_dateutil-2.9.0.post0-py2.py3-none-any.whl.metadata (8.4 kB)
#10 3.139 Collecting pytz>=2020.1 (from pandas>=2.1.0->-r requirements.txt (line 5))
#10 3.156   Downloading pytz-2025.2-py2.py3-none-any.whl.metadata (22 kB)
#10 3.183 Collecting tzdata>=2022.7 (from pandas>=2.1.0->-r requirements.txt (line 5))
#10 3.202   Downloading tzdata-2025.2-py2.py3-none-any.whl.metadata (1.4 kB)
#10 3.238 Collecting multitasking>=0.0.7 (from yfinance>=0.2.18->-r requirements.txt (line 8))
#10 3.259   Downloading multitasking-0.0.12.tar.gz (19 kB)
#10 3.264   Installing build dependencies: started
#10 3.823   Installing build dependencies: finished with status 'done'
#10 3.824   Getting requirements to build wheel: started
#10 3.959   Getting requirements to build wheel: finished with status 'done'
#10 3.959   Preparing metadata (pyproject.toml): started
#10 4.028   Preparing metadata (pyproject.toml): finished with status 'done'
#10 4.052 Collecting platformdirs>=2.0.0 (from yfinance>=0.2.18->-r requirements.txt (line 8))
#10 4.073   Downloading platformdirs-4.3.8-py3-none-any.whl.metadata (12 kB)
#10 4.109 Collecting frozendict>=2.3.4 (from yfinance>=0.2.18->-r requirements.txt (line 8))
#10 4.129   Downloading frozendict-2.4.6-py313-none-any.whl.metadata (23 kB)
#10 4.154 Collecting peewee>=3.16.2 (from yfinance>=0.2.18->-r requirements.txt (line 8))
#10 4.176   Downloading peewee-3.18.2.tar.gz (949 kB)
#10 4.220      â”â”â”â”â”â”â”â”â”â”â”â”â”â”â”â”â”â”â”â”â”â”â”â”â”â”â”â”â”â”â”â”â”â”â”â”â”â”â”â” 949.2/949.2 kB 27.9 MB/s  0:00:00
#10 4.255   Installing build dependencies: started
#10 4.715   Installing build dependencies: finished with status 'done'
#10 4.715   Getting requirements to build wheel: started
#10 4.865   Getting requirements to build wheel: finished with status 'done'
#10 4.866   Preparing metadata (pyproject.toml): started
#10 4.949   Preparing metadata (pyproject.toml): finished with status 'done'
#10 4.972 Collecting beautifulsoup4>=4.11.1 (from yfinance>=0.2.18->-r requirements.txt (line 8))
#10 4.991   Downloading beautifulsoup4-4.13.4-py3-none-any.whl.metadata (3.8 kB)
#10 5.027 Collecting curl_cffi>=0.7 (from yfinance>=0.2.18->-r requirements.txt (line 8))
#10 5.048   Downloading curl_cffi-0.13.0-cp39-abi3-manylinux_2_17_aarch64.manylinux2014_aarch64.whl.metadata (13 kB)
#10 5.121 Collecting protobuf>=3.19.0 (from yfinance>=0.2.18->-r requirements.txt (line 8))
#10 5.138   Downloading protobuf-6.32.0-cp39-abi3-manylinux2014_aarch64.whl.metadata (593 bytes)
#10 5.182 Collecting websockets>=13.0 (from yfinance>=0.2.18->-r requirements.txt (line 8))
#10 5.204   Downloading websockets-15.0.1-cp313-cp313-manylinux_2_17_aarch64.manylinux2014_aarch64.whl.metadata (6.8 kB)
#10 5.235 Collecting joblib>=1.2.0 (from scikit-learn>=1.3.0->-r requirements.txt (line 9))
#10 5.254   Downloading joblib-1.5.1-py3-none-any.whl.metadata (5.6 kB)
#10 5.277 Collecting threadpoolctl>=3.1.0 (from scikit-learn>=1.3.0->-r requirements.txt (line 9))
#10 5.296   Downloading threadpoolctl-3.6.0-py3-none-any.whl.metadata (13 kB)
#10 5.365 Collecting greenlet>=1 (from sqlalchemy>=2.0.0->-r requirements.txt (line 11))
#10 5.386   Downloading greenlet-3.2.4-cp313-cp313-manylinux2014_aarch64.manylinux_2_17_aarch64.whl.metadata (4.1 kB)
#10 5.409 Collecting async-timeout (from aioredis>=2.0.0->-r requirements.txt (line 13))
#10 5.428   Downloading async_timeout-5.0.1-py3-none-any.whl.metadata (5.1 kB)
#10 5.471 Collecting charset_normalizer<4,>=2 (from requests>=2.31.0->-r requirements.txt (line 16))
#10 5.492   Downloading charset_normalizer-3.4.3-cp313-cp313-manylinux2014_aarch64.manylinux_2_17_aarch64.manylinux_2_28_aarch64.whl.metadata (36 kB)
#10 5.521 Collecting urllib3<3,>=1.21.1 (from requests>=2.31.0->-r requirements.txt (line 16))
#10 5.540   Downloading urllib3-2.5.0-py3-none-any.whl.metadata (6.5 kB)
#10 5.565 Collecting certifi>=2017.4.17 (from requests>=2.31.0->-r requirements.txt (line 16))
#10 5.584   Downloading certifi-2025.8.3-py3-none-any.whl.metadata (2.4 kB)
#10 5.612 Collecting soupsieve>1.2 (from beautifulsoup4>=4.11.1->yfinance>=0.2.18->-r requirements.txt (line 8))
#10 5.630   Downloading soupsieve-2.7-py3-none-any.whl.metadata (4.6 kB)
#10 5.692 Collecting cffi>=1.12.0 (from curl_cffi>=0.7->yfinance>=0.2.18->-r requirements.txt (line 8))
#10 5.711   Downloading cffi-1.17.1-cp313-cp313-manylinux_2_17_aarch64.manylinux2014_aarch64.whl.metadata (1.5 kB)
#10 5.733 Collecting pycparser (from cffi>=1.12.0->curl_cffi>=0.7->yfinance>=0.2.18->-r requirements.txt (line 8))
#10 5.751   Downloading pycparser-2.22-py3-none-any.whl.metadata (943 bytes)
#10 5.777 Collecting six>=1.5 (from python-dateutil>=2.8.2->pandas>=2.1.0->-r requirements.txt (line 5))
#10 5.795   Downloading six-1.17.0-py2.py3-none-any.whl.metadata (1.7 kB)
#10 5.833 Collecting httptools>=0.6.3 (from uvicorn[standard]>=0.24.0->-r requirements.txt (line 3))
#10 5.853   Downloading httptools-0.6.4-cp313-cp313-manylinux_2_17_aarch64.manylinux2014_aarch64.whl.metadata (3.6 kB)
#10 5.877 Collecting python-dotenv>=0.13 (from uvicorn[standard]>=0.24.0->-r requirements.txt (line 3))
#10 5.897   Downloading python_dotenv-1.1.1-py3-none-any.whl.metadata (24 kB)
#10 5.931 Collecting pyyaml>=5.1 (from uvicorn[standard]>=0.24.0->-r requirements.txt (line 3))
#10 5.951   Downloading PyYAML-6.0.2-cp313-cp313-manylinux_2_17_aarch64.manylinux2014_aarch64.whl.metadata (2.1 kB)
#10 5.985 Collecting uvloop>=0.15.1 (from uvicorn[standard]>=0.24.0->-r requirements.txt (line 3))
#10 6.005   Downloading uvloop-0.21.0-cp313-cp313-manylinux_2_17_aarch64.manylinux2014_aarch64.whl.metadata (4.9 kB)
#10 6.053 Collecting watchfiles>=0.13 (from uvicorn[standard]>=0.24.0->-r requirements.txt (line 3))
#10 6.075   Downloading watchfiles-1.1.0-cp313-cp313-manylinux_2_17_aarch64.manylinux2014_aarch64.whl.metadata (4.9 kB)
#10 6.102 Downloading fastapi-0.116.1-py3-none-any.whl (95 kB)
#10 6.131 Downloading pydantic-2.11.7-py3-none-any.whl (444 kB)
#10 6.154 Downloading pydantic_core-2.33.2-cp313-cp313-manylinux_2_17_aarch64.manylinux2014_aarch64.whl (1.9 MB)
#10 6.178    â”â”â”â”â”â”â”â”â”â”â”â”â”â”â”â”â”â”â”â”â”â”â”â”â”â”â”â”â”â”â”â”â”â”â”â”â”â”â”â” 1.9/1.9 MB 74.3 MB/s  0:00:00
#10 6.198 Downloading starlette-0.47.2-py3-none-any.whl (72 kB)
#10 6.217 Downloading anyio-4.10.0-py3-none-any.whl (107 kB)
#10 6.236 Downloading uvicorn-0.35.0-py3-none-any.whl (66 kB)
#10 6.259 Downloading pandas-2.3.2-cp313-cp313-manylinux_2_17_aarch64.manylinux2014_aarch64.whl (11.3 MB)
#10 6.331    â”â”â”â”â”â”â”â”â”â”â”â”â”â”â”â”â”â”â”â”â”â”â”â”â”â”â”â”â”â”â”â”â”â”â”â”â”â”â”â” 11.3/11.3 MB 158.9 MB/s  0:00:00
#10 6.351 Downloading numpy-2.3.2-cp313-cp313-manylinux_2_27_aarch64.manylinux_2_28_aarch64.whl (14.3 MB)
#10 6.435    â”â”â”â”â”â”â”â”â”â”â”â”â”â”â”â”â”â”â”â”â”â”â”â”â”â”â”â”â”â”â”â”â”â”â”â”â”â”â”â” 14.3/14.3 MB 172.6 MB/s  0:00:00
#10 6.456 Downloading scipy-1.16.1-cp313-cp313-manylinux2014_aarch64.manylinux_2_17_aarch64.whl (33.3 MB)
#10 6.654    â”â”â”â”â”â”â”â”â”â”â”â”â”â”â”â”â”â”â”â”â”â”â”â”â”â”â”â”â”â”â”â”â”â”â”â”â”â”â”â” 33.3/33.3 MB 170.0 MB/s  0:00:00
#10 6.673 Downloading yfinance-0.2.65-py2.py3-none-any.whl (119 kB)
#10 6.702 Downloading scikit_learn-1.7.1-cp313-cp313-manylinux_2_27_aarch64.manylinux_2_28_aarch64.whl (9.3 MB)
#10 6.756    â”â”â”â”â”â”â”â”â”â”â”â”â”â”â”â”â”â”â”â”â”â”â”â”â”â”â”â”â”â”â”â”â”â”â”â”â”â”â”â” 9.3/9.3 MB 179.0 MB/s  0:00:00
#10 6.777 Downloading asyncpg-0.30.0-cp313-cp313-manylinux_2_17_aarch64.manylinux2014_aarch64.whl (3.5 MB)
#10 6.796    â”â”â”â”â”â”â”â”â”â”â”â”â”â”â”â”â”â”â”â”â”â”â”â”â”â”â”â”â”â”â”â”â”â”â”â”â”â”â”â” 3.5/3.5 MB 200.4 MB/s  0:00:00
#10 6.816 Downloading sqlalchemy-2.0.43-cp313-cp313-manylinux_2_17_aarch64.manylinux2014_aarch64.whl (3.2 MB)
#10 6.835    â”â”â”â”â”â”â”â”â”â”â”â”â”â”â”â”â”â”â”â”â”â”â”â”â”â”â”â”â”â”â”â”â”â”â”â”â”â”â”â” 3.2/3.2 MB 177.9 MB/s  0:00:00
#10 6.854 Downloading redis-6.4.0-py3-none-any.whl (279 kB)
#10 6.877 Downloading aioredis-2.0.1-py3-none-any.whl (71 kB)
#10 6.899 Downloading psutil-7.0.0-cp36-abi3-manylinux_2_17_aarch64.manylinux2014_aarch64.whl (279 kB)
#10 6.921 Downloading prometheus_client-0.22.1-py3-none-any.whl (58 kB)
#10 6.943 Downloading requests-2.32.5-py3-none-any.whl (64 kB)
#10 6.965 Downloading charset_normalizer-3.4.3-cp313-cp313-manylinux2014_aarch64.manylinux_2_17_aarch64.manylinux_2_28_aarch64.whl (146 kB)
#10 6.989 Downloading idna-3.10-py3-none-any.whl (70 kB)
#10 7.012 Downloading urllib3-2.5.0-py3-none-any.whl (129 kB)
#10 7.032 Downloading aiofiles-24.1.0-py3-none-any.whl (15 kB)
#10 7.050 Downloading annotated_types-0.7.0-py3-none-any.whl (13 kB)
#10 7.066 Downloading beautifulsoup4-4.13.4-py3-none-any.whl (187 kB)
#10 7.088 Downloading certifi-2025.8.3-py3-none-any.whl (161 kB)
#10 7.107 Downloading click-8.2.1-py3-none-any.whl (102 kB)
#10 7.129 Downloading curl_cffi-0.13.0-cp39-abi3-manylinux_2_17_aarch64.manylinux2014_aarch64.whl (7.9 MB)
#10 7.175    â”â”â”â”â”â”â”â”â”â”â”â”â”â”â”â”â”â”â”â”â”â”â”â”â”â”â”â”â”â”â”â”â”â”â”â”â”â”â”â” 7.9/7.9 MB 175.7 MB/s  0:00:00
#10 7.196 Downloading cffi-1.17.1-cp313-cp313-manylinux_2_17_aarch64.manylinux2014_aarch64.whl (478 kB)
#10 7.220 Downloading frozendict-2.4.6-py313-none-any.whl (16 kB)
#10 7.244 Downloading greenlet-3.2.4-cp313-cp313-manylinux2014_aarch64.manylinux_2_17_aarch64.whl (641 kB)
#10 7.247    â”â”â”â”â”â”â”â”â”â”â”â”â”â”â”â”â”â”â”â”â”â”â”â”â”â”â”â”â”â”â”â”â”â”â”â”â”â”â”â” 641.1/641.1 kB 464.8 MB/s  0:00:00
#10 7.269 Downloading h11-0.16.0-py3-none-any.whl (37 kB)
#10 7.289 Downloading joblib-1.5.1-py3-none-any.whl (307 kB)
#10 7.312 Downloading platformdirs-4.3.8-py3-none-any.whl (18 kB)
#10 7.341 Downloading protobuf-6.32.0-cp39-abi3-manylinux2014_aarch64.whl (322 kB)
#10 7.364 Downloading python_dateutil-2.9.0.post0-py2.py3-none-any.whl (229 kB)
#10 7.388 Downloading pytz-2025.2-py2.py3-none-any.whl (509 kB)
#10 7.412 Downloading six-1.17.0-py2.py3-none-any.whl (11 kB)
#10 7.436 Downloading sniffio-1.3.1-py3-none-any.whl (10 kB)
#10 7.459 Downloading soupsieve-2.7-py3-none-any.whl (36 kB)
#10 7.482 Downloading threadpoolctl-3.6.0-py3-none-any.whl (18 kB)
#10 7.506 Downloading typing_extensions-4.14.1-py3-none-any.whl (43 kB)
#10 7.528 Downloading typing_inspection-0.4.1-py3-none-any.whl (14 kB)
#10 7.550 Downloading tzdata-2025.2-py2.py3-none-any.whl (347 kB)
#10 7.575 Downloading httptools-0.6.4-cp313-cp313-manylinux_2_17_aarch64.manylinux2014_aarch64.whl (473 kB)
#10 7.598 Downloading python_dotenv-1.1.1-py3-none-any.whl (20 kB)
#10 7.621 Downloading PyYAML-6.0.2-cp313-cp313-manylinux_2_17_aarch64.manylinux2014_aarch64.whl (733 kB)
#10 7.626    â”â”â”â”â”â”â”â”â”â”â”â”â”â”â”â”â”â”â”â”â”â”â”â”â”â”â”â”â”â”â”â”â”â”â”â”â”â”â”â” 733.4/733.4 kB 534.4 MB/s  0:00:00
#10 7.651 Downloading uvloop-0.21.0-cp313-cp313-manylinux_2_17_aarch64.manylinux2014_aarch64.whl (4.6 MB)
#10 7.673    â”â”â”â”â”â”â”â”â”â”â”â”â”â”â”â”â”â”â”â”â”â”â”â”â”â”â”â”â”â”â”â”â”â”â”â”â”â”â”â” 4.6/4.6 MB 231.8 MB/s  0:00:00
#10 7.692 Downloading watchfiles-1.1.0-cp313-cp313-manylinux_2_17_aarch64.manylinux2014_aarch64.whl (449 kB)
#10 7.715 Downloading websockets-15.0.1-cp313-cp313-manylinux_2_17_aarch64.manylinux2014_aarch64.whl (183 kB)
#10 7.738 Downloading async_timeout-5.0.1-py3-none-any.whl (6.2 kB)
#10 7.758 Downloading pycparser-2.22-py3-none-any.whl (117 kB)
#10 7.849 Building wheels for collected packages: multitasking, peewee
#10 7.850   Building wheel for multitasking (pyproject.toml): started
#10 7.930   Building wheel for multitasking (pyproject.toml): finished with status 'done'
#10 7.931   Created wheel for multitasking: filename=multitasking-0.0.12-py3-none-any.whl size=15636 sha256=a221bd5c836f19c73619e4c8574f0ed46693489d97bf3e4227bf2bb231058741
#10 7.931   Stored in directory: /tmp/pip-ephem-wheel-cache-6sa36nkq/wheels/1e/df/0f/e2bbb22d689b30c681feb5410ab64a2523437b34c8ecfc6476
#10 7.932   Building wheel for peewee (pyproject.toml): started
#10 8.026   Building wheel for peewee (pyproject.toml): finished with status 'done'
#10 8.027   Created wheel for peewee: filename=peewee-3.18.2-py3-none-any.whl size=139106 sha256=52717bbe118c34429d25632b53b25e0291e7092a266766e5cf3e8e32c89f69aa
#10 8.027   Stored in directory: /tmp/pip-ephem-wheel-cache-6sa36nkq/wheels/1c/48/cc/00b7d0e7defa21a58915654917c89eaedd32a6e614d8e4ad92
#10 8.028 Successfully built multitasking peewee
#10 8.078 Installing collected packages: pytz, peewee, multitasking, websockets, uvloop, urllib3, tzdata, typing-extensions, threadpoolctl, soupsieve, sniffio, six, redis, pyyaml, python-dotenv, pycparser, psutil, protobuf, prometheus-client, platformdirs, numpy, joblib, idna, httptools, h11, greenlet, frozendict, click, charset_normalizer, certifi, asyncpg, async-timeout, annotated-types, aiofiles, uvicorn, typing-inspection, sqlalchemy, scipy, requests, python-dateutil, pydantic-core, cffi, beautifulsoup4, anyio, aioredis, watchfiles, starlette, scikit-learn, pydantic, pandas, curl_cffi, yfinance, fastapi
#10 15.58 
#10 15.58 Successfully installed aiofiles-24.1.0 aioredis-2.0.1 annotated-types-0.7.0 anyio-4.10.0 async-timeout-5.0.1 asyncpg-0.30.0 beautifulsoup4-4.13.4 certifi-2025.8.3 cffi-1.17.1 charset_normalizer-3.4.3 click-8.2.1 curl_cffi-0.13.0 fastapi-0.116.1 frozendict-2.4.6 greenlet-3.2.4 h11-0.16.0 httptools-0.6.4 idna-3.10 joblib-1.5.1 multitasking-0.0.12 numpy-2.3.2 pandas-2.3.2 peewee-3.18.2 platformdirs-4.3.8 prometheus-client-0.22.1 protobuf-6.32.0 psutil-7.0.0 pycparser-2.22 pydantic-2.11.7 pydantic-core-2.33.2 python-dateutil-2.9.0.post0 python-dotenv-1.1.1 pytz-2025.2 pyyaml-6.0.2 redis-6.4.0 requests-2.32.5 scikit-learn-1.7.1 scipy-1.16.1 six-1.17.0 sniffio-1.3.1 soupsieve-2.7 sqlalchemy-2.0.43 starlette-0.47.2 threadpoolctl-3.6.0 typing-extensions-4.14.1 typing-inspection-0.4.1 tzdata-2025.2 urllib3-2.5.0 uvicorn-0.35.0 uvloop-0.21.0 watchfiles-1.1.0 websockets-15.0.1 yfinance-0.2.65
#10 15.58 WARNING: Running pip as the 'root' user can result in broken permissions and conflicting behaviour with the system package manager, possibly rendering your system unusable. It is recommended to use a virtual environment instead: https://pip.pypa.io/warnings/venv. Use the --root-user-action option if you know what you are doing and want to suppress this warning.
#10 DONE 15.9s

#11 [6/8] COPY enhanced_messagebus_client.py .
#11 DONE 0.0s

#12 [7/8] COPY factor_engine.py .
#12 DONE 0.0s

#13 [8/8] RUN useradd -m -u 1000 factor &&     chown -R factor:factor /app
#13 DONE 0.1s

#14 exporting to image
#14 exporting layers
#14 exporting layers 11.0s done
#14 exporting manifest sha256:30adbc35ca60092a07aa5a404abfb1e576a15ca55c0e7c8e8bac9d51ba7591d3 done
#14 exporting config sha256:c92e877ba429467a1f8146648485935e6f92b9f775e48fa699b85ce36e636572 done
#14 exporting attestation manifest sha256:b69ff70e8ffea4c194923bdec5e2ad78199693e3ab8e1973a1880a012a5f5029 0.0s done
#14 exporting manifest list sha256:1d048425d959f8e16a08f76b7089ae1964dfb1a808ec816e3f8d179d490bc5b9 done
#14 naming to docker.io/library/nautilus-factor-engine:m4max done
#14 unpacking to docker.io/library/nautilus-factor-engine:m4max
#14 unpacking to docker.io/library/nautilus-factor-engine:m4max 3.4s done
#14 DONE 14.4s

#15 resolving provenance for metadata file
#15 DONE 0.0s
 nautilus-factor-engine:m4max  Built
 Container nautilus-redis  Running
 Container nautilus-postgres  Running
 Container nautilus-factor-engine  Creating
 Container nautilus-factor-engine  Created
 Container nautilus-factor-engine  Starting
 Container nautilus-factor-engine  Started
[0;34m[08:35:18][0m Waiting for nautilus-factor-engine to be healthy...
[0;32m[08:35:18] âœ“[0m nautilus-factor-engine is healthy
[0;32m[08:35:18] âœ“[0m factor-engine started successfully
[0;34m[08:35:18][0m Starting strategy-engine...
 strategy-engine Pulling 
 strategy-engine Warning pull access denied for nautilus-strategy-engine, repository does not exist or may require 'docker login'
#1 [internal] load local bake definitions
#1 reading from stdin 653B done
#1 DONE 0.0s

#2 [internal] load build definition from Dockerfile
#2 transferring dockerfile: 1.58kB done
#2 DONE 0.0s

#3 [internal] load metadata for docker.io/library/python:3.13-slim-bookworm
#3 DONE 0.8s

#4 [internal] load .dockerignore
#4 transferring context: 2B done
#4 DONE 0.0s

#5 [1/8] FROM docker.io/library/python:3.13-slim-bookworm@sha256:9b8102b7b3a61db24fe58f335b526173e5aeaaf7d13b2fbfb514e20f84f5e386
#5 resolve docker.io/library/python:3.13-slim-bookworm@sha256:9b8102b7b3a61db24fe58f335b526173e5aeaaf7d13b2fbfb514e20f84f5e386 done
#5 DONE 0.0s

#6 [internal] load build context
#6 transferring context: 134B done
#6 DONE 0.0s

#7 [6/8] COPY enhanced_messagebus_client.py .
#7 CACHED

#8 [7/8] COPY simple_strategy_engine.py .
#8 CACHED

#9 [2/8] WORKDIR /app
#9 CACHED

#10 [4/8] COPY requirements.txt .
#10 CACHED

#11 [3/8] RUN apt-get update && apt-get install -y     gcc     g++     git     curl     && rm -rf /var/lib/apt/lists/*
#11 CACHED

#12 [5/8] RUN pip install --no-cache-dir --upgrade pip &&     pip install --no-cache-dir -r requirements.txt
#12 CACHED

#13 [8/8] RUN useradd -m -u 1000 strategy &&     chown -R strategy:strategy /app
#13 CACHED

#14 exporting to image
#14 exporting layers done
#14 exporting manifest sha256:65b883580be3f6a928421c89046b101142fd6c57f2ed0c2da544f306b58ffbeb done
#14 exporting config sha256:c1f3a4f5a949b48bc903df6b19ff92bc24bdb82625b0aded14b04897d7342ca5 done
#14 exporting attestation manifest sha256:8a813d60c1f8a4787836403a1e777c4abac1fe0825daf17fff27bad46c733eca done
#14 exporting manifest list sha256:3e43d44e966106c50352ac61569a5e7a5393e7da9cf0d9e80ea5332988af63ca done
#14 naming to docker.io/library/nautilus-strategy-engine:m4max done
#14 unpacking to docker.io/library/nautilus-strategy-engine:m4max done
#14 DONE 0.0s

#15 resolving provenance for metadata file
#15 DONE 0.0s
 nautilus-strategy-engine:m4max  Built
 Container nautilus-redis  Running
 Container nautilus-postgres  Running
 Container nautilus-strategy-engine  Creating
 Container nautilus-strategy-engine  Created
 Container nautilus-strategy-engine  Starting
 Container nautilus-strategy-engine  Started
[0;34m[08:35:30][0m Waiting for nautilus-strategy-engine to be healthy...
[0;32m[08:35:30] âœ“[0m nautilus-strategy-engine is healthy
[0;32m[08:35:30] âœ“[0m strategy-engine started successfully
[0;34m[08:35:30][0m Starting portfolio-engine...
 portfolio-engine Pulling 
 portfolio-engine Warning pull access denied for nautilus-portfolio-engine, repository does not exist or may require 'docker login'
#1 [internal] load local bake definitions
#1 reading from stdin 659B done
#1 DONE 0.0s

#2 [internal] load build definition from Dockerfile
#2 transferring dockerfile: 1.62kB done
#2 DONE 0.0s

#3 [internal] load metadata for docker.io/library/python:3.13-slim-bookworm
#3 DONE 0.2s

#4 [internal] load .dockerignore
#4 transferring context: 2B done
#4 DONE 0.0s

#5 [1/8] FROM docker.io/library/python:3.13-slim-bookworm@sha256:9b8102b7b3a61db24fe58f335b526173e5aeaaf7d13b2fbfb514e20f84f5e386
#5 resolve docker.io/library/python:3.13-slim-bookworm@sha256:9b8102b7b3a61db24fe58f335b526173e5aeaaf7d13b2fbfb514e20f84f5e386 done
#5 DONE 0.0s

#6 [internal] load build context
#6 transferring context: 135B done
#6 DONE 0.0s

#7 [3/8] RUN apt-get update && apt-get install -y     gcc     g++     libblas-dev     liblapack-dev     libatlas-base-dev     gfortran     pkg-config     curl     && rm -rf /var/lib/apt/lists/*
#7 CACHED

#8 [2/8] WORKDIR /app
#8 CACHED

#9 [4/8] COPY requirements.txt .
#9 CACHED

#10 [7/8] COPY simple_portfolio_engine.py .
#10 CACHED

#11 [5/8] RUN pip install --no-cache-dir --upgrade pip &&     pip install --no-cache-dir -r requirements.txt
#11 CACHED

#12 [6/8] COPY enhanced_messagebus_client.py .
#12 CACHED

#13 [8/8] RUN useradd -m -u 1000 portfolio &&     chown -R portfolio:portfolio /app
#13 CACHED

#14 exporting to image
#14 exporting layers done
#14 exporting manifest sha256:fb0358e2954b2285a8f5dd0113a89ed6e6b2e059b368ee0da3c98d336e4096e3 done
#14 exporting config sha256:64eb3cf08fe9014a17f3f6a07b9a055eb852fd51cdf95a334aff55240905667a done
#14 exporting attestation manifest sha256:d9ba5ac225276ec62388ae1ab22e50ee48c52a4935bb668bc8843e2f50d055ce done
#14 exporting manifest list sha256:c8f577470a03731496db4da9298e3fff2d6904cf4c036cc0fe87327d7e9f3813 done
#14 naming to docker.io/library/nautilus-portfolio-engine:m4max done
#14 unpacking to docker.io/library/nautilus-portfolio-engine:m4max done
#14 DONE 0.0s

#15 resolving provenance for metadata file
#15 DONE 0.0s
 nautilus-portfolio-engine:m4max  Built
 Container nautilus-postgres  Running
 Container nautilus-redis  Running
 Container nautilus-portfolio-engine  Creating
 Container nautilus-portfolio-engine  Created
 Container nautilus-portfolio-engine  Starting
 Container nautilus-portfolio-engine  Started
[0;34m[08:35:41][0m Waiting for nautilus-portfolio-engine to be healthy...
[0;32m[08:35:41] âœ“[0m nautilus-portfolio-engine is healthy
[0;32m[08:35:41] âœ“[0m portfolio-engine started successfully
[0;32m[08:35:41] âœ“[0m Phase 3 completed - Processing engines deployed
[0;34m[08:35:41][0m Phase 4: Starting frontend services...
 Container nautilus-redis  Running
 Container nautilus-postgres  Running
 Container nautilus-backend  Running
 Container nautilus-frontend  Creating
 Container nautilus-frontend  Created
 Container nautilus-frontend  Starting
 Container nautilus-frontend  Started
 Container nautilus-redis  Running
 Container nautilus-postgres  Running
 Container nautilus-backend  Running
 Container nautilus-frontend  Running
 Container nautilus-nginx  Creating
 Container nautilus-nginx  Created
 Container nautilus-nginx  Starting
 Container nautilus-nginx  Started
[0;32m[08:36:13] âœ“[0m Frontend is responding
[0;32m[08:36:13] âœ“[0m Nginx proxy is responding
[0;32m[08:36:13] âœ“[0m Phase 4 completed - Frontend services ready
[0;34m[08:36:13][0m Setting up resource monitoring...
[0;32m[08:36:13] âœ“[0m Resource monitoring started

[0;34m[08:36:13][0m Performing final validation...
[0;34m[08:36:23][0m Validating M4 Max optimized deployment...
[0;34m[08:36:23][0m Container status check:
[0;31m[08:36:24] âœ—[0m   nautilus-analytics-engine: 3
[0;31m[08:36:24] âœ—[0m   nautilus-backend: backend
[0;31m[08:36:24] âœ—[0m   nautilus-factor-engine: About
[0;31m[08:36:24] âœ—[0m   nautilus-features-engine: 3
[0;31m[08:36:24] âœ—[0m   nautilus-frontend: seconds
[0;31m[08:36:24] âœ—[0m   nautilus-grafana: minutes
[0;31m[08:36:24] âœ—[0m   nautilus-marketdata-engine: 4
[0;31m[08:36:24] âœ—[0m   nautilus-nginx: seconds
[0;31m[08:36:24] âœ—[0m   nautilus-portfolio-engine: 53
[0;31m[08:36:24] âœ—[0m   nautilus-postgres: minutes
[0;31m[08:36:24] âœ—[0m   nautilus-prometheus: 6
[0;31m[08:36:24] âœ—[0m   nautilus-redis: minutes
[0;31m[08:36:24] âœ—[0m   nautilus-strategy-engine: About
[0;31m[08:36:24] âœ—[0m   nautilus-websocket-engine: 4
[0;34m[08:36:24][0m Health endpoint validation:
[1;33m[08:36:24] âš [0m   //localhost:8001/health:Backend API: Not responding
[1;33m[08:36:24] âš [0m   //localhost:8100/health:Analytics Engine: Not responding
[1;33m[08:36:24] âš [0m   //localhost:8200/health:Risk Engine: Not responding
[1;33m[08:36:24] âš [0m   //localhost:8300/health:Factor Engine: Not responding
[1;33m[08:36:24] âš [0m   //localhost:8400/health:ML Engine: Not responding
[1;33m[08:36:24] âš [0m   //localhost:8500/health:Features Engine: Not responding
[1;33m[08:36:24] âš [0m   //localhost:8600/health:WebSocket Engine: Not responding
[1;33m[08:36:24] âš [0m   //localhost:8700/health:Strategy Engine: Not responding
[1;33m[08:36:24] âš [0m   //localhost:8800/health:MarketData Engine: Not responding
[1;33m[08:36:24] âš [0m   //localhost:8900/health:Portfolio Engine: Not responding
[0;34m[08:36:24][0m Resource utilization:
CONTAINER      CPU %     MEM USAGE / LIMIT
87532145f3bc   0.00%     2.984MiB / 512MiB
8747e391e851   5.96%     889.1MiB / 2GiB
94586fa7a0c4   0.16%     47.87MiB / 12GiB
ef9aec7977b5   1.48%     44.6MiB / 4GiB
2f16c0a96ae3   0.18%     69.04MiB / 12GiB
db1809509442   0.11%     87.45MiB / 6GiB
3529dfbf29c6   0.11%     44.27MiB / 6GiB
ad3b7f970806   1.54%     38.61MiB / 3GiB
f290fdf9cc57   0.12%     47.35MiB / 4GiB
83e3b537bed3   0.16%     115.8MiB / 1GiB
a73a05d7bd32   0.20%     35.28MiB / 2GiB
39837f1acba0   0.91%     282MiB / 4GiB
a883d24d2030   0.85%     11MiB / 1GiB
8c7ed7ccf6ce   0.01%     67.74MiB / 8GiB

[1;33m[08:36:26] âš [0m Deployment completed with 24 issues out of 14 services
[0;34m[08:36:26][0m Check logs for failed services: docker-compose logs [service_name]

[0;32m========================================[0m
[0;32m M4 Max Deployment Complete! [0m
[0;32m========================================[0m
Access points:
  â€¢ Frontend:    http://localhost:3000
  â€¢ Backend API: http://localhost:8001
  â€¢ Nginx Proxy: http://localhost:80
  â€¢ Grafana:     http://localhost:3002 (admin/admin123)
  â€¢ Prometheus:  http://localhost:9090

Engine Health Checks:
  â€¢ Analytics:   http://localhost:8100/health
  â€¢ Risk:        http://localhost:8200/health
  â€¢ Factor:      http://localhost:8300/health
  â€¢ ML:          http://localhost:8400/health
  â€¢ Features:    http://localhost:8500/health
  â€¢ WebSocket:   http://localhost:8600/health
  â€¢ Strategy:    http://localhost:8700/health
  â€¢ MarketData:  http://localhost:8800/health
  â€¢ Portfolio:   http://localhost:8900/health

Monitoring:
  â€¢ Startup Log: /Users/savusilviu/Desktop/SilviuCorneliuSavu/Nautilus/m4max-startup.log
  â€¢ Thermal Log: /Users/savusilviu/Desktop/SilviuCorneliuSavu/Nautilus/thermal-monitor.log
  â€¢ Resource Log: /Users/savusilviu/Desktop/SilviuCorneliuSavu/Nautilus/resource-alerts.log

[0;32m[08:36:26] âœ“[0m M4 Max optimized Nautilus platform is ready for trading!
